mode: set
github.com/dianlight/srat/service/addons_service.go:51.91,52.32 1 1
github.com/dianlight/srat/service/addons_service.go:52.32,54.3 1 1
github.com/dianlight/srat/service/addons_service.go:55.2,62.10 2 1
github.com/dianlight/srat/service/addons_service.go:66.71,68.66 1 1
github.com/dianlight/srat/service/addons_service.go:68.66,69.60 1 1
github.com/dianlight/srat/service/addons_service.go:69.60,71.4 1 1
github.com/dianlight/srat/service/addons_service.go:75.2,79.66 3 1
github.com/dianlight/srat/service/addons_service.go:79.66,80.60 1 0
github.com/dianlight/srat/service/addons_service.go:80.60,82.4 1 0
github.com/dianlight/srat/service/addons_service.go:85.2,85.27 1 1
github.com/dianlight/srat/service/addons_service.go:85.27,87.3 1 1
github.com/dianlight/srat/service/addons_service.go:89.2,90.16 2 1
github.com/dianlight/srat/service/addons_service.go:90.16,92.3 1 1
github.com/dianlight/srat/service/addons_service.go:94.2,94.40 1 1
github.com/dianlight/srat/service/addons_service.go:94.40,95.121 1 1
github.com/dianlight/srat/service/addons_service.go:95.121,97.4 1 0
github.com/dianlight/srat/service/addons_service.go:98.3,98.116 1 1
github.com/dianlight/srat/service/addons_service.go:101.2,101.25 1 1
github.com/dianlight/srat/service/addons_service.go:101.25,103.3 1 1
github.com/dianlight/srat/service/addons_service.go:105.2,108.19 3 1
github.com/dianlight/srat/service/broadcaster_service.go:44.40,54.2 1 0
github.com/dianlight/srat/service/broadcaster_service.go:56.65,57.40 1 0
github.com/dianlight/srat/service/broadcaster_service.go:57.40,59.3 1 0
github.com/dianlight/srat/service/broadcaster_service.go:60.2,66.12 4 0
github.com/dianlight/srat/service/broadcaster_service.go:69.64,70.58 1 0
github.com/dianlight/srat/service/broadcaster_service.go:70.58,72.3 1 0
github.com/dianlight/srat/service/broadcaster_service.go:75.2,75.25 1 0
github.com/dianlight/srat/service/broadcaster_service.go:76.19,77.62 1 0
github.com/dianlight/srat/service/broadcaster_service.go:77.62,79.4 1 0
github.com/dianlight/srat/service/broadcaster_service.go:80.3,80.68 1 0
github.com/dianlight/srat/service/broadcaster_service.go:80.68,82.4 1 0
github.com/dianlight/srat/service/broadcaster_service.go:83.18,84.63 1 0
github.com/dianlight/srat/service/broadcaster_service.go:84.63,86.4 1 0
github.com/dianlight/srat/service/broadcaster_service.go:87.3,87.69 1 0
github.com/dianlight/srat/service/broadcaster_service.go:87.69,89.4 1 0
github.com/dianlight/srat/service/broadcaster_service.go:90.23,91.68 1 0
github.com/dianlight/srat/service/broadcaster_service.go:91.68,93.4 1 0
github.com/dianlight/srat/service/broadcaster_service.go:94.22,95.69 1 0
github.com/dianlight/srat/service/broadcaster_service.go:95.69,97.4 1 0
github.com/dianlight/srat/service/broadcaster_service.go:98.24,99.67 1 0
github.com/dianlight/srat/service/broadcaster_service.go:99.67,101.4 1 0
github.com/dianlight/srat/service/broadcaster_service.go:102.23,103.68 1 0
github.com/dianlight/srat/service/broadcaster_service.go:103.68,105.4 1 0
github.com/dianlight/srat/service/broadcaster_service.go:106.31,107.74 1 0
github.com/dianlight/srat/service/broadcaster_service.go:107.74,109.4 1 0
github.com/dianlight/srat/service/broadcaster_service.go:110.30,111.75 1 0
github.com/dianlight/srat/service/broadcaster_service.go:111.75,113.4 1 0
github.com/dianlight/srat/service/broadcaster_service.go:114.10,115.127 1 0
github.com/dianlight/srat/service/broadcaster_service.go:122.71,136.16 7 0
github.com/dianlight/srat/service/broadcaster_service.go:136.16,138.3 1 0
github.com/dianlight/srat/service/broadcaster_service.go:140.2,140.6 1 0
github.com/dianlight/srat/service/broadcaster_service.go:140.6,141.10 1 0
github.com/dianlight/srat/service/broadcaster_service.go:142.28,144.10 2 0
github.com/dianlight/srat/service/broadcaster_service.go:145.33,147.48 1 0
github.com/dianlight/srat/service/broadcaster_service.go:147.48,148.13 1 0
github.com/dianlight/srat/service/broadcaster_service.go:151.4,156.18 2 0
github.com/dianlight/srat/service/broadcaster_service.go:156.18,164.5 2 0
github.com/dianlight/srat/service/broadcaster_service.go:172.75,186.16 7 0
github.com/dianlight/srat/service/broadcaster_service.go:186.16,188.3 1 0
github.com/dianlight/srat/service/broadcaster_service.go:190.2,190.6 1 0
github.com/dianlight/srat/service/broadcaster_service.go:190.6,191.10 1 0
github.com/dianlight/srat/service/broadcaster_service.go:192.28,194.10 2 0
github.com/dianlight/srat/service/broadcaster_service.go:195.33,197.48 1 0
github.com/dianlight/srat/service/broadcaster_service.go:197.48,198.13 1 0
github.com/dianlight/srat/service/broadcaster_service.go:201.4,205.18 2 0
github.com/dianlight/srat/service/broadcaster_service.go:205.18,208.5 2 0
github.com/dianlight/srat/service/broadcaster_service.go:213.70,227.33 2 0
github.com/dianlight/srat/service/broadcaster_service.go:227.33,229.17 2 0
github.com/dianlight/srat/service/broadcaster_service.go:229.17,232.4 2 0
github.com/dianlight/srat/service/broadcaster_service.go:232.9,232.56 1 0
github.com/dianlight/srat/service/broadcaster_service.go:232.56,234.4 1 0
github.com/dianlight/srat/service/broadcaster_service.go:236.2,236.19 1 0
github.com/dianlight/srat/service/broadcaster_service.go:241.70,242.22 1 1
github.com/dianlight/srat/service/broadcaster_service.go:243.41,244.14 1 1
github.com/dianlight/srat/service/broadcaster_service.go:245.55,246.14 1 1
github.com/dianlight/srat/service/broadcaster_service.go:247.39,248.14 1 1
github.com/dianlight/srat/service/broadcaster_service.go:249.10,250.15 1 1
github.com/dianlight/srat/service/dirty_data_service.go:30.73,36.2 5 1
github.com/dianlight/srat/service/dirty_data_service.go:39.41,40.20 1 1
github.com/dianlight/srat/service/dirty_data_service.go:40.20,42.3 1 1
github.com/dianlight/srat/service/dirty_data_service.go:43.2,43.49 1 1
github.com/dianlight/srat/service/dirty_data_service.go:43.49,45.48 2 1
github.com/dianlight/srat/service/dirty_data_service.go:45.48,48.18 3 1
github.com/dianlight/srat/service/dirty_data_service.go:48.18,50.5 1 0
github.com/dianlight/srat/service/dirty_data_service.go:52.3,52.16 1 1
github.com/dianlight/srat/service/dirty_data_service.go:57.40,58.20 1 1
github.com/dianlight/srat/service/dirty_data_service.go:58.20,61.3 2 1
github.com/dianlight/srat/service/dirty_data_service.go:64.45,67.2 2 1
github.com/dianlight/srat/service/dirty_data_service.go:69.46,72.2 2 1
github.com/dianlight/srat/service/dirty_data_service.go:74.44,77.2 2 1
github.com/dianlight/srat/service/dirty_data_service.go:79.47,82.2 2 1
github.com/dianlight/srat/service/dirty_data_service.go:85.71,87.2 1 1
github.com/dianlight/srat/service/dirty_data_service.go:90.73,92.2 1 1
github.com/dianlight/srat/service/dirty_data_service.go:95.47,98.2 2 1
github.com/dianlight/srat/service/dirty_data_service.go:101.50,103.2 1 1
github.com/dianlight/srat/service/disk_stats_service.go:40.155,45.38 3 0
github.com/dianlight/srat/service/disk_stats_service.go:45.38,47.17 2 0
github.com/dianlight/srat/service/disk_stats_service.go:47.17,49.4 1 0
github.com/dianlight/srat/service/disk_stats_service.go:52.2,64.44 2 0
github.com/dianlight/srat/service/disk_stats_service.go:64.44,66.56 2 0
github.com/dianlight/srat/service/disk_stats_service.go:66.56,68.5 1 0
github.com/dianlight/srat/service/disk_stats_service.go:69.4,70.14 2 0
github.com/dianlight/srat/service/disk_stats_service.go:70.14,73.5 2 0
github.com/dianlight/srat/service/disk_stats_service.go:74.4,74.14 1 0
github.com/dianlight/srat/service/disk_stats_service.go:77.2,77.11 1 0
github.com/dianlight/srat/service/disk_stats_service.go:80.43,81.6 1 0
github.com/dianlight/srat/service/disk_stats_service.go:81.6,82.10 1 0
github.com/dianlight/srat/service/disk_stats_service.go:83.26,85.43 2 0
github.com/dianlight/srat/service/disk_stats_service.go:86.39,88.56 2 0
github.com/dianlight/srat/service/disk_stats_service.go:88.56,90.13 2 0
github.com/dianlight/srat/service/disk_stats_service.go:96.55,101.16 4 1
github.com/dianlight/srat/service/disk_stats_service.go:101.16,102.41 1 1
github.com/dianlight/srat/service/disk_stats_service.go:102.41,104.4 1 0
github.com/dianlight/srat/service/disk_stats_service.go:105.3,106.24 2 1
github.com/dianlight/srat/service/disk_stats_service.go:109.2,119.30 2 1
github.com/dianlight/srat/service/disk_stats_service.go:119.30,120.29 1 1
github.com/dianlight/srat/service/disk_stats_service.go:120.29,122.12 2 1
github.com/dianlight/srat/service/disk_stats_service.go:124.3,126.17 2 0
github.com/dianlight/srat/service/disk_stats_service.go:126.17,128.4 1 0
github.com/dianlight/srat/service/disk_stats_service.go:129.3,129.35 1 0
github.com/dianlight/srat/service/disk_stats_service.go:129.35,140.56 2 0
github.com/dianlight/srat/service/disk_stats_service.go:140.56,142.5 1 0
github.com/dianlight/srat/service/disk_stats_service.go:143.4,143.58 1 0
github.com/dianlight/srat/service/disk_stats_service.go:143.58,145.5 1 0
github.com/dianlight/srat/service/disk_stats_service.go:146.4,146.62 1 0
github.com/dianlight/srat/service/disk_stats_service.go:146.62,148.5 1 0
github.com/dianlight/srat/service/disk_stats_service.go:149.4,149.64 1 0
github.com/dianlight/srat/service/disk_stats_service.go:149.64,151.5 1 0
github.com/dianlight/srat/service/disk_stats_service.go:152.4,155.42 3 0
github.com/dianlight/srat/service/disk_stats_service.go:155.42,157.5 1 0
github.com/dianlight/srat/service/disk_stats_service.go:158.4,158.27 1 0
github.com/dianlight/srat/service/disk_stats_service.go:158.27,160.5 1 0
github.com/dianlight/srat/service/disk_stats_service.go:161.4,161.34 1 0
github.com/dianlight/srat/service/disk_stats_service.go:172.9,174.4 1 0
github.com/dianlight/srat/service/disk_stats_service.go:177.3,177.29 1 0
github.com/dianlight/srat/service/disk_stats_service.go:177.29,178.42 1 0
github.com/dianlight/srat/service/disk_stats_service.go:178.42,182.27 2 0
github.com/dianlight/srat/service/disk_stats_service.go:182.27,184.6 1 0
github.com/dianlight/srat/service/disk_stats_service.go:185.5,185.25 1 0
github.com/dianlight/srat/service/disk_stats_service.go:185.25,187.6 1 0
github.com/dianlight/srat/service/disk_stats_service.go:187.11,187.44 1 0
github.com/dianlight/srat/service/disk_stats_service.go:187.44,189.6 1 0
github.com/dianlight/srat/service/disk_stats_service.go:189.11,189.30 1 0
github.com/dianlight/srat/service/disk_stats_service.go:189.30,191.6 1 0
github.com/dianlight/srat/service/disk_stats_service.go:191.11,193.6 1 0
github.com/dianlight/srat/service/disk_stats_service.go:194.5,200.25 5 0
github.com/dianlight/srat/service/disk_stats_service.go:200.25,202.24 1 0
github.com/dianlight/srat/service/disk_stats_service.go:202.24,204.7 1 0
github.com/dianlight/srat/service/disk_stats_service.go:204.12,206.7 1 0
github.com/dianlight/srat/service/disk_stats_service.go:208.5,208.75 1 0
github.com/dianlight/srat/service/disk_stats_service.go:208.75,215.59 4 0
github.com/dianlight/srat/service/disk_stats_service.go:215.59,217.25 1 0
github.com/dianlight/srat/service/disk_stats_service.go:217.25,221.8 3 0
github.com/dianlight/srat/service/disk_stats_service.go:224.5,234.62 2 0
github.com/dianlight/srat/service/disk_stats_service.go:234.62,236.6 1 0
github.com/dianlight/srat/service/disk_stats_service.go:237.5,237.114 1 0
github.com/dianlight/srat/service/disk_stats_service.go:242.2,243.12 2 1
github.com/dianlight/srat/service/disk_stats_service.go:247.71,250.32 3 1
github.com/dianlight/srat/service/disk_stats_service.go:250.32,252.3 1 1
github.com/dianlight/srat/service/disk_stats_service.go:253.2,253.33 1 0
github.com/dianlight/srat/service/disk_stats_service.go:256.64,257.33 1 0
github.com/dianlight/srat/service/disk_stats_service.go:258.88,259.14 1 0
github.com/dianlight/srat/service/disk_stats_service.go:260.10,261.15 1 0
github.com/dianlight/srat/service/disk_stats_service.go:265.109,266.35 1 1
github.com/dianlight/srat/service/disk_stats_service.go:266.35,268.3 1 0
github.com/dianlight/srat/service/disk_stats_service.go:270.2,271.30 2 1
github.com/dianlight/srat/service/disk_stats_service.go:271.30,273.3 1 1
github.com/dianlight/srat/service/disk_stats_service.go:275.2,275.39 1 1
github.com/dianlight/srat/service/disk_stats_service.go:275.39,277.3 1 0
github.com/dianlight/srat/service/disk_stats_service.go:279.2,279.39 1 1
github.com/dianlight/srat/service/disk_stats_service.go:279.39,281.3 1 1
github.com/dianlight/srat/service/disk_stats_service.go:283.2,283.14 1 1
github.com/dianlight/srat/service/disk_stats_service.go:286.78,287.52 1 1
github.com/dianlight/srat/service/disk_stats_service.go:287.52,288.20 1 1
github.com/dianlight/srat/service/disk_stats_service.go:288.20,290.4 1 1
github.com/dianlight/srat/service/disk_stats_service.go:291.3,291.23 1 1
github.com/dianlight/srat/service/disk_stats_service.go:291.23,293.4 1 1
github.com/dianlight/srat/service/disk_stats_service.go:294.3,294.30 1 1
github.com/dianlight/srat/service/disk_stats_service.go:294.30,295.20 1 1
github.com/dianlight/srat/service/disk_stats_service.go:295.20,297.5 1 1
github.com/dianlight/srat/service/disk_stats_service.go:298.4,298.53 1 1
github.com/dianlight/srat/service/disk_stats_service.go:298.53,300.5 1 1
github.com/dianlight/srat/service/disk_stats_service.go:304.2,307.27 3 1
github.com/dianlight/srat/service/disk_stats_service.go:310.60,311.58 1 1
github.com/dianlight/srat/service/disk_stats_service.go:311.58,312.20 1 1
github.com/dianlight/srat/service/disk_stats_service.go:312.20,314.4 1 1
github.com/dianlight/srat/service/disk_stats_service.go:315.3,315.30 1 1
github.com/dianlight/srat/service/disk_stats_service.go:315.30,316.72 1 1
github.com/dianlight/srat/service/disk_stats_service.go:316.72,318.5 1 0
github.com/dianlight/srat/service/disk_stats_service.go:319.4,319.64 1 1
github.com/dianlight/srat/service/disk_stats_service.go:319.64,321.5 1 0
github.com/dianlight/srat/service/disk_stats_service.go:323.3,323.15 1 1
github.com/dianlight/srat/service/disk_stats_service.go:326.2,326.83 1 1
github.com/dianlight/srat/service/disk_stats_service.go:329.46,332.35 3 0
github.com/dianlight/srat/service/disk_stats_service.go:332.35,333.39 1 0
github.com/dianlight/srat/service/disk_stats_service.go:333.39,335.4 1 0
github.com/dianlight/srat/service/disk_stats_service.go:337.2,337.14 1 0
github.com/dianlight/srat/service/disk_stats_service.go:340.87,342.18 2 1
github.com/dianlight/srat/service/disk_stats_service.go:342.18,344.3 1 0
github.com/dianlight/srat/service/disk_stats_service.go:346.2,346.33 1 1
github.com/dianlight/srat/service/disk_stats_service.go:347.30,348.90 1 1
github.com/dianlight/srat/service/disk_stats_service.go:348.90,350.4 1 1
github.com/dianlight/srat/service/disk_stats_service.go:351.3,352.62 2 1
github.com/dianlight/srat/service/disk_stats_service.go:352.62,354.4 1 0
github.com/dianlight/srat/service/disk_stats_service.go:355.3,355.63 1 1
github.com/dianlight/srat/service/disk_stats_service.go:355.63,357.4 1 0
github.com/dianlight/srat/service/disk_stats_service.go:358.13,359.69 1 0
github.com/dianlight/srat/service/disk_stats_service.go:359.69,361.4 1 0
github.com/dianlight/srat/service/disk_stats_service.go:362.3,363.57 2 0
github.com/dianlight/srat/service/disk_stats_service.go:363.57,365.4 1 0
github.com/dianlight/srat/service/disk_stats_service.go:366.14,367.81 1 0
github.com/dianlight/srat/service/disk_stats_service.go:367.81,369.4 1 0
github.com/dianlight/srat/service/disk_stats_service.go:372.2,372.14 1 1
github.com/dianlight/srat/service/disk_stats_service.go:375.90,378.16 3 1
github.com/dianlight/srat/service/disk_stats_service.go:378.16,380.3 1 0
github.com/dianlight/srat/service/disk_stats_service.go:381.2,382.35 2 1
github.com/dianlight/srat/service/disk_stats_service.go:382.35,383.39 1 1
github.com/dianlight/srat/service/disk_stats_service.go:383.39,385.4 1 1
github.com/dianlight/srat/service/disk_stats_service.go:387.2,387.14 1 1
github.com/dianlight/srat/service/disk_stats_service.go:390.61,392.16 2 1
github.com/dianlight/srat/service/disk_stats_service.go:392.16,394.3 1 1
github.com/dianlight/srat/service/disk_stats_service.go:395.2,395.19 1 0
github.com/dianlight/srat/service/disk_stats_service.go:395.19,397.3 1 0
github.com/dianlight/srat/service/disk_stats_service.go:398.2,398.34 1 0
github.com/dianlight/srat/service/disk_stats_service.go:399.29,400.15 1 0
github.com/dianlight/srat/service/disk_stats_service.go:401.10,402.14 1 0
github.com/dianlight/srat/service/disk_stats_service.go:406.64,408.16 2 1
github.com/dianlight/srat/service/disk_stats_service.go:408.16,410.3 1 1
github.com/dianlight/srat/service/disk_stats_service.go:411.2,411.19 1 0
github.com/dianlight/srat/service/disk_stats_service.go:411.19,413.3 1 0
github.com/dianlight/srat/service/disk_stats_service.go:414.2,414.64 1 0
github.com/dianlight/srat/service/disk_stats_service.go:414.64,416.3 1 0
github.com/dianlight/srat/service/disk_stats_service.go:417.2,417.13 1 0
github.com/dianlight/srat/service/disk_stats_service.go:420.69,421.23 1 1
github.com/dianlight/srat/service/disk_stats_service.go:421.23,423.3 1 0
github.com/dianlight/srat/service/disk_stats_service.go:424.2,425.16 2 1
github.com/dianlight/srat/service/disk_stats_service.go:425.16,427.3 1 1
github.com/dianlight/srat/service/disk_stats_service.go:428.2,428.45 1 1
github.com/dianlight/srat/service/disk_stats_service.go:431.54,432.17 1 1
github.com/dianlight/srat/service/disk_stats_service.go:432.17,434.3 1 0
github.com/dianlight/srat/service/disk_stats_service.go:435.2,435.66 1 1
github.com/dianlight/srat/service/disk_stats_service.go:435.66,437.3 1 1
github.com/dianlight/srat/service/disk_stats_service.go:438.2,438.66 1 0
github.com/dianlight/srat/service/disk_stats_service.go:438.66,440.3 1 0
github.com/dianlight/srat/service/disk_stats_service.go:441.2,441.54 1 0
github.com/dianlight/srat/service/disk_stats_service.go:441.54,443.3 1 0
github.com/dianlight/srat/service/disk_stats_service.go:444.2,444.11 1 0
github.com/dianlight/srat/service/disk_stats_service.go:447.45,452.2 4 1
github.com/dianlight/srat/service/filesystem_service.go:231.75,234.46 2 1
github.com/dianlight/srat/service/filesystem_service.go:234.46,236.3 1 1
github.com/dianlight/srat/service/filesystem_service.go:238.2,239.35 2 1
github.com/dianlight/srat/service/filesystem_service.go:239.35,241.3 1 1
github.com/dianlight/srat/service/filesystem_service.go:242.2,242.54 1 1
github.com/dianlight/srat/service/filesystem_service.go:242.54,243.29 1 1
github.com/dianlight/srat/service/filesystem_service.go:243.29,246.60 2 1
github.com/dianlight/srat/service/filesystem_service.go:246.60,248.5 1 1
github.com/dianlight/srat/service/filesystem_service.go:252.2,259.10 2 1
github.com/dianlight/srat/service/filesystem_service.go:263.81,265.44 2 1
github.com/dianlight/srat/service/filesystem_service.go:265.44,267.82 1 1
github.com/dianlight/srat/service/filesystem_service.go:267.82,269.4 1 1
github.com/dianlight/srat/service/filesystem_service.go:271.2,271.27 1 1
github.com/dianlight/srat/service/filesystem_service.go:275.104,277.9 2 1
github.com/dianlight/srat/service/filesystem_service.go:277.9,280.3 1 1
github.com/dianlight/srat/service/filesystem_service.go:281.2,281.19 1 1
github.com/dianlight/srat/service/filesystem_service.go:290.116,294.32 3 1
github.com/dianlight/srat/service/filesystem_service.go:294.32,301.43 3 1
github.com/dianlight/srat/service/filesystem_service.go:301.43,306.4 1 1
github.com/dianlight/srat/service/filesystem_service.go:309.3,309.25 1 1
github.com/dianlight/srat/service/filesystem_service.go:309.25,311.54 1 1
github.com/dianlight/srat/service/filesystem_service.go:311.54,313.19 2 0
github.com/dianlight/srat/service/filesystem_service.go:313.19,319.6 2 0
github.com/dianlight/srat/service/filesystem_service.go:320.5,320.49 1 0
github.com/dianlight/srat/service/filesystem_service.go:320.49,324.6 1 0
github.com/dianlight/srat/service/filesystem_service.go:326.4,329.12 4 1
github.com/dianlight/srat/service/filesystem_service.go:332.3,332.51 1 1
github.com/dianlight/srat/service/filesystem_service.go:332.51,335.4 2 1
github.com/dianlight/srat/service/filesystem_service.go:335.9,335.48 1 1
github.com/dianlight/srat/service/filesystem_service.go:335.48,337.4 1 1
github.com/dianlight/srat/service/filesystem_service.go:337.9,337.31 1 1
github.com/dianlight/srat/service/filesystem_service.go:337.31,339.4 1 1
github.com/dianlight/srat/service/filesystem_service.go:343.2,345.42 2 1
github.com/dianlight/srat/service/filesystem_service.go:349.101,355.53 2 1
github.com/dianlight/srat/service/filesystem_service.go:355.53,356.18 1 1
github.com/dianlight/srat/service/filesystem_service.go:356.18,357.12 1 0
github.com/dianlight/srat/service/filesystem_service.go:359.3,359.39 1 1
github.com/dianlight/srat/service/filesystem_service.go:359.39,367.80 2 1
github.com/dianlight/srat/service/filesystem_service.go:367.80,370.5 2 1
github.com/dianlight/srat/service/filesystem_service.go:370.10,372.5 1 1
github.com/dianlight/srat/service/filesystem_service.go:373.4,373.38 1 1
github.com/dianlight/srat/service/filesystem_service.go:376.2,376.20 1 1
github.com/dianlight/srat/service/filesystem_service.go:381.93,383.16 2 1
github.com/dianlight/srat/service/filesystem_service.go:383.16,385.3 1 1
github.com/dianlight/srat/service/filesystem_service.go:387.2,389.30 2 1
github.com/dianlight/srat/service/filesystem_service.go:389.30,391.16 2 1
github.com/dianlight/srat/service/filesystem_service.go:391.16,392.12 1 1
github.com/dianlight/srat/service/filesystem_service.go:395.3,399.22 4 1
github.com/dianlight/srat/service/filesystem_service.go:399.22,402.4 2 1
github.com/dianlight/srat/service/filesystem_service.go:402.9,404.4 1 1
github.com/dianlight/srat/service/filesystem_service.go:406.3,406.76 1 1
github.com/dianlight/srat/service/filesystem_service.go:406.76,411.4 3 1
github.com/dianlight/srat/service/filesystem_service.go:411.9,413.4 1 1
github.com/dianlight/srat/service/filesystem_service.go:414.3,414.37 1 1
github.com/dianlight/srat/service/filesystem_service.go:417.2,417.20 1 1
github.com/dianlight/srat/service/filesystem_service.go:455.84,457.16 2 0
github.com/dianlight/srat/service/filesystem_service.go:457.16,458.25 1 0
github.com/dianlight/srat/service/filesystem_service.go:458.25,460.4 1 0
github.com/dianlight/srat/service/filesystem_service.go:461.3,461.106 1 0
github.com/dianlight/srat/service/filesystem_service.go:463.2,467.33 4 0
github.com/dianlight/srat/service/filesystem_service.go:467.33,472.3 1 0
github.com/dianlight/srat/service/filesystem_service.go:474.2,474.12 1 0
github.com/dianlight/srat/service/filesystem_service.go:474.12,476.3 1 0
github.com/dianlight/srat/service/filesystem_service.go:479.2,481.40 2 0
github.com/dianlight/srat/service/filesystem_service.go:481.40,484.63 2 0
github.com/dianlight/srat/service/filesystem_service.go:484.63,485.12 1 0
github.com/dianlight/srat/service/filesystem_service.go:489.3,489.67 1 0
github.com/dianlight/srat/service/filesystem_service.go:489.67,492.4 2 0
github.com/dianlight/srat/service/filesystem_service.go:495.2,496.75 2 0
github.com/dianlight/srat/service/ha_root_service.go:48.70,55.2 1 0
github.com/dianlight/srat/service/ha_root_service.go:57.67,61.26 3 1
github.com/dianlight/srat/service/ha_root_service.go:61.26,63.3 1 0
github.com/dianlight/srat/service/ha_root_service.go:66.2,66.51 1 1
github.com/dianlight/srat/service/ha_root_service.go:66.51,68.3 1 1
github.com/dianlight/srat/service/ha_root_service.go:69.2,69.21 1 1
github.com/dianlight/srat/service/ha_root_service.go:69.21,71.3 1 1
github.com/dianlight/srat/service/ha_root_service.go:72.2,73.16 2 1
github.com/dianlight/srat/service/ha_root_service.go:73.16,75.3 1 1
github.com/dianlight/srat/service/ha_root_service.go:76.2,76.81 1 1
github.com/dianlight/srat/service/ha_root_service.go:76.81,78.3 1 1
github.com/dianlight/srat/service/ha_root_service.go:79.2,80.31 2 1
github.com/dianlight/srat/service/ha_root_service.go:83.74,87.26 3 1
github.com/dianlight/srat/service/ha_root_service.go:87.26,89.3 1 0
github.com/dianlight/srat/service/ha_root_service.go:91.2,91.21 1 1
github.com/dianlight/srat/service/ha_root_service.go:91.21,93.3 1 1
github.com/dianlight/srat/service/ha_root_service.go:94.2,95.16 2 1
github.com/dianlight/srat/service/ha_root_service.go:95.16,97.3 1 1
github.com/dianlight/srat/service/ha_root_service.go:98.2,98.126 1 1
github.com/dianlight/srat/service/ha_root_service.go:98.126,100.3 1 1
github.com/dianlight/srat/service/ha_root_service.go:101.2,101.49 1 1
github.com/dianlight/srat/service/ha_root_service.go:104.48,108.21 3 1
github.com/dianlight/srat/service/ha_root_service.go:108.21,110.3 1 1
github.com/dianlight/srat/service/ha_root_service.go:111.2,112.16 2 1
github.com/dianlight/srat/service/ha_root_service.go:112.16,114.3 1 1
github.com/dianlight/srat/service/ha_root_service.go:115.2,115.30 1 1
github.com/dianlight/srat/service/ha_root_service.go:115.30,117.3 1 1
github.com/dianlight/srat/service/ha_root_service.go:118.2,118.12 1 1
github.com/dianlight/srat/service/ha_root_service.go:121.47,125.21 3 1
github.com/dianlight/srat/service/ha_root_service.go:125.21,127.3 1 0
github.com/dianlight/srat/service/ha_root_service.go:128.2,129.16 2 1
github.com/dianlight/srat/service/ha_root_service.go:129.16,131.3 1 1
github.com/dianlight/srat/service/ha_root_service.go:132.2,132.30 1 1
github.com/dianlight/srat/service/ha_root_service.go:132.30,134.3 1 1
github.com/dianlight/srat/service/ha_root_service.go:135.2,135.12 1 1
github.com/dianlight/srat/service/ha_root_service.go:138.53,139.81 1 1
github.com/dianlight/srat/service/ha_root_service.go:139.81,140.48 1 1
github.com/dianlight/srat/service/ha_root_service.go:140.48,142.4 1 1
github.com/dianlight/srat/service/ha_root_service.go:144.2,144.19 1 1
github.com/dianlight/srat/service/ha_root_service.go:147.49,149.2 1 1
github.com/dianlight/srat/service/ha_ws_service.go:51.94,59.21 2 0
github.com/dianlight/srat/service/ha_ws_service.go:59.21,62.3 2 0
github.com/dianlight/srat/service/ha_ws_service.go:64.2,64.41 1 0
github.com/dianlight/srat/service/ha_ws_service.go:64.41,65.12 1 0
github.com/dianlight/srat/service/ha_ws_service.go:65.12,67.105 1 0
github.com/dianlight/srat/service/ha_ws_service.go:67.105,70.5 2 0
github.com/dianlight/srat/service/ha_ws_service.go:71.4,71.18 1 0
github.com/dianlight/srat/service/ha_ws_service.go:71.18,73.5 1 0
github.com/dianlight/srat/service/ha_ws_service.go:73.10,75.5 1 0
github.com/dianlight/srat/service/ha_ws_service.go:78.4,78.102 1 0
github.com/dianlight/srat/service/ha_ws_service.go:78.102,81.5 2 0
github.com/dianlight/srat/service/ha_ws_service.go:82.4,82.19 1 0
github.com/dianlight/srat/service/ha_ws_service.go:82.19,84.5 1 0
github.com/dianlight/srat/service/ha_ws_service.go:84.10,86.5 1 0
github.com/dianlight/srat/service/ha_ws_service.go:87.9,89.4 1 0
github.com/dianlight/srat/service/ha_ws_service.go:92.2,93.44 1 0
github.com/dianlight/srat/service/ha_ws_service.go:93.44,95.23 1 0
github.com/dianlight/srat/service/ha_ws_service.go:95.23,96.90 1 0
github.com/dianlight/srat/service/ha_ws_service.go:96.90,97.21 1 0
github.com/dianlight/srat/service/ha_ws_service.go:98.40,100.24 2 0
github.com/dianlight/srat/service/ha_ws_service.go:101.43,103.27 2 0
github.com/dianlight/srat/service/ha_ws_service.go:106.5,106.19 1 0
github.com/dianlight/srat/service/ha_ws_service.go:106.19,108.6 1 0
github.com/dianlight/srat/service/ha_ws_service.go:108.11,110.6 1 0
github.com/dianlight/srat/service/ha_ws_service.go:111.5,112.19 2 0
github.com/dianlight/srat/service/ha_ws_service.go:112.19,115.6 2 0
github.com/dianlight/srat/service/ha_ws_service.go:118.4,118.14 1 0
github.com/dianlight/srat/service/ha_ws_service.go:120.43,121.29 1 0
github.com/dianlight/srat/service/ha_ws_service.go:121.29,124.5 2 0
github.com/dianlight/srat/service/ha_ws_service.go:125.4,125.29 1 0
github.com/dianlight/srat/service/ha_ws_service.go:125.29,128.5 2 0
github.com/dianlight/srat/service/ha_ws_service.go:129.4,129.26 1 0
github.com/dianlight/srat/service/ha_ws_service.go:129.26,133.5 2 0
github.com/dianlight/srat/service/ha_ws_service.go:134.4,134.14 1 0
github.com/dianlight/srat/service/ha_ws_service.go:138.2,138.15 1 0
github.com/dianlight/srat/service/ha_ws_service.go:143.37,147.2 3 0
github.com/dianlight/srat/service/ha_ws_service.go:150.37,154.2 3 0
github.com/dianlight/srat/service/ha_ws_service.go:157.39,161.2 3 0
github.com/dianlight/srat/service/ha_ws_service.go:164.42,168.2 3 0
github.com/dianlight/srat/service/ha_ws_service.go:174.76,181.16 5 0
github.com/dianlight/srat/service/ha_ws_service.go:181.16,185.50 3 0
github.com/dianlight/srat/service/ha_ws_service.go:185.50,187.4 1 0
github.com/dianlight/srat/service/ha_ws_service.go:188.3,190.76 3 0
github.com/dianlight/srat/service/ha_ws_service.go:195.49,201.25 5 0
github.com/dianlight/srat/service/ha_ws_service.go:201.25,202.15 1 0
github.com/dianlight/srat/service/ha_ws_service.go:202.15,203.12 1 0
github.com/dianlight/srat/service/ha_ws_service.go:206.3,206.26 1 0
github.com/dianlight/srat/service/ha_ws_service.go:206.26,207.17 1 0
github.com/dianlight/srat/service/ha_ws_service.go:207.17,210.5 1 0
github.com/dianlight/srat/service/ha_ws_service.go:211.4,211.13 1 0
github.com/dianlight/srat/service/hardware_service.go:42.28,50.2 1 0
github.com/dianlight/srat/service/hardware_service.go:52.68,55.20 2 0
github.com/dianlight/srat/service/hardware_service.go:55.20,56.48 1 0
github.com/dianlight/srat/service/hardware_service.go:56.48,57.52 1 0
github.com/dianlight/srat/service/hardware_service.go:57.52,60.5 2 0
github.com/dianlight/srat/service/hardware_service.go:62.4,63.30 2 0
github.com/dianlight/srat/service/hardware_service.go:67.2,69.34 3 0
github.com/dianlight/srat/service/hardware_service.go:69.34,70.43 1 0
github.com/dianlight/srat/service/hardware_service.go:70.43,72.4 1 0
github.com/dianlight/srat/service/hardware_service.go:73.3,73.73 1 0
github.com/dianlight/srat/service/hardware_service.go:76.2,76.120 1 0
github.com/dianlight/srat/service/hardware_service.go:76.120,80.3 3 0
github.com/dianlight/srat/service/hardware_service.go:82.2,83.51 2 0
github.com/dianlight/srat/service/hardware_service.go:83.51,84.63 1 0
github.com/dianlight/srat/service/hardware_service.go:84.63,86.12 2 0
github.com/dianlight/srat/service/hardware_service.go:88.3,90.26 3 0
github.com/dianlight/srat/service/hardware_service.go:90.26,92.12 2 0
github.com/dianlight/srat/service/hardware_service.go:94.3,94.65 1 0
github.com/dianlight/srat/service/hardware_service.go:94.65,96.12 2 0
github.com/dianlight/srat/service/hardware_service.go:100.3,100.40 1 0
github.com/dianlight/srat/service/hardware_service.go:100.40,101.55 1 0
github.com/dianlight/srat/service/hardware_service.go:101.55,103.55 2 0
github.com/dianlight/srat/service/hardware_service.go:103.55,105.14 2 0
github.com/dianlight/srat/service/hardware_service.go:109.5,109.120 1 0
github.com/dianlight/srat/service/hardware_service.go:109.120,113.25 4 0
github.com/dianlight/srat/service/hardware_service.go:113.25,114.58 1 0
github.com/dianlight/srat/service/hardware_service.go:114.58,116.8 1 0
github.com/dianlight/srat/service/hardware_service.go:116.13,118.8 1 0
github.com/dianlight/srat/service/hardware_service.go:119.12,119.33 1 0
github.com/dianlight/srat/service/hardware_service.go:119.33,121.7 1 0
github.com/dianlight/srat/service/hardware_service.go:122.6,122.14 1 0
github.com/dianlight/srat/service/hardware_service.go:126.5,126.34 1 0
github.com/dianlight/srat/service/hardware_service.go:126.34,127.47 1 0
github.com/dianlight/srat/service/hardware_service.go:127.47,129.81 2 0
github.com/dianlight/srat/service/hardware_service.go:129.81,131.16 2 0
github.com/dianlight/srat/service/hardware_service.go:133.7,133.54 1 0
github.com/dianlight/srat/service/hardware_service.go:133.54,136.36 3 0
github.com/dianlight/srat/service/hardware_service.go:136.36,137.47 1 0
github.com/dianlight/srat/service/hardware_service.go:137.47,139.10 1 0
github.com/dianlight/srat/service/hardware_service.go:139.15,139.60 1 0
github.com/dianlight/srat/service/hardware_service.go:139.60,141.10 1 0
github.com/dianlight/srat/service/hardware_service.go:142.9,142.46 1 0
github.com/dianlight/srat/service/hardware_service.go:142.46,144.10 1 0
github.com/dianlight/srat/service/hardware_service.go:146.8,147.13 2 0
github.com/dianlight/srat/service/hardware_service.go:153.3,153.29 1 0
github.com/dianlight/srat/service/hardware_service.go:156.2,156.17 1 0
github.com/dianlight/srat/service/hardware_service.go:161.52,162.20 1 0
github.com/dianlight/srat/service/hardware_service.go:162.20,164.3 1 0
github.com/dianlight/srat/service/hardware_service.go:165.2,166.47 2 0
github.com/dianlight/srat/service/homeassistant_service.go:41.95,48.2 1 1
github.com/dianlight/srat/service/homeassistant_service.go:50.74,52.31 2 1
github.com/dianlight/srat/service/homeassistant_service.go:52.31,54.3 1 1
github.com/dianlight/srat/service/homeassistant_service.go:56.2,56.73 1 1
github.com/dianlight/srat/service/homeassistant_service.go:56.73,59.3 2 0
github.com/dianlight/srat/service/homeassistant_service.go:61.2,61.30 1 1
github.com/dianlight/srat/service/homeassistant_service.go:61.30,62.48 1 1
github.com/dianlight/srat/service/homeassistant_service.go:62.48,64.4 1 0
github.com/dianlight/srat/service/homeassistant_service.go:66.3,66.29 1 1
github.com/dianlight/srat/service/homeassistant_service.go:66.29,67.47 1 1
github.com/dianlight/srat/service/homeassistant_service.go:67.47,68.66 1 1
github.com/dianlight/srat/service/homeassistant_service.go:68.66,70.6 1 0
github.com/dianlight/srat/service/homeassistant_service.go:75.2,75.12 1 1
github.com/dianlight/srat/service/homeassistant_service.go:78.85,80.31 2 1
github.com/dianlight/srat/service/homeassistant_service.go:80.31,82.3 1 1
github.com/dianlight/srat/service/homeassistant_service.go:84.2,84.74 1 1
github.com/dianlight/srat/service/homeassistant_service.go:84.74,87.3 2 1
github.com/dianlight/srat/service/homeassistant_service.go:89.2,104.31 4 1
github.com/dianlight/srat/service/homeassistant_service.go:104.31,106.3 1 1
github.com/dianlight/srat/service/homeassistant_service.go:108.2,115.16 3 1
github.com/dianlight/srat/service/homeassistant_service.go:115.16,117.3 1 0
github.com/dianlight/srat/service/homeassistant_service.go:119.2,119.30 1 1
github.com/dianlight/srat/service/homeassistant_service.go:119.30,121.3 1 0
github.com/dianlight/srat/service/homeassistant_service.go:121.9,122.3 0 1
github.com/dianlight/srat/service/homeassistant_service.go:124.2,125.12 2 1
github.com/dianlight/srat/service/homeassistant_service.go:128.99,130.31 2 1
github.com/dianlight/srat/service/homeassistant_service.go:130.31,132.3 1 1
github.com/dianlight/srat/service/homeassistant_service.go:134.2,134.74 1 1
github.com/dianlight/srat/service/homeassistant_service.go:134.74,137.3 2 0
github.com/dianlight/srat/service/homeassistant_service.go:139.2,153.27 3 1
github.com/dianlight/srat/service/homeassistant_service.go:153.27,157.3 3 1
github.com/dianlight/srat/service/homeassistant_service.go:158.2,158.27 1 1
github.com/dianlight/srat/service/homeassistant_service.go:158.27,162.3 3 1
github.com/dianlight/srat/service/homeassistant_service.go:165.2,167.27 3 1
github.com/dianlight/srat/service/homeassistant_service.go:167.27,169.3 1 1
github.com/dianlight/srat/service/homeassistant_service.go:170.2,170.27 1 1
github.com/dianlight/srat/service/homeassistant_service.go:170.27,172.3 1 1
github.com/dianlight/srat/service/homeassistant_service.go:173.2,173.28 1 1
github.com/dianlight/srat/service/homeassistant_service.go:173.28,175.3 1 0
github.com/dianlight/srat/service/homeassistant_service.go:180.2,180.23 1 1
github.com/dianlight/srat/service/homeassistant_service.go:180.23,182.3 1 1
github.com/dianlight/srat/service/homeassistant_service.go:182.8,182.29 1 0
github.com/dianlight/srat/service/homeassistant_service.go:182.29,184.3 1 0
github.com/dianlight/srat/service/homeassistant_service.go:186.2,193.16 3 1
github.com/dianlight/srat/service/homeassistant_service.go:193.16,195.3 1 0
github.com/dianlight/srat/service/homeassistant_service.go:197.2,197.30 1 1
github.com/dianlight/srat/service/homeassistant_service.go:197.30,199.3 1 0
github.com/dianlight/srat/service/homeassistant_service.go:201.2,202.12 2 1
github.com/dianlight/srat/service/homeassistant_service.go:205.79,207.31 2 0
github.com/dianlight/srat/service/homeassistant_service.go:207.31,209.3 1 0
github.com/dianlight/srat/service/homeassistant_service.go:211.2,211.72 1 0
github.com/dianlight/srat/service/homeassistant_service.go:211.72,214.3 2 0
github.com/dianlight/srat/service/homeassistant_service.go:216.2,223.29 6 0
github.com/dianlight/srat/service/homeassistant_service.go:223.29,224.29 1 0
github.com/dianlight/srat/service/homeassistant_service.go:224.29,226.47 2 0
github.com/dianlight/srat/service/homeassistant_service.go:226.47,227.40 1 0
github.com/dianlight/srat/service/homeassistant_service.go:227.40,228.51 1 0
github.com/dianlight/srat/service/homeassistant_service.go:228.51,229.23 1 0
github.com/dianlight/srat/service/homeassistant_service.go:229.23,231.8 1 0
github.com/dianlight/srat/service/homeassistant_service.go:232.7,232.39 1 0
github.com/dianlight/srat/service/homeassistant_service.go:232.39,233.53 1 0
github.com/dianlight/srat/service/homeassistant_service.go:233.53,235.9 1 0
github.com/dianlight/srat/service/homeassistant_service.go:243.2,261.16 5 0
github.com/dianlight/srat/service/homeassistant_service.go:261.16,263.3 1 0
github.com/dianlight/srat/service/homeassistant_service.go:265.2,265.30 1 0
github.com/dianlight/srat/service/homeassistant_service.go:265.30,267.3 1 0
github.com/dianlight/srat/service/homeassistant_service.go:269.2,270.12 2 0
github.com/dianlight/srat/service/homeassistant_service.go:273.68,274.20 1 1
github.com/dianlight/srat/service/homeassistant_service.go:274.20,276.3 1 0
github.com/dianlight/srat/service/homeassistant_service.go:278.2,285.34 3 1
github.com/dianlight/srat/service/homeassistant_service.go:285.34,287.3 1 0
github.com/dianlight/srat/service/homeassistant_service.go:288.2,288.23 1 1
github.com/dianlight/srat/service/homeassistant_service.go:288.23,290.3 1 1
github.com/dianlight/srat/service/homeassistant_service.go:291.2,291.24 1 1
github.com/dianlight/srat/service/homeassistant_service.go:291.24,293.3 1 1
github.com/dianlight/srat/service/homeassistant_service.go:294.2,294.24 1 1
github.com/dianlight/srat/service/homeassistant_service.go:294.24,296.3 1 0
github.com/dianlight/srat/service/homeassistant_service.go:297.2,297.22 1 1
github.com/dianlight/srat/service/homeassistant_service.go:297.22,300.3 2 1
github.com/dianlight/srat/service/homeassistant_service.go:301.2,301.31 1 1
github.com/dianlight/srat/service/homeassistant_service.go:301.31,303.3 1 0
github.com/dianlight/srat/service/homeassistant_service.go:304.2,304.27 1 1
github.com/dianlight/srat/service/homeassistant_service.go:304.27,306.3 1 1
github.com/dianlight/srat/service/homeassistant_service.go:307.2,307.27 1 1
github.com/dianlight/srat/service/homeassistant_service.go:307.27,309.3 1 0
github.com/dianlight/srat/service/homeassistant_service.go:311.2,312.28 2 1
github.com/dianlight/srat/service/homeassistant_service.go:312.28,314.3 1 1
github.com/dianlight/srat/service/homeassistant_service.go:316.2,323.16 3 1
github.com/dianlight/srat/service/homeassistant_service.go:323.16,325.3 1 0
github.com/dianlight/srat/service/homeassistant_service.go:327.2,327.30 1 1
github.com/dianlight/srat/service/homeassistant_service.go:327.30,329.3 1 0
github.com/dianlight/srat/service/homeassistant_service.go:331.2,332.12 2 1
github.com/dianlight/srat/service/homeassistant_service.go:335.98,336.25 1 1
github.com/dianlight/srat/service/homeassistant_service.go:336.25,338.3 1 0
github.com/dianlight/srat/service/homeassistant_service.go:340.2,351.39 5 1
github.com/dianlight/srat/service/homeassistant_service.go:351.39,353.3 1 0
github.com/dianlight/srat/service/homeassistant_service.go:354.2,354.27 1 1
github.com/dianlight/srat/service/homeassistant_service.go:354.27,356.3 1 0
github.com/dianlight/srat/service/homeassistant_service.go:357.2,357.27 1 1
github.com/dianlight/srat/service/homeassistant_service.go:357.27,360.3 2 1
github.com/dianlight/srat/service/homeassistant_service.go:361.2,361.29 1 1
github.com/dianlight/srat/service/homeassistant_service.go:361.29,363.3 1 0
github.com/dianlight/srat/service/homeassistant_service.go:365.2,369.37 4 1
github.com/dianlight/srat/service/homeassistant_service.go:369.37,370.48 1 1
github.com/dianlight/srat/service/homeassistant_service.go:370.48,371.20 1 1
github.com/dianlight/srat/service/homeassistant_service.go:371.20,374.5 2 1
github.com/dianlight/srat/service/homeassistant_service.go:375.4,375.36 1 1
github.com/dianlight/srat/service/homeassistant_service.go:375.36,376.50 1 0
github.com/dianlight/srat/service/homeassistant_service.go:376.50,378.6 1 0
github.com/dianlight/srat/service/homeassistant_service.go:383.2,383.22 1 1
github.com/dianlight/srat/service/homeassistant_service.go:383.22,384.21 1 1
github.com/dianlight/srat/service/homeassistant_service.go:384.21,386.4 1 0
github.com/dianlight/srat/service/homeassistant_service.go:386.9,388.4 1 1
github.com/dianlight/srat/service/homeassistant_service.go:391.2,401.16 5 1
github.com/dianlight/srat/service/homeassistant_service.go:401.16,403.3 1 0
github.com/dianlight/srat/service/homeassistant_service.go:405.2,405.30 1 1
github.com/dianlight/srat/service/homeassistant_service.go:405.30,407.3 1 0
github.com/dianlight/srat/service/homeassistant_service.go:409.2,410.12 2 1
github.com/dianlight/srat/service/homeassistant_service.go:413.89,415.31 2 1
github.com/dianlight/srat/service/homeassistant_service.go:415.31,417.3 1 1
github.com/dianlight/srat/service/homeassistant_service.go:419.2,419.78 1 1
github.com/dianlight/srat/service/homeassistant_service.go:419.78,421.3 1 0
github.com/dianlight/srat/service/homeassistant_service.go:424.2,424.65 1 1
github.com/dianlight/srat/service/homeassistant_service.go:424.65,426.3 1 0
github.com/dianlight/srat/service/homeassistant_service.go:429.2,429.33 1 1
github.com/dianlight/srat/service/homeassistant_service.go:429.33,430.47 1 1
github.com/dianlight/srat/service/homeassistant_service.go:430.47,431.53 1 1
github.com/dianlight/srat/service/homeassistant_service.go:431.53,433.5 1 0
github.com/dianlight/srat/service/homeassistant_service.go:438.2,438.64 1 1
github.com/dianlight/srat/service/homeassistant_service.go:438.64,439.40 1 1
github.com/dianlight/srat/service/homeassistant_service.go:439.40,440.75 1 1
github.com/dianlight/srat/service/homeassistant_service.go:440.75,442.5 1 0
github.com/dianlight/srat/service/homeassistant_service.go:446.2,446.12 1 1
github.com/dianlight/srat/service/homeassistant_service.go:449.93,472.16 6 1
github.com/dianlight/srat/service/homeassistant_service.go:472.16,474.3 1 0
github.com/dianlight/srat/service/homeassistant_service.go:476.2,476.57 1 1
github.com/dianlight/srat/service/homeassistant_service.go:476.57,478.3 1 0
github.com/dianlight/srat/service/homeassistant_service.go:480.2,481.12 2 1
github.com/dianlight/srat/service/homeassistant_service.go:484.79,499.36 3 1
github.com/dianlight/srat/service/homeassistant_service.go:499.36,501.3 1 1
github.com/dianlight/srat/service/homeassistant_service.go:504.2,504.29 1 1
github.com/dianlight/srat/service/homeassistant_service.go:504.29,508.3 3 0
github.com/dianlight/srat/service/homeassistant_service.go:511.2,521.16 5 1
github.com/dianlight/srat/service/homeassistant_service.go:521.16,523.3 1 0
github.com/dianlight/srat/service/homeassistant_service.go:525.2,525.57 1 1
github.com/dianlight/srat/service/homeassistant_service.go:525.57,527.3 1 0
github.com/dianlight/srat/service/homeassistant_service.go:529.2,530.12 2 1
github.com/dianlight/srat/service/homeassistant_service.go:533.113,555.30 5 1
github.com/dianlight/srat/service/homeassistant_service.go:555.30,558.3 2 1
github.com/dianlight/srat/service/homeassistant_service.go:561.2,570.16 4 1
github.com/dianlight/srat/service/homeassistant_service.go:570.16,572.3 1 0
github.com/dianlight/srat/service/homeassistant_service.go:574.2,574.57 1 1
github.com/dianlight/srat/service/homeassistant_service.go:574.57,576.3 1 0
github.com/dianlight/srat/service/homeassistant_service.go:578.2,579.12 2 1
github.com/dianlight/srat/service/homeassistant_service.go:582.106,583.25 1 0
github.com/dianlight/srat/service/homeassistant_service.go:583.25,586.3 2 0
github.com/dianlight/srat/service/homeassistant_service.go:588.2,595.16 3 0
github.com/dianlight/srat/service/homeassistant_service.go:595.16,597.3 1 0
github.com/dianlight/srat/service/homeassistant_service.go:599.2,599.79 1 0
github.com/dianlight/srat/service/homeassistant_service.go:599.79,601.3 1 0
github.com/dianlight/srat/service/homeassistant_service.go:603.2,604.12 2 0
github.com/dianlight/srat/service/homeassistant_service.go:607.91,608.25 1 0
github.com/dianlight/srat/service/homeassistant_service.go:608.25,611.3 2 0
github.com/dianlight/srat/service/homeassistant_service.go:613.2,618.16 3 0
github.com/dianlight/srat/service/homeassistant_service.go:618.16,620.3 1 0
github.com/dianlight/srat/service/homeassistant_service.go:622.2,622.79 1 0
github.com/dianlight/srat/service/homeassistant_service.go:622.79,624.3 1 0
github.com/dianlight/srat/service/homeassistant_service.go:626.2,627.12 2 0
github.com/dianlight/srat/service/homeassistant_service.go:632.41,640.2 6 1
github.com/dianlight/srat/service/homeassistant_service.go:642.66,643.16 1 1
github.com/dianlight/srat/service/homeassistant_service.go:643.16,645.3 1 1
github.com/dianlight/srat/service/homeassistant_service.go:646.2,646.21 1 1
github.com/dianlight/srat/service/host_service.go:45.64,52.2 6 1
github.com/dianlight/srat/service/host_service.go:54.56,58.37 3 1
github.com/dianlight/srat/service/host_service.go:58.37,60.3 1 0
github.com/dianlight/srat/service/host_service.go:62.2,62.68 1 1
github.com/dianlight/srat/service/host_service.go:62.68,63.39 1 1
github.com/dianlight/srat/service/host_service.go:63.39,65.4 1 1
github.com/dianlight/srat/service/host_service.go:69.2,69.40 1 1
github.com/dianlight/srat/service/host_service.go:69.40,70.30 1 1
github.com/dianlight/srat/service/host_service.go:70.30,72.4 1 0
github.com/dianlight/srat/service/host_service.go:73.3,74.17 2 1
github.com/dianlight/srat/service/host_service.go:74.17,76.4 1 1
github.com/dianlight/srat/service/host_service.go:77.3,77.31 1 1
github.com/dianlight/srat/service/host_service.go:77.31,79.4 1 1
github.com/dianlight/srat/service/host_service.go:80.3,80.63 1 1
github.com/dianlight/srat/service/host_service.go:80.63,82.4 1 1
github.com/dianlight/srat/service/host_service.go:83.3,85.23 3 1
github.com/dianlight/srat/service/host_service.go:86.8,88.3 1 1
github.com/dianlight/srat/service/issue_service.go:25.86,27.2 1 1
github.com/dianlight/srat/service/issue_service.go:30.55,34.16 3 1
github.com/dianlight/srat/service/issue_service.go:34.16,36.3 1 1
github.com/dianlight/srat/service/issue_service.go:37.2,37.26 1 1
github.com/dianlight/srat/service/issue_service.go:37.26,39.54 2 1
github.com/dianlight/srat/service/issue_service.go:39.54,41.4 1 1
github.com/dianlight/srat/service/issue_service.go:42.3,42.34 1 1
github.com/dianlight/srat/service/issue_service.go:43.8,44.45 1 1
github.com/dianlight/srat/service/issue_service.go:44.45,46.4 1 1
github.com/dianlight/srat/service/issue_service.go:47.3,47.34 1 1
github.com/dianlight/srat/service/issue_service.go:49.2,49.12 1 1
github.com/dianlight/srat/service/issue_service.go:53.47,55.2 1 0
github.com/dianlight/srat/service/issue_service.go:58.69,60.44 2 0
github.com/dianlight/srat/service/issue_service.go:60.44,62.3 1 0
github.com/dianlight/srat/service/issue_service.go:63.2,63.37 1 0
github.com/dianlight/srat/service/issue_service.go:67.57,69.16 2 0
github.com/dianlight/srat/service/issue_service.go:69.16,71.3 1 0
github.com/dianlight/srat/service/issue_service.go:72.2,72.42 1 0
github.com/dianlight/srat/service/network_stats_service.go:36.137,38.16 2 0
github.com/dianlight/srat/service/network_stats_service.go:38.16,40.3 1 0
github.com/dianlight/srat/service/network_stats_service.go:42.2,43.16 2 0
github.com/dianlight/srat/service/network_stats_service.go:43.16,45.3 1 0
github.com/dianlight/srat/service/network_stats_service.go:47.2,57.44 2 0
github.com/dianlight/srat/service/network_stats_service.go:57.44,60.18 3 0
github.com/dianlight/srat/service/network_stats_service.go:60.18,62.42 1 0
github.com/dianlight/srat/service/network_stats_service.go:62.43,64.6 0 0
github.com/dianlight/srat/service/network_stats_service.go:64.11,66.6 1 0
github.com/dianlight/srat/service/network_stats_service.go:68.4,68.14 1 0
github.com/dianlight/srat/service/network_stats_service.go:68.14,71.5 2 0
github.com/dianlight/srat/service/network_stats_service.go:72.4,72.14 1 0
github.com/dianlight/srat/service/network_stats_service.go:75.2,75.11 1 0
github.com/dianlight/srat/service/network_stats_service.go:78.46,79.6 1 0
github.com/dianlight/srat/service/network_stats_service.go:79.6,80.10 1 0
github.com/dianlight/srat/service/network_stats_service.go:81.26,83.43 2 0
github.com/dianlight/srat/service/network_stats_service.go:84.39,86.18 2 0
github.com/dianlight/srat/service/network_stats_service.go:86.18,88.13 2 0
github.com/dianlight/srat/service/network_stats_service.go:94.58,99.16 4 0
github.com/dianlight/srat/service/network_stats_service.go:99.16,101.3 1 0
github.com/dianlight/srat/service/network_stats_service.go:102.2,105.16 3 0
github.com/dianlight/srat/service/network_stats_service.go:105.16,107.3 1 0
github.com/dianlight/srat/service/network_stats_service.go:108.2,109.9 2 0
github.com/dianlight/srat/service/network_stats_service.go:109.9,113.3 3 0
github.com/dianlight/srat/service/network_stats_service.go:114.2,114.13 1 0
github.com/dianlight/srat/service/network_stats_service.go:114.13,115.30 1 0
github.com/dianlight/srat/service/network_stats_service.go:115.30,116.23 1 0
github.com/dianlight/srat/service/network_stats_service.go:116.23,117.13 1 0
github.com/dianlight/srat/service/network_stats_service.go:119.4,119.40 1 0
github.com/dianlight/srat/service/network_stats_service.go:121.8,123.17 2 0
github.com/dianlight/srat/service/network_stats_service.go:123.17,125.4 1 0
github.com/dianlight/srat/service/network_stats_service.go:126.3,128.10 3 0
github.com/dianlight/srat/service/network_stats_service.go:128.10,129.19 1 0
github.com/dianlight/srat/service/network_stats_service.go:129.19,131.5 1 0
github.com/dianlight/srat/service/network_stats_service.go:131.10,133.5 1 0
github.com/dianlight/srat/service/network_stats_service.go:134.4,135.14 2 0
github.com/dianlight/srat/service/network_stats_service.go:139.2,147.31 2 0
github.com/dianlight/srat/service/network_stats_service.go:147.31,149.10 2 0
github.com/dianlight/srat/service/network_stats_service.go:149.10,151.12 2 0
github.com/dianlight/srat/service/network_stats_service.go:154.3,154.39 1 0
github.com/dianlight/srat/service/network_stats_service.go:154.39,155.50 1 0
github.com/dianlight/srat/service/network_stats_service.go:155.50,158.19 2 0
github.com/dianlight/srat/service/network_stats_service.go:158.19,160.6 1 0
github.com/dianlight/srat/service/network_stats_service.go:161.5,162.37 2 0
github.com/dianlight/srat/service/network_stats_service.go:162.37,164.6 1 0
github.com/dianlight/srat/service/network_stats_service.go:167.5,168.63 2 0
github.com/dianlight/srat/service/network_stats_service.go:168.63,169.49 1 0
github.com/dianlight/srat/service/network_stats_service.go:169.49,170.34 1 0
github.com/dianlight/srat/service/network_stats_service.go:170.34,171.72 1 0
github.com/dianlight/srat/service/network_stats_service.go:171.72,172.34 1 0
github.com/dianlight/srat/service/network_stats_service.go:172.34,175.15 3 0
github.com/dianlight/srat/service/network_stats_service.go:182.5,192.76 4 0
github.com/dianlight/srat/service/network_stats_service.go:194.4,194.33 1 0
github.com/dianlight/srat/service/network_stats_service.go:198.2,199.12 2 0
github.com/dianlight/srat/service/network_stats_service.go:203.79,206.31 3 0
github.com/dianlight/srat/service/network_stats_service.go:206.31,208.3 1 0
github.com/dianlight/srat/service/network_stats_service.go:209.2,209.32 1 0
github.com/dianlight/srat/service/resolution_service.go:32.82,38.2 5 1
github.com/dianlight/srat/service/resolution_service.go:40.74,41.69 1 1
github.com/dianlight/srat/service/resolution_service.go:41.69,43.3 1 1
github.com/dianlight/srat/service/resolution_service.go:65.2,65.12 1 0
github.com/dianlight/srat/service/resolution_service.go:68.64,69.69 1 1
github.com/dianlight/srat/service/resolution_service.go:69.69,71.3 1 1
github.com/dianlight/srat/service/resolution_service.go:73.2,75.16 2 1
github.com/dianlight/srat/service/resolution_service.go:75.16,77.3 1 1
github.com/dianlight/srat/service/resolution_service.go:79.2,79.30 1 1
github.com/dianlight/srat/service/resolution_service.go:79.30,81.3 1 1
github.com/dianlight/srat/service/resolution_service.go:83.2,83.12 1 1
github.com/dianlight/srat/service/samba_service.go:68.67,83.55 14 1
github.com/dianlight/srat/service/samba_service.go:83.55,84.13 1 0
github.com/dianlight/srat/service/samba_service.go:84.13,86.4 1 0
github.com/dianlight/srat/service/samba_service.go:87.3,87.40 1 0
github.com/dianlight/srat/service/samba_service.go:87.40,89.4 1 0
github.com/dianlight/srat/service/samba_service.go:92.2,92.10 1 1
github.com/dianlight/srat/service/samba_service.go:95.73,96.55 1 0
github.com/dianlight/srat/service/samba_service.go:96.55,98.3 1 0
github.com/dianlight/srat/service/samba_service.go:100.2,102.16 3 0
github.com/dianlight/srat/service/samba_service.go:102.16,104.3 1 0
github.com/dianlight/srat/service/samba_service.go:106.2,108.16 3 0
github.com/dianlight/srat/service/samba_service.go:108.16,110.3 1 0
github.com/dianlight/srat/service/samba_service.go:112.2,114.21 2 0
github.com/dianlight/srat/service/samba_service.go:117.77,119.16 2 1
github.com/dianlight/srat/service/samba_service.go:119.16,121.3 1 0
github.com/dianlight/srat/service/samba_service.go:124.2,128.38 5 1
github.com/dianlight/srat/service/samba_service.go:131.84,135.16 3 1
github.com/dianlight/srat/service/samba_service.go:135.16,137.3 1 0
github.com/dianlight/srat/service/samba_service.go:138.2,139.16 2 1
github.com/dianlight/srat/service/samba_service.go:139.16,141.3 1 0
github.com/dianlight/srat/service/samba_service.go:142.2,143.16 2 1
github.com/dianlight/srat/service/samba_service.go:143.16,145.3 1 0
github.com/dianlight/srat/service/samba_service.go:147.2,148.17 2 1
github.com/dianlight/srat/service/samba_service.go:148.17,150.3 1 0
github.com/dianlight/srat/service/samba_service.go:152.2,153.28 2 1
github.com/dianlight/srat/service/samba_service.go:153.28,154.47 1 1
github.com/dianlight/srat/service/samba_service.go:154.47,155.12 1 0
github.com/dianlight/srat/service/samba_service.go:157.3,157.45 1 1
github.com/dianlight/srat/service/samba_service.go:157.45,158.12 1 0
github.com/dianlight/srat/service/samba_service.go:160.3,160.68 1 1
github.com/dianlight/srat/service/samba_service.go:160.68,161.12 1 0
github.com/dianlight/srat/service/samba_service.go:163.3,165.17 3 1
github.com/dianlight/srat/service/samba_service.go:165.17,167.4 1 0
github.com/dianlight/srat/service/samba_service.go:168.3,168.31 1 1
github.com/dianlight/srat/service/samba_service.go:171.2,176.16 4 1
github.com/dianlight/srat/service/samba_service.go:176.16,178.3 1 0
github.com/dianlight/srat/service/samba_service.go:179.2,179.40 1 1
github.com/dianlight/srat/service/samba_service.go:179.40,180.30 1 1
github.com/dianlight/srat/service/samba_service.go:180.30,182.9 2 0
github.com/dianlight/srat/service/samba_service.go:186.2,186.21 1 1
github.com/dianlight/srat/service/samba_service.go:197.81,214.16 4 0
github.com/dianlight/srat/service/samba_service.go:214.16,217.3 2 0
github.com/dianlight/srat/service/samba_service.go:218.2,218.31 1 0
github.com/dianlight/srat/service/samba_service.go:218.31,220.17 2 0
github.com/dianlight/srat/service/samba_service.go:220.17,221.12 1 0
github.com/dianlight/srat/service/samba_service.go:223.3,223.15 1 0
github.com/dianlight/srat/service/samba_service.go:224.15,225.45 1 0
github.com/dianlight/srat/service/samba_service.go:226.15,227.45 1 0
github.com/dianlight/srat/service/samba_service.go:228.16,229.46 1 0
github.com/dianlight/srat/service/samba_service.go:230.22,231.45 1 0
github.com/dianlight/srat/service/samba_service.go:234.2,234.18 1 0
github.com/dianlight/srat/service/samba_service.go:237.55,240.17 3 0
github.com/dianlight/srat/service/samba_service.go:240.17,242.3 1 0
github.com/dianlight/srat/service/samba_service.go:245.2,246.16 2 0
github.com/dianlight/srat/service/samba_service.go:246.16,248.3 1 0
github.com/dianlight/srat/service/samba_service.go:249.2,249.12 1 0
github.com/dianlight/srat/service/samba_service.go:252.54,261.16 6 0
github.com/dianlight/srat/service/samba_service.go:261.16,263.3 1 0
github.com/dianlight/srat/service/samba_service.go:264.2,264.12 1 0
github.com/dianlight/srat/service/samba_service.go:267.58,270.16 3 0
github.com/dianlight/srat/service/samba_service.go:270.16,272.3 1 0
github.com/dianlight/srat/service/samba_service.go:274.2,274.20 1 0
github.com/dianlight/srat/service/samba_service.go:274.20,277.29 3 0
github.com/dianlight/srat/service/samba_service.go:277.29,278.45 1 0
github.com/dianlight/srat/service/samba_service.go:278.45,280.5 1 0
github.com/dianlight/srat/service/samba_service.go:281.4,284.18 4 0
github.com/dianlight/srat/service/samba_service.go:284.18,285.76 1 0
github.com/dianlight/srat/service/samba_service.go:285.76,287.6 1 0
github.com/dianlight/srat/service/samba_service.go:287.11,289.6 1 0
github.com/dianlight/srat/service/samba_service.go:291.4,291.17 1 0
github.com/dianlight/srat/service/samba_service.go:291.17,296.17 2 0
github.com/dianlight/srat/service/samba_service.go:296.17,298.6 1 0
github.com/dianlight/srat/service/samba_service.go:302.3,302.29 1 0
github.com/dianlight/srat/service/samba_service.go:302.29,306.18 4 0
github.com/dianlight/srat/service/samba_service.go:306.18,307.76 1 0
github.com/dianlight/srat/service/samba_service.go:307.76,309.6 1 0
github.com/dianlight/srat/service/samba_service.go:309.11,311.6 1 0
github.com/dianlight/srat/service/samba_service.go:315.3,315.30 1 0
github.com/dianlight/srat/service/samba_service.go:315.30,318.63 2 0
github.com/dianlight/srat/service/samba_service.go:318.63,325.22 6 0
github.com/dianlight/srat/service/samba_service.go:325.22,327.6 1 0
github.com/dianlight/srat/service/samba_service.go:328.10,328.37 1 0
github.com/dianlight/srat/service/samba_service.go:328.37,330.5 1 0
github.com/dianlight/srat/service/samba_service.go:330.10,332.5 1 0
github.com/dianlight/srat/service/samba_service.go:334.8,336.3 1 0
github.com/dianlight/srat/service/samba_service.go:337.2,337.12 1 0
github.com/dianlight/srat/service/samba_service.go:340.54,342.16 2 0
github.com/dianlight/srat/service/samba_service.go:342.16,344.3 1 0
github.com/dianlight/srat/service/samba_service.go:346.2,346.28 1 0
github.com/dianlight/srat/service/samba_service.go:346.28,348.17 2 0
github.com/dianlight/srat/service/samba_service.go:348.17,350.4 1 0
github.com/dianlight/srat/service/samba_service.go:351.3,351.33 1 0
github.com/dianlight/srat/service/samba_service.go:351.33,352.48 1 0
github.com/dianlight/srat/service/samba_service.go:352.48,353.13 1 0
github.com/dianlight/srat/service/samba_service.go:355.4,355.23 1 0
github.com/dianlight/srat/service/samba_service.go:356.36,357.31 1 0
github.com/dianlight/srat/service/samba_service.go:361.3,362.28 2 0
github.com/dianlight/srat/service/samba_service.go:362.28,364.18 2 0
github.com/dianlight/srat/service/samba_service.go:364.18,366.5 1 0
github.com/dianlight/srat/service/samba_service.go:369.2,369.12 1 0
github.com/dianlight/srat/service/samba_service.go:372.53,374.16 2 0
github.com/dianlight/srat/service/samba_service.go:374.16,376.3 1 0
github.com/dianlight/srat/service/samba_service.go:378.2,378.63 1 0
github.com/dianlight/srat/service/samba_service.go:378.63,379.33 1 0
github.com/dianlight/srat/service/samba_service.go:379.33,380.48 1 0
github.com/dianlight/srat/service/samba_service.go:380.48,381.13 1 0
github.com/dianlight/srat/service/samba_service.go:383.4,383.115 1 0
github.com/dianlight/srat/service/samba_service.go:383.115,384.13 1 0
github.com/dianlight/srat/service/samba_service.go:386.4,386.23 1 0
github.com/dianlight/srat/service/samba_service.go:387.36,389.19 2 0
github.com/dianlight/srat/service/samba_service.go:389.19,391.6 1 0
github.com/dianlight/srat/service/samba_service.go:395.2,395.12 1 0
github.com/dianlight/srat/service/samba_service.go:399.65,401.16 2 0
github.com/dianlight/srat/service/samba_service.go:401.16,403.3 1 0
github.com/dianlight/srat/service/samba_service.go:404.2,405.16 2 0
github.com/dianlight/srat/service/samba_service.go:405.16,407.3 1 0
github.com/dianlight/srat/service/samba_service.go:408.2,409.16 2 0
github.com/dianlight/srat/service/samba_service.go:409.16,411.3 1 0
github.com/dianlight/srat/service/samba_service.go:412.2,412.12 1 0
github.com/dianlight/srat/service/share_service.go:49.67,58.2 1 1
github.com/dianlight/srat/service/share_service.go:60.64,62.17 2 1
github.com/dianlight/srat/service/share_service.go:62.17,64.3 1 0
github.com/dianlight/srat/service/share_service.go:65.2,66.35 2 1
github.com/dianlight/srat/service/share_service.go:69.71,71.16 2 0
github.com/dianlight/srat/service/share_service.go:71.16,73.3 1 0
github.com/dianlight/srat/service/share_service.go:74.2,74.42 1 0
github.com/dianlight/srat/service/share_service.go:77.70,79.16 2 0
github.com/dianlight/srat/service/share_service.go:79.16,81.3 1 0
github.com/dianlight/srat/service/share_service.go:82.2,84.32 3 0
github.com/dianlight/srat/service/share_service.go:84.32,87.17 3 0
github.com/dianlight/srat/service/share_service.go:87.17,89.4 1 0
github.com/dianlight/srat/service/share_service.go:92.3,93.17 2 0
github.com/dianlight/srat/service/share_service.go:93.17,95.12 2 0
github.com/dianlight/srat/service/share_service.go:98.3,98.42 1 0
github.com/dianlight/srat/service/share_service.go:100.2,100.23 1 0
github.com/dianlight/srat/service/share_service.go:103.78,105.16 2 0
github.com/dianlight/srat/service/share_service.go:105.16,107.3 1 0
github.com/dianlight/srat/service/share_service.go:108.2,108.18 1 0
github.com/dianlight/srat/service/share_service.go:108.18,110.3 1 0
github.com/dianlight/srat/service/share_service.go:111.2,114.16 4 0
github.com/dianlight/srat/service/share_service.go:114.16,116.3 1 0
github.com/dianlight/srat/service/share_service.go:118.2,118.49 1 0
github.com/dianlight/srat/service/share_service.go:118.49,120.3 1 0
github.com/dianlight/srat/service/share_service.go:122.2,122.23 1 0
github.com/dianlight/srat/service/share_service.go:125.94,127.59 2 0
github.com/dianlight/srat/service/share_service.go:127.59,130.3 2 0
github.com/dianlight/srat/service/share_service.go:131.2,131.21 1 0
github.com/dianlight/srat/service/share_service.go:131.21,133.3 1 0
github.com/dianlight/srat/service/share_service.go:135.2,138.16 4 0
github.com/dianlight/srat/service/share_service.go:138.16,140.3 1 0
github.com/dianlight/srat/service/share_service.go:142.2,142.29 1 0
github.com/dianlight/srat/service/share_service.go:142.29,144.17 2 0
github.com/dianlight/srat/service/share_service.go:144.17,146.4 1 0
github.com/dianlight/srat/service/share_service.go:147.3,147.42 1 0
github.com/dianlight/srat/service/share_service.go:150.2,151.17 2 0
github.com/dianlight/srat/service/share_service.go:151.17,153.3 1 0
github.com/dianlight/srat/service/share_service.go:155.2,156.16 2 0
github.com/dianlight/srat/service/share_service.go:156.16,158.3 1 0
github.com/dianlight/srat/service/share_service.go:160.2,163.16 4 0
github.com/dianlight/srat/service/share_service.go:163.16,165.3 1 0
github.com/dianlight/srat/service/share_service.go:167.2,167.49 1 0
github.com/dianlight/srat/service/share_service.go:167.49,169.3 1 0
github.com/dianlight/srat/service/share_service.go:171.2,171.23 1 0
github.com/dianlight/srat/service/share_service.go:174.107,176.16 2 0
github.com/dianlight/srat/service/share_service.go:176.16,178.3 1 0
github.com/dianlight/srat/service/share_service.go:179.2,179.20 1 0
github.com/dianlight/srat/service/share_service.go:179.20,181.3 1 0
github.com/dianlight/srat/service/share_service.go:183.2,185.16 3 0
github.com/dianlight/srat/service/share_service.go:185.16,187.3 1 0
github.com/dianlight/srat/service/share_service.go:189.2,189.29 1 0
github.com/dianlight/srat/service/share_service.go:189.29,191.22 2 0
github.com/dianlight/srat/service/share_service.go:191.22,193.4 1 0
github.com/dianlight/srat/service/share_service.go:194.3,194.51 1 0
github.com/dianlight/srat/service/share_service.go:197.2,197.60 1 0
github.com/dianlight/srat/service/share_service.go:197.60,201.3 1 0
github.com/dianlight/srat/service/share_service.go:203.2,204.92 2 0
github.com/dianlight/srat/service/share_service.go:204.92,206.3 1 0
github.com/dianlight/srat/service/share_service.go:208.2,208.56 1 0
github.com/dianlight/srat/service/share_service.go:208.56,210.3 1 0
github.com/dianlight/srat/service/share_service.go:212.2,215.16 3 0
github.com/dianlight/srat/service/share_service.go:215.16,217.3 1 0
github.com/dianlight/srat/service/share_service.go:219.2,220.16 2 0
github.com/dianlight/srat/service/share_service.go:220.16,222.3 1 0
github.com/dianlight/srat/service/share_service.go:224.2,227.16 4 0
github.com/dianlight/srat/service/share_service.go:227.16,229.3 1 0
github.com/dianlight/srat/service/share_service.go:231.2,231.23 1 0
github.com/dianlight/srat/service/share_service.go:235.58,238.16 3 0
github.com/dianlight/srat/service/share_service.go:238.16,240.3 1 0
github.com/dianlight/srat/service/share_service.go:241.2,242.16 2 0
github.com/dianlight/srat/service/share_service.go:242.16,244.3 1 0
github.com/dianlight/srat/service/share_service.go:245.2,246.16 2 0
github.com/dianlight/srat/service/share_service.go:246.16,248.3 1 0
github.com/dianlight/srat/service/share_service.go:249.2,250.12 2 0
github.com/dianlight/srat/service/share_service.go:253.80,255.16 2 0
github.com/dianlight/srat/service/share_service.go:255.16,257.3 1 0
github.com/dianlight/srat/service/share_service.go:259.2,259.25 1 0
github.com/dianlight/srat/service/share_service.go:259.25,260.47 1 0
github.com/dianlight/srat/service/share_service.go:260.47,262.4 1 0
github.com/dianlight/srat/service/share_service.go:265.2,265.54 1 0
github.com/dianlight/srat/service/share_service.go:268.86,270.16 2 0
github.com/dianlight/srat/service/share_service.go:270.16,272.3 1 0
github.com/dianlight/srat/service/share_service.go:274.2,277.16 4 0
github.com/dianlight/srat/service/share_service.go:277.16,279.3 1 0
github.com/dianlight/srat/service/share_service.go:280.2,280.23 1 0
github.com/dianlight/srat/service/share_service.go:283.90,285.16 2 0
github.com/dianlight/srat/service/share_service.go:285.16,287.3 1 0
github.com/dianlight/srat/service/share_service.go:289.2,292.16 4 0
github.com/dianlight/srat/service/share_service.go:292.16,294.3 1 0
github.com/dianlight/srat/service/share_service.go:296.2,299.16 4 0
github.com/dianlight/srat/service/share_service.go:299.16,301.3 1 0
github.com/dianlight/srat/service/share_service.go:302.2,302.23 1 0
github.com/dianlight/srat/service/share_service.go:305.99,307.16 2 0
github.com/dianlight/srat/service/share_service.go:307.16,309.3 1 0
github.com/dianlight/srat/service/share_service.go:310.2,310.18 1 0
github.com/dianlight/srat/service/share_service.go:310.18,312.3 1 0
github.com/dianlight/srat/service/share_service.go:313.2,316.16 4 0
github.com/dianlight/srat/service/share_service.go:316.16,318.3 1 0
github.com/dianlight/srat/service/share_service.go:319.2,322.16 4 0
github.com/dianlight/srat/service/share_service.go:322.16,324.3 1 0
github.com/dianlight/srat/service/share_service.go:325.2,325.23 1 0
github.com/dianlight/srat/service/share_service.go:328.82,330.2 1 0
github.com/dianlight/srat/service/share_service.go:332.81,334.2 1 0
github.com/dianlight/srat/service/share_service.go:336.39,341.16 4 0
github.com/dianlight/srat/service/share_service.go:341.16,344.3 2 0
github.com/dianlight/srat/service/share_service.go:345.2,345.40 1 0
github.com/dianlight/srat/service/share_service.go:349.72,350.18 1 0
github.com/dianlight/srat/service/share_service.go:350.18,352.3 1 0
github.com/dianlight/srat/service/share_service.go:355.2,355.68 1 0
github.com/dianlight/srat/service/share_service.go:355.68,358.17 3 0
github.com/dianlight/srat/service/share_service.go:358.17,360.4 1 0
github.com/dianlight/srat/service/share_service.go:361.3,361.13 1 0
github.com/dianlight/srat/service/share_service.go:365.2,365.56 1 0
github.com/dianlight/srat/service/share_service.go:365.56,366.54 1 0
github.com/dianlight/srat/service/share_service.go:366.54,371.18 3 0
github.com/dianlight/srat/service/share_service.go:371.18,373.5 1 0
github.com/dianlight/srat/service/share_service.go:374.4,374.14 1 0
github.com/dianlight/srat/service/share_service.go:378.2,378.12 1 0
github.com/dianlight/srat/service/smart_service.go:32.46,36.2 1 1
github.com/dianlight/srat/service/smart_service.go:38.83,41.55 2 1
github.com/dianlight/srat/service/smart_service.go:41.55,42.50 1 1
github.com/dianlight/srat/service/smart_service.go:42.50,44.4 1 1
github.com/dianlight/srat/service/smart_service.go:48.2,52.55 3 1
github.com/dianlight/srat/service/smart_service.go:52.55,53.50 1 0
github.com/dianlight/srat/service/smart_service.go:53.50,55.4 1 0
github.com/dianlight/srat/service/smart_service.go:58.2,59.16 2 1
github.com/dianlight/srat/service/smart_service.go:59.16,60.25 1 1
github.com/dianlight/srat/service/smart_service.go:60.25,63.4 2 1
github.com/dianlight/srat/service/smart_service.go:64.3,64.27 1 1
github.com/dianlight/srat/service/smart_service.go:64.27,67.4 2 1
github.com/dianlight/srat/service/smart_service.go:68.3,68.79 1 0
github.com/dianlight/srat/service/smart_service.go:70.2,73.16 3 0
github.com/dianlight/srat/service/smart_service.go:73.16,74.113 1 0
github.com/dianlight/srat/service/smart_service.go:74.113,76.4 1 0
github.com/dianlight/srat/service/smart_service.go:77.3,77.72 1 0
github.com/dianlight/srat/service/smart_service.go:79.2,82.16 3 0
github.com/dianlight/srat/service/smart_service.go:82.16,84.3 1 0
github.com/dianlight/srat/service/smart_service.go:86.2,98.26 2 0
github.com/dianlight/srat/service/smart_service.go:99.25,102.17 3 0
github.com/dianlight/srat/service/smart_service.go:102.17,104.9 2 0
github.com/dianlight/srat/service/smart_service.go:106.3,106.98 1 0
github.com/dianlight/srat/service/smart_service.go:106.98,107.87 1 0
github.com/dianlight/srat/service/smart_service.go:107.87,112.5 4 0
github.com/dianlight/srat/service/smart_service.go:114.3,114.95 1 0
github.com/dianlight/srat/service/smart_service.go:114.95,117.4 2 0
github.com/dianlight/srat/service/smart_service.go:118.3,118.92 1 0
github.com/dianlight/srat/service/smart_service.go:118.92,121.4 2 0
github.com/dianlight/srat/service/smart_service.go:122.3,123.38 2 0
github.com/dianlight/srat/service/smart_service.go:123.38,126.71 1 0
github.com/dianlight/srat/service/smart_service.go:126.71,127.13 1 0
github.com/dianlight/srat/service/smart_service.go:129.4,133.5 1 0
github.com/dianlight/srat/service/smart_service.go:135.3,135.22 1 0
github.com/dianlight/srat/service/smart_service.go:135.22,137.4 1 0
github.com/dianlight/srat/service/smart_service.go:140.3,141.17 2 0
github.com/dianlight/srat/service/smart_service.go:141.17,143.9 2 0
github.com/dianlight/srat/service/smart_service.go:145.3,145.102 1 0
github.com/dianlight/srat/service/smart_service.go:145.102,147.4 1 0
github.com/dianlight/srat/service/smart_service.go:148.3,148.99 1 0
github.com/dianlight/srat/service/smart_service.go:148.99,150.4 1 0
github.com/dianlight/srat/service/smart_service.go:151.3,151.42 1 0
github.com/dianlight/srat/service/smart_service.go:151.42,152.61 1 0
github.com/dianlight/srat/service/smart_service.go:152.61,156.5 3 0
github.com/dianlight/srat/service/smart_service.go:158.25,159.24 1 0
github.com/dianlight/srat/service/smart_service.go:160.25,163.17 3 0
github.com/dianlight/srat/service/smart_service.go:163.17,165.4 1 0
github.com/dianlight/srat/service/smart_service.go:166.3,178.26 6 0
github.com/dianlight/srat/service/smart_service.go:181.2,183.17 2 0
github.com/dianlight/srat/service/supervisor_service.go:44.82,53.2 7 0
github.com/dianlight/srat/service/supervisor_service.go:55.101,58.37 3 0
github.com/dianlight/srat/service/supervisor_service.go:58.37,60.3 1 0
github.com/dianlight/srat/service/supervisor_service.go:62.2,62.40 1 0
github.com/dianlight/srat/service/supervisor_service.go:62.40,64.17 2 0
github.com/dianlight/srat/service/supervisor_service.go:64.17,66.4 1 0
github.com/dianlight/srat/service/supervisor_service.go:67.3,67.31 1 0
github.com/dianlight/srat/service/supervisor_service.go:67.31,69.4 1 0
github.com/dianlight/srat/service/supervisor_service.go:70.3,71.49 2 0
github.com/dianlight/srat/service/supervisor_service.go:71.49,72.48 1 0
github.com/dianlight/srat/service/supervisor_service.go:72.48,74.5 1 0
github.com/dianlight/srat/service/supervisor_service.go:77.2,77.20 1 0
github.com/dianlight/srat/service/supervisor_service.go:80.85,81.37 1 0
github.com/dianlight/srat/service/supervisor_service.go:81.37,83.3 1 0
github.com/dianlight/srat/service/supervisor_service.go:85.2,86.16 2 0
github.com/dianlight/srat/service/supervisor_service.go:86.16,88.3 1 0
github.com/dianlight/srat/service/supervisor_service.go:89.2,93.16 4 0
github.com/dianlight/srat/service/supervisor_service.go:93.16,95.3 1 0
github.com/dianlight/srat/service/supervisor_service.go:96.2,99.9 3 0
github.com/dianlight/srat/service/supervisor_service.go:99.9,109.17 8 0
github.com/dianlight/srat/service/supervisor_service.go:109.17,111.4 1 0
github.com/dianlight/srat/service/supervisor_service.go:112.3,112.31 1 0
github.com/dianlight/srat/service/supervisor_service.go:112.31,116.4 2 0
github.com/dianlight/srat/service/supervisor_service.go:117.8,117.86 1 0
github.com/dianlight/srat/service/supervisor_service.go:117.86,122.17 5 0
github.com/dianlight/srat/service/supervisor_service.go:122.17,124.4 1 0
github.com/dianlight/srat/service/supervisor_service.go:125.3,125.31 1 0
github.com/dianlight/srat/service/supervisor_service.go:125.31,127.4 1 0
github.com/dianlight/srat/service/supervisor_service.go:129.2,129.12 1 0
github.com/dianlight/srat/service/supervisor_service.go:132.79,133.37 1 0
github.com/dianlight/srat/service/supervisor_service.go:133.37,135.3 1 0
github.com/dianlight/srat/service/supervisor_service.go:136.2,137.16 2 0
github.com/dianlight/srat/service/supervisor_service.go:137.16,139.3 1 0
github.com/dianlight/srat/service/supervisor_service.go:140.2,140.30 1 0
github.com/dianlight/srat/service/supervisor_service.go:140.30,142.3 1 0
github.com/dianlight/srat/service/supervisor_service.go:143.2,143.12 1 0
github.com/dianlight/srat/service/telemetry_service.go:63.41,65.23 2 1
github.com/dianlight/srat/service/telemetry_service.go:65.23,67.3 1 1
github.com/dianlight/srat/service/telemetry_service.go:70.2,72.23 3 1
github.com/dianlight/srat/service/telemetry_service.go:72.23,73.83 1 1
github.com/dianlight/srat/service/telemetry_service.go:73.83,76.4 2 1
github.com/dianlight/srat/service/telemetry_service.go:76.9,76.54 1 0
github.com/dianlight/srat/service/telemetry_service.go:76.54,79.4 2 0
github.com/dianlight/srat/service/telemetry_service.go:79.9,81.4 1 0
github.com/dianlight/srat/service/telemetry_service.go:84.2,85.16 2 1
github.com/dianlight/srat/service/telemetry_service.go:85.16,87.3 1 0
github.com/dianlight/srat/service/telemetry_service.go:88.2,92.16 4 1
github.com/dianlight/srat/service/telemetry_service.go:92.16,94.3 1 0
github.com/dianlight/srat/service/telemetry_service.go:95.2,95.38 1 1
github.com/dianlight/srat/service/telemetry_service.go:95.38,97.3 1 0
github.com/dianlight/srat/service/telemetry_service.go:99.2,111.44 2 1
github.com/dianlight/srat/service/telemetry_service.go:111.44,114.4 2 1
github.com/dianlight/srat/service/telemetry_service.go:117.2,117.16 1 1
github.com/dianlight/srat/service/telemetry_service.go:121.72,123.101 2 1
github.com/dianlight/srat/service/telemetry_service.go:123.101,125.3 1 1
github.com/dianlight/srat/service/telemetry_service.go:128.2,128.26 1 1
github.com/dianlight/srat/service/telemetry_service.go:128.26,131.3 2 0
github.com/dianlight/srat/service/telemetry_service.go:134.2,137.16 3 1
github.com/dianlight/srat/service/telemetry_service.go:137.16,139.3 1 0
github.com/dianlight/srat/service/telemetry_service.go:142.2,142.131 1 1
github.com/dianlight/srat/service/telemetry_service.go:142.131,157.49 8 1
github.com/dianlight/srat/service/telemetry_service.go:157.49,159.4 1 0
github.com/dianlight/srat/service/telemetry_service.go:160.3,160.66 1 1
github.com/dianlight/srat/service/telemetry_service.go:160.66,162.56 1 1
github.com/dianlight/srat/service/telemetry_service.go:162.56,164.5 1 0
github.com/dianlight/srat/service/telemetry_service.go:166.4,170.71 2 1
github.com/dianlight/srat/service/telemetry_service.go:170.71,174.26 3 1
github.com/dianlight/srat/service/telemetry_service.go:174.26,176.6 1 1
github.com/dianlight/srat/service/telemetry_service.go:177.5,179.9 3 1
github.com/dianlight/srat/service/telemetry_service.go:179.9,182.15 3 1
github.com/dianlight/srat/service/telemetry_service.go:182.15,183.12 1 1
github.com/dianlight/srat/service/telemetry_service.go:186.5,186.21 1 1
github.com/dianlight/srat/service/telemetry_service.go:189.4,189.38 1 1
github.com/dianlight/srat/service/telemetry_service.go:189.38,192.9 3 1
github.com/dianlight/srat/service/telemetry_service.go:192.9,195.15 3 1
github.com/dianlight/srat/service/telemetry_service.go:195.15,196.12 1 1
github.com/dianlight/srat/service/telemetry_service.go:199.5,199.21 1 1
github.com/dianlight/srat/service/telemetry_service.go:202.4,202.21 1 0
github.com/dianlight/srat/service/telemetry_service.go:205.3,212.50 4 1
github.com/dianlight/srat/service/telemetry_service.go:212.50,217.4 1 1
github.com/dianlight/srat/service/telemetry_service.go:218.8,222.3 2 1
github.com/dianlight/srat/service/telemetry_service.go:224.2,224.12 1 1
github.com/dianlight/srat/service/telemetry_service.go:239.77,240.27 1 1
github.com/dianlight/srat/service/telemetry_service.go:240.27,242.3 1 1
github.com/dianlight/srat/service/telemetry_service.go:244.2,244.107 1 1
github.com/dianlight/srat/service/telemetry_service.go:244.107,246.3 1 0
github.com/dianlight/srat/service/telemetry_service.go:251.2,251.105 1 1
github.com/dianlight/srat/service/telemetry_service.go:251.105,252.36 1 1
github.com/dianlight/srat/service/telemetry_service.go:252.36,255.4 2 1
github.com/dianlight/srat/service/telemetry_service.go:258.2,258.12 1 1
github.com/dianlight/srat/service/telemetry_service.go:262.93,263.27 1 1
github.com/dianlight/srat/service/telemetry_service.go:263.27,265.3 1 1
github.com/dianlight/srat/service/telemetry_service.go:268.2,268.52 1 1
github.com/dianlight/srat/service/telemetry_service.go:268.52,270.3 1 0
github.com/dianlight/srat/service/telemetry_service.go:273.2,273.17 1 1
github.com/dianlight/srat/service/telemetry_service.go:273.17,275.3 1 0
github.com/dianlight/srat/service/telemetry_service.go:276.2,282.12 5 1
github.com/dianlight/srat/service/telemetry_service.go:286.58,298.16 5 1
github.com/dianlight/srat/service/telemetry_service.go:298.16,301.3 2 0
github.com/dianlight/srat/service/telemetry_service.go:304.2,305.16 2 1
github.com/dianlight/srat/service/telemetry_service.go:305.16,308.3 2 1
github.com/dianlight/srat/service/telemetry_service.go:309.2,315.18 4 1
[...]
github.com/dianlight/srat/service/volume_service.go:107.4,107.14 1 1
github.com/dianlight/srat/service/volume_service.go:111.2,111.10 1 1
github.com/dianlight/srat/service/volume_service.go:114.71,115.15 1 1
github.com/dianlight/srat/service/volume_service.go:115.15,117.3 1 1
github.com/dianlight/srat/service/volume_service.go:119.2,119.28 1 1
github.com/dianlight/srat/service/volume_service.go:119.28,124.3 1 0
github.com/dianlight/srat/service/volume_service.go:126.2,126.19 1 1
github.com/dianlight/srat/service/volume_service.go:126.19,132.3 1 1
github.com/dianlight/srat/service/volume_service.go:133.2,133.23 1 1
github.com/dianlight/srat/service/volume_service.go:133.23,139.3 1 1
github.com/dianlight/srat/service/volume_service.go:141.2,141.25 1 1
github.com/dianlight/srat/service/volume_service.go:141.25,144.17 2 1
github.com/dianlight/srat/service/volume_service.go:144.17,146.4 1 0
github.com/dianlight/srat/service/volume_service.go:148.3,148.30 1 1
github.com/dianlight/srat/service/volume_service.go:148.30,149.42 1 0
github.com/dianlight/srat/service/volume_service.go:149.42,150.32 1 0
github.com/dianlight/srat/service/volume_service.go:150.32,152.11 2 0
github.com/dianlight/srat/service/volume_service.go:158.2,158.93 1 1
github.com/dianlight/srat/service/volume_service.go:158.93,164.3 1 1
github.com/dianlight/srat/service/volume_service.go:260.2,261.17 2 0
github.com/dianlight/srat/service/volume_service.go:261.17,265.9 1 0
github.com/dianlight/srat/service/volume_service.go:265.9,268.4 1 0
github.com/dianlight/srat/service/volume_service.go:269.3,270.13 2 0
github.com/dianlight/srat/service/volume_service.go:273.2,273.8 1 0
github.com/dianlight/srat/service/volume_service.go:273.8,280.3 2 0
github.com/dianlight/srat/service/volume_service.go:283.2,284.8 2 0
github.com/dianlight/srat/service/volume_service.go:284.8,286.21 2 0
github.com/dianlight/srat/service/volume_service.go:286.21,289.23 3 0
github.com/dianlight/srat/service/volume_service.go:289.23,291.16 1 0
github.com/dianlight/srat/service/volume_service.go:291.16,294.6 2 0
github.com/dianlight/srat/service/volume_service.go:295.5,295.20 1 0
github.com/dianlight/srat/service/volume_service.go:297.4,297.16 1 0
github.com/dianlight/srat/service/volume_service.go:297.16,299.10 2 0
github.com/dianlight/srat/service/volume_service.go:301.4,301.15 1 0
github.com/dianlight/srat/service/volume_service.go:301.15,304.5 2 0
github.com/dianlight/srat/service/volume_service.go:308.2,309.16 2 0
github.com/dianlight/srat/service/volume_service.go:309.16,316.3 1 0
github.com/dianlight/srat/service/volume_service.go:318.2,322.28 3 0
github.com/dianlight/srat/service/volume_service.go:322.28,322.66 1 0
github.com/dianlight/srat/service/volume_service.go:324.2,324.42 1 0
github.com/dianlight/srat/service/volume_service.go:324.42,327.3 1 0
github.com/dianlight/srat/service/volume_service.go:327.8,330.3 1 0
github.com/dianlight/srat/service/volume_service.go:332.2,332.17 1 0
github.com/dianlight/srat/service/volume_service.go:332.17,344.3 2 0
github.com/dianlight/srat/service/volume_service.go:344.8,349.18 4 0
github.com/dianlight/srat/service/volume_service.go:349.18,353.4 1 0
github.com/dianlight/srat/service/volume_service.go:355.3,356.18 2 0
github.com/dianlight/srat/service/volume_service.go:356.18,358.4 1 0
github.com/dianlight/srat/service/volume_service.go:358.9,361.4 2 0
github.com/dianlight/srat/service/volume_service.go:363.3,364.17 2 0
github.com/dianlight/srat/service/volume_service.go:364.17,369.25 3 0
github.com/dianlight/srat/service/volume_service.go:369.25,375.5 2 0
github.com/dianlight/srat/service/volume_service.go:377.4,378.84 1 0
github.com/dianlight/srat/service/volume_service.go:383.2,386.12 3 0
github.com/dianlight/srat/service/volume_service.go:389.77,391.16 2 0
github.com/dianlight/srat/service/volume_service.go:391.16,393.3 1 0
github.com/dianlight/srat/service/volume_service.go:394.2,394.45 1 0
github.com/dianlight/srat/service/volume_service.go:394.45,395.48 1 0
github.com/dianlight/srat/service/volume_service.go:395.48,397.4 1 0
github.com/dianlight/srat/service/volume_service.go:399.2,399.45 1 0
github.com/dianlight/srat/service/volume_service.go:402.85,404.15 1 1
github.com/dianlight/srat/service/volume_service.go:404.15,406.3 1 1
github.com/dianlight/srat/service/volume_service.go:407.2,408.16 2 1
github.com/dianlight/srat/service/volume_service.go:408.16,410.45 1 1
github.com/dianlight/srat/service/volume_service.go:410.45,413.4 1 0
github.com/dianlight/srat/service/volume_service.go:413.9,415.4 1 1
github.com/dianlight/srat/service/volume_service.go:417.8,420.3 1 0
github.com/dianlight/srat/service/volume_service.go:422.2,424.16 3 0
github.com/dianlight/srat/service/volume_service.go:424.16,427.3 2 0
github.com/dianlight/srat/service/volume_service.go:427.8,442.17 3 0
github.com/dianlight/srat/service/volume_service.go:442.17,444.4 1 0
github.com/dianlight/srat/service/volume_service.go:444.9,446.4 1 0
github.com/dianlight/srat/service/volume_service.go:450.2,450.28 1 0
github.com/dianlight/srat/service/volume_service.go:450.28,452.17 2 0
github.com/dianlight/srat/service/volume_service.go:452.17,457.4 1 0
github.com/dianlight/srat/service/volume_service.go:460.3,460.87 1 0
github.com/dianlight/srat/service/volume_service.go:460.87,462.4 1 0
github.com/dianlight/srat/service/volume_service.go:464.2,464.12 1 0
github.com/dianlight/srat/service/volume_service.go:468.47,472.56 3 1
github.com/dianlight/srat/service/volume_service.go:472.56,475.3 2 0
github.com/dianlight/srat/service/volume_service.go:476.2,484.6 6 1
github.com/dianlight/srat/service/volume_service.go:484.6,485.10 1 1
github.com/dianlight/srat/service/volume_service.go:486.26,489.10 3 1
github.com/dianlight/srat/service/volume_service.go:490.26,492.76 1 0
github.com/dianlight/srat/service/volume_service.go:492.76,499.68 5 0
github.com/dianlight/srat/service/volume_service.go:499.68,505.20 4 0
github.com/dianlight/srat/service/volume_service.go:505.20,507.15 2 0
github.com/dianlight/srat/service/volume_service.go:511.6,512.28 2 0
github.com/dianlight/srat/service/volume_service.go:512.28,513.41 1 0
github.com/dianlight/srat/service/volume_service.go:513.41,514.34 1 0
github.com/dianlight/srat/service/volume_service.go:514.34,515.52 1 0
github.com/dianlight/srat/service/volume_service.go:515.52,516.45 1 0
github.com/dianlight/srat/service/volume_service.go:516.45,517.56 1 0
github.com/dianlight/srat/service/volume_service.go:517.56,518.28 1 0
github.com/dianlight/srat/service/volume_service.go:518.28,520.13 1 0
github.com/dianlight/srat/service/volume_service.go:529.6,530.21 2 0
github.com/dianlight/srat/service/volume_service.go:530.21,532.15 2 0
github.com/dianlight/srat/service/volume_service.go:535.6,535.37 1 0
github.com/dianlight/srat/service/volume_service.go:535.37,537.30 1 0
github.com/dianlight/srat/service/volume_service.go:537.30,538.16 1 0
github.com/dianlight/srat/service/volume_service.go:542.7,546.21 3 0
github.com/dianlight/srat/service/volume_service.go:546.21,549.8 2 0
github.com/dianlight/srat/service/volume_service.go:551.7,551.35 1 0
github.com/dianlight/srat/service/volume_service.go:551.35,560.62 2 0
github.com/dianlight/srat/service/volume_service.go:560.62,562.9 1 0
github.com/dianlight/srat/service/volume_service.go:565.8,566.65 2 0
github.com/dianlight/srat/service/volume_service.go:566.65,568.9 1 0
github.com/dianlight/srat/service/volume_service.go:572.7,572.55 1 0
github.com/dianlight/srat/service/volume_service.go:572.55,574.8 1 0
github.com/dianlight/srat/service/volume_service.go:578.6,578.28 1 0
github.com/dianlight/srat/service/volume_service.go:581.27,582.62 1 0
github.com/dianlight/srat/service/volume_service.go:590.69,595.66 3 1
github.com/dianlight/srat/service/volume_service.go:595.66,605.77 6 1
github.com/dianlight/srat/service/volume_service.go:605.77,624.4 2 0
github.com/dianlight/srat/service/volume_service.go:627.3,627.33 1 1
github.com/dianlight/srat/service/volume_service.go:627.33,630.4 2 0
github.com/dianlight/srat/service/volume_service.go:633.3,634.19 2 1
github.com/dianlight/srat/service/volume_service.go:634.19,636.4 1 1
github.com/dianlight/srat/service/volume_service.go:639.3,640.17 2 1
github.com/dianlight/srat/service/volume_service.go:640.17,642.4 1 0
github.com/dianlight/srat/service/volume_service.go:645.3,647.30 2 1
github.com/dianlight/srat/service/volume_service.go:647.30,648.30 1 1
github.com/dianlight/srat/service/volume_service.go:648.30,649.13 1 0
github.com/dianlight/srat/service/volume_service.go:651.4,651.45 1 1
github.com/dianlight/srat/service/volume_service.go:651.45,652.41 1 1
github.com/dianlight/srat/service/volume_service.go:652.41,654.14 2 0
github.com/dianlight/srat/service/volume_service.go:657.5,658.19 2 1
github.com/dianlight/srat/service/volume_service.go:658.19,660.14 2 0
github.com/dianlight/srat/service/volume_service.go:663.5,663.41 1 1
github.com/dianlight/srat/service/volume_service.go:663.41,667.33 1 1
github.com/dianlight/srat/service/volume_service.go:667.33,671.68 3 1
github.com/dianlight/srat/service/volume_service.go:671.68,674.26 2 0
github.com/dianlight/srat/service/volume_service.go:674.26,676.9 1 0
github.com/dianlight/srat/service/volume_service.go:679.7,689.57 11 1
github.com/dianlight/srat/service/volume_service.go:689.57,691.8 1 1
github.com/dianlight/srat/service/volume_service.go:692.7,698.25 6 1
github.com/dianlight/srat/service/volume_service.go:698.25,700.8 1 0
github.com/dianlight/srat/service/volume_service.go:701.7,701.75 1 1
github.com/dianlight/srat/service/volume_service.go:705.4,705.19 1 1
github.com/dianlight/srat/service/volume_service.go:709.3,709.28 1 1
github.com/dianlight/srat/service/volume_service.go:709.28,710.44 1 1
github.com/dianlight/srat/service/volume_service.go:710.44,711.37 1 1
github.com/dianlight/srat/service/volume_service.go:711.37,712.14 1 0
github.com/dianlight/srat/service/volume_service.go:714.5,714.55 1 1
github.com/dianlight/srat/service/volume_service.go:714.55,716.25 2 1
github.com/dianlight/srat/service/volume_service.go:716.25,717.54 1 0
github.com/dianlight/srat/service/volume_service.go:717.54,718.16 1 0
github.com/dianlight/srat/service/volume_service.go:719.13,721.8 1 0
github.com/dianlight/srat/service/volume_service.go:723.6,723.27 1 1
github.com/dianlight/srat/service/volume_service.go:723.27,725.24 2 0
github.com/dianlight/srat/service/volume_service.go:725.24,727.8 1 0
github.com/dianlight/srat/service/volume_service.go:728.7,729.69 2 0
github.com/dianlight/srat/service/volume_service.go:736.3,736.36 1 1
github.com/dianlight/srat/service/volume_service.go:736.36,738.44 2 1
github.com/dianlight/srat/service/volume_service.go:738.44,741.19 3 1
github.com/dianlight/srat/service/volume_service.go:741.19,743.6 1 1
github.com/dianlight/srat/service/volume_service.go:748.3,748.37 1 1
github.com/dianlight/srat/service/volume_service.go:748.37,750.45 2 1
github.com/dianlight/srat/service/volume_service.go:750.45,753.19 3 1
github.com/dianlight/srat/service/volume_service.go:753.19,755.6 1 0
github.com/dianlight/srat/service/volume_service.go:777.3,777.19 1 1
github.com/dianlight/srat/service/volume_service.go:780.2,780.16 1 1
github.com/dianlight/srat/service/volume_service.go:780.16,783.3 1 1
github.com/dianlight/srat/service/volume_service.go:785.2,786.9 2 1
github.com/dianlight/srat/service/volume_service.go:786.9,789.3 2 0
github.com/dianlight/srat/service/volume_service.go:791.2,791.20 1 1
github.com/dianlight/srat/service/volume_service.go:794.43,798.16 3 1
github.com/dianlight/srat/service/volume_service.go:798.16,803.3 2 0
github.com/dianlight/srat/service/volume_service.go:805.2,806.42 2 1
github.com/dianlight/srat/service/volume_service.go:945.67,947.52 1 0
github.com/dianlight/srat/service/volume_service.go:947.52,950.3 2 0
github.com/dianlight/srat/service/volume_service.go:953.2,954.16 2 0
github.com/dianlight/srat/service/volume_service.go:954.16,956.3 1 0
github.com/dianlight/srat/service/volume_service.go:959.2,961.16 3 0
github.com/dianlight/srat/service/volume_service.go:961.16,963.3 1 0
github.com/dianlight/srat/service/volume_service.go:965.2,965.12 1 0
github.com/dianlight/srat/service/volume_service.go:968.79,971.23 3 0
github.com/dianlight/srat/service/volume_service.go:971.23,973.3 1 0
github.com/dianlight/srat/service/volume_service.go:975.2,976.16 2 0
github.com/dianlight/srat/service/volume_service.go:976.16,978.3 1 0
github.com/dianlight/srat/service/volume_service.go:981.2,983.26 2 0
github.com/dianlight/srat/service/volume_service.go:986.59,989.15 2 0
github.com/dianlight/srat/service/volume_service.go:989.15,991.3 1 0
github.com/dianlight/srat/service/volume_service.go:993.2,994.16 2 0
github.com/dianlight/srat/service/volume_service.go:994.16,996.3 1 0
github.com/dianlight/srat/service/volume_service.go:998.2,999.30 2 0
github.com/dianlight/srat/service/volume_service.go:999.30,1000.37 1 0
github.com/dianlight/srat/service/volume_service.go:1000.37,1002.9 2 0
github.com/dianlight/srat/service/volume_service.go:1006.2,1006.23 1 0
github.com/dianlight/srat/service/volume_service.go:1006.23,1008.3 1 0
github.com/dianlight/srat/service/volume_service.go:1010.2,1010.59 1 0
github.com/dianlight/srat/service/volume_service.go:1010.59,1012.3 1 0
github.com/dianlight/srat/service/volume_service.go:1015.2,1015.34 1 0
github.com/dianlight/srat/service/volume_service.go:1015.34,1016.52 1 0
github.com/dianlight/srat/service/volume_service.go:1016.52,1017.39 1 0
github.com/dianlight/srat/service/volume_service.go:1017.39,1018.51 1 0
github.com/dianlight/srat/service/volume_service.go:1018.51,1019.23 1 0
github.com/dianlight/srat/service/volume_service.go:1019.23,1022.74 3 0
github.com/dianlight/srat/service/volume_service.go:1022.74,1025.8 1 0
github.com/dianlight/srat/service/volume_service.go:1027.7,1029.28 3 0
github.com/dianlight/srat/service/volume_service.go:1029.28,1032.8 1 0
github.com/dianlight/srat/service/volume_service.go:1040.2,1043.44 4 0
github.com/dianlight/srat/service/volume_service.go:1043.44,1045.3 1 0
github.com/dianlight/srat/service/volume_service.go:1047.2,1048.12 2 0
github.com/dianlight/srat/service/volume_service.go:1051.124,1053.15 1 1
github.com/dianlight/srat/service/volume_service.go:1053.15,1055.3 1 1
github.com/dianlight/srat/service/volume_service.go:1056.2,1057.16 2 1
github.com/dianlight/srat/service/volume_service.go:1057.16,1058.45 1 1
github.com/dianlight/srat/service/volume_service.go:1058.45,1060.4 1 1
github.com/dianlight/srat/service/volume_service.go:1061.3,1061.36 1 0
github.com/dianlight/srat/service/volume_service.go:1064.2,1067.27 2 1
github.com/dianlight/srat/service/volume_service.go:1067.27,1069.3 1 1
github.com/dianlight/srat/service/volume_service.go:1070.2,1070.26 1 1
github.com/dianlight/srat/service/volume_service.go:1070.26,1071.31 1 1
github.com/dianlight/srat/service/volume_service.go:1071.31,1073.4 1 0
github.com/dianlight/srat/service/volume_service.go:1074.3,1074.71 1 1
github.com/dianlight/srat/service/volume_service.go:1076.2,1076.32 1 1
github.com/dianlight/srat/service/volume_service.go:1076.32,1077.30 1 0
github.com/dianlight/srat/service/volume_service.go:1077.30,1079.4 1 0
github.com/dianlight/srat/service/volume_service.go:1080.3,1080.76 1 0
github.com/dianlight/srat/service/volume_service.go:1082.2,1082.39 1 1
github.com/dianlight/srat/service/volume_service.go:1082.39,1084.3 1 1
github.com/dianlight/srat/service/volume_service.go:1086.2,1086.56 1 1
github.com/dianlight/srat/service/volume_service.go:1086.56,1088.3 1 0
github.com/dianlight/srat/service/volume_service.go:1090.2,1091.100 2 1
github.com/dianlight/srat/service/volume_service.go:1091.100,1093.3 1 0
github.com/dianlight/srat/service/volume_service.go:1094.2,1094.25 1 1
github.com/dianlight/srat/service/volume_service.go:1097.125,1099.15 1 1
github.com/dianlight/srat/service/volume_service.go:1099.15,1101.3 1 1
github.com/dianlight/srat/service/volume_service.go:1102.2,1103.16 2 1
github.com/dianlight/srat/service/volume_service.go:1103.16,1104.45 1 0
github.com/dianlight/srat/service/volume_service.go:1104.45,1106.4 1 0
github.com/dianlight/srat/service/volume_service.go:1107.3,1107.36 1 0
github.com/dianlight/srat/service/volume_service.go:1110.2,1113.29 3 1
github.com/dianlight/srat/service/volume_service.go:1113.29,1114.46 1 0
github.com/dianlight/srat/service/volume_service.go:1114.46,1117.4 2 0
github.com/dianlight/srat/service/volume_service.go:1120.2,1120.28 1 1
github.com/dianlight/srat/service/volume_service.go:1120.28,1121.31 1 0
github.com/dianlight/srat/service/volume_service.go:1121.31,1123.4 1 0
github.com/dianlight/srat/service/volume_service.go:1124.3,1125.17 2 0
github.com/dianlight/srat/service/volume_service.go:1128.2,1128.34 1 1
github.com/dianlight/srat/service/volume_service.go:1128.34,1129.30 1 0
github.com/dianlight/srat/service/volume_service.go:1129.30,1131.4 1 0
github.com/dianlight/srat/service/volume_service.go:1132.3,1133.17 2 0
github.com/dianlight/srat/service/volume_service.go:1136.2,1136.41 1 1
github.com/dianlight/srat/service/volume_service.go:1136.41,1137.112 1 1
github.com/dianlight/srat/service/volume_service.go:1137.112,1140.4 2 1
github.com/dianlight/srat/service/volume_service.go:1143.2,1143.13 1 1
github.com/dianlight/srat/service/volume_service.go:1143.13,1144.57 1 1
github.com/dianlight/srat/service/volume_service.go:1144.57,1146.4 1 0
github.com/dianlight/srat/service/volume_service.go:1149.2,1150.100 2 1
github.com/dianlight/srat/service/volume_service.go:1150.100,1152.3 1 0
github.com/dianlight/srat/service/volume_service.go:1153.2,1153.25 1 1
github.com/dianlight/srat/service/volume_service.go:1157.103,1158.27 1 0
github.com/dianlight/srat/service/volume_service.go:1158.27,1161.3 2 0
github.com/dianlight/srat/service/volume_service.go:1163.2,1167.45 4 0
github.com/dianlight/srat/service/volume_service.go:1167.45,1169.3 1 0
github.com/dianlight/srat/service/volume_service.go:1169.8,1169.47 1 0
github.com/dianlight/srat/service/volume_service.go:1169.47,1171.3 1 0
github.com/dianlight/srat/service/volume_service.go:1171.8,1173.3 1 0
github.com/dianlight/srat/service/volume_service.go:1175.2,1176.22 2 0
github.com/dianlight/srat/service/volume_service.go:1176.22,1178.3 1 0
github.com/dianlight/srat/service/volume_service.go:1178.8,1180.3 1 0
github.com/dianlight/srat/service/volume_service.go:1184.96,1185.27 1 0
github.com/dianlight/srat/service/volume_service.go:1185.27,1188.3 2 0
github.com/dianlight/srat/service/volume_service.go:1190.2,1195.22 5 0
github.com/dianlight/srat/service/volume_service.go:1195.22,1197.3 1 0
github.com/dianlight/srat/service/volume_service.go:1197.8,1199.3 1 0
github.com/dianlight/srat/service/volume_service.go:1203.99,1204.27 1 0
github.com/dianlight/srat/service/volume_service.go:1204.27,1206.3 1 0
github.com/dianlight/srat/service/volume_service.go:1208.2,1211.22 3 0
github.com/dianlight/srat/service/volume_service.go:1211.22,1213.3 1 0
github.com/dianlight/srat/service/volume_service.go:1213.8,1215.3 1 0
github.com/dianlight/srat/service/volume_service.go:1219.73,1222.16 2 0
github.com/dianlight/srat/service/volume_service.go:1222.16,1224.3 1 0
github.com/dianlight/srat/service/volume_service.go:1226.2,1226.44 1 0
github.com/dianlight/srat/service/volume_service.go:1226.44,1228.78 1 0
github.com/dianlight/srat/service/volume_service.go:1228.78,1229.12 1 0
github.com/dianlight/srat/service/volume_service.go:1233.3,1234.27 2 0
github.com/dianlight/srat/service/volume_service.go:1234.27,1239.12 2 0
github.com/dianlight/srat/service/volume_service.go:1242.3,1242.17 1 0
github.com/dianlight/srat/service/volume_service.go:1242.17,1249.4 2 0
github.com/dianlight/srat/service/volume_service.go:1249.9,1252.4 1 0
github.com/dianlight/srat/service/volume_service.go:1255.2,1255.12 1 0
github.com/dianlight/srat/service/volume_service.go:1258.88,1260.2 1 1
