mode: set
github.com/dianlight/srat/api/health.go:50.81,53.33 3 1
github.com/dianlight/srat/api/health.go:53.33,55.3 1 0
github.com/dianlight/srat/api/health.go:57.2,71.31 15 1
github.com/dianlight/srat/api/health.go:71.31,73.3 1 1
github.com/dianlight/srat/api/health.go:73.8,75.3 1 0
github.com/dianlight/srat/api/health.go:77.2,78.44 1 1
github.com/dianlight/srat/api/health.go:78.44,80.14 2 1
github.com/dianlight/srat/api/health.go:80.14,83.5 2 1
github.com/dianlight/srat/api/health.go:84.4,84.14 1 1
github.com/dianlight/srat/api/health.go:87.2,88.10 2 1
github.com/dianlight/srat/api/health.go:94.64,97.2 2 1
github.com/dianlight/srat/api/health.go:108.124,110.2 1 1
github.com/dianlight/srat/api/health.go:112.115,114.2 1 1
github.com/dianlight/srat/api/health.go:121.40,123.16 2 1
github.com/dianlight/srat/api/health.go:123.16,125.3 1 0
github.com/dianlight/srat/api/health.go:126.2,126.52 1 1
github.com/dianlight/srat/api/health.go:141.39,142.6 1 1
github.com/dianlight/srat/api/health.go:142.6,143.10 1 1
github.com/dianlight/srat/api/health.go:144.26,147.43 3 1
github.com/dianlight/srat/api/health.go:148.50,154.18 3 1
github.com/dianlight/srat/api/health.go:154.18,157.5 2 0
github.com/dianlight/srat/api/health.go:157.10,159.5 1 1
github.com/dianlight/srat/api/health.go:160.4,162.18 3 1
github.com/dianlight/srat/api/health.go:162.18,165.5 2 0
github.com/dianlight/srat/api/health.go:165.10,169.5 2 1
github.com/dianlight/srat/api/health.go:170.4,171.18 2 1
github.com/dianlight/srat/api/health.go:171.18,174.5 2 0
github.com/dianlight/srat/api/health.go:174.10,176.5 1 1
github.com/dianlight/srat/api/health.go:177.4,178.18 2 1
github.com/dianlight/srat/api/health.go:178.18,181.5 2 0
github.com/dianlight/srat/api/health.go:181.10,185.5 2 1
github.com/dianlight/srat/api/health.go:188.4,192.54 4 1
github.com/dianlight/srat/api/issue.go:20.67,22.2 1 1
github.com/dianlight/srat/api/issue.go:66.55,73.80 1 1
github.com/dianlight/srat/api/issue.go:73.80,75.17 2 1
github.com/dianlight/srat/api/issue.go:75.17,78.4 2 1
github.com/dianlight/srat/api/issue.go:79.3,79.45 1 1
github.com/dianlight/srat/api/issue.go:82.2,88.84 1 1
github.com/dianlight/srat/api/issue.go:88.84,89.55 1 1
github.com/dianlight/srat/api/issue.go:89.55,92.4 2 1
github.com/dianlight/srat/api/issue.go:93.3,93.52 1 1
github.com/dianlight/srat/api/issue.go:96.2,102.86 1 1
github.com/dianlight/srat/api/issue.go:102.86,103.53 1 1
github.com/dianlight/srat/api/issue.go:103.53,106.4 2 1
github.com/dianlight/srat/api/issue.go:107.3,107.64 1 1
github.com/dianlight/srat/api/issue.go:110.2,116.84 1 1
github.com/dianlight/srat/api/issue.go:116.84,119.17 3 1
github.com/dianlight/srat/api/issue.go:119.17,122.4 2 1
github.com/dianlight/srat/api/issue.go:123.3,123.53 1 1
github.com/dianlight/srat/api/samba.go:16.104,21.2 4 1
github.com/dianlight/srat/api/samba.go:23.61,27.2 3 1
github.com/dianlight/srat/api/samba.go:29.123,31.16 2 1
github.com/dianlight/srat/api/samba.go:31.16,33.3 1 1
github.com/dianlight/srat/api/samba.go:34.2,34.60 1 1
github.com/dianlight/srat/api/samba.go:47.97,50.16 2 1
github.com/dianlight/srat/api/samba.go:50.16,52.3 1 1
github.com/dianlight/srat/api/samba.go:54.2,55.16 2 1
github.com/dianlight/srat/api/samba.go:55.16,57.3 1 0
github.com/dianlight/srat/api/samba.go:59.2,60.16 2 1
github.com/dianlight/srat/api/samba.go:60.16,62.3 1 0
github.com/dianlight/srat/api/samba.go:64.2,64.17 1 1
github.com/dianlight/srat/api/samba.go:78.119,82.16 3 1
github.com/dianlight/srat/api/samba.go:82.16,84.3 1 1
github.com/dianlight/srat/api/samba.go:86.2,88.56 2 1
github.com/dianlight/srat/api/setting.go:34.221,41.2 6 1
github.com/dianlight/srat/api/setting.go:50.60,54.2 2 1
github.com/dianlight/srat/api/setting.go:72.42,76.16 3 1
github.com/dianlight/srat/api/setting.go:76.16,78.3 1 0
github.com/dianlight/srat/api/setting.go:79.2,82.16 3 1
github.com/dianlight/srat/api/setting.go:82.16,84.3 1 0
github.com/dianlight/srat/api/setting.go:86.2,87.16 2 1
github.com/dianlight/srat/api/setting.go:87.16,89.3 1 0
github.com/dianlight/srat/api/setting.go:91.2,92.16 2 1
github.com/dianlight/srat/api/setting.go:92.16,94.3 1 0
github.com/dianlight/srat/api/setting.go:97.2,97.34 1 1
github.com/dianlight/srat/api/setting.go:97.34,99.17 2 1
github.com/dianlight/srat/api/setting.go:99.17,102.4 1 0
github.com/dianlight/srat/api/setting.go:105.2,106.56 2 1
github.com/dianlight/srat/api/setting.go:119.117,122.16 3 1
github.com/dianlight/srat/api/setting.go:122.16,124.3 1 0
github.com/dianlight/srat/api/setting.go:125.2,127.16 3 1
github.com/dianlight/srat/api/setting.go:127.16,130.3 1 0
github.com/dianlight/srat/api/setting.go:131.2,131.58 1 1
github.com/dianlight/srat/api/shares.go:23.17,29.2 5 1
github.com/dianlight/srat/api/shares.go:31.62,39.2 7 1
github.com/dianlight/srat/api/shares.go:51.122,53.16 2 1
github.com/dianlight/srat/api/shares.go:53.16,55.3 1 0
github.com/dianlight/srat/api/shares.go:56.2,56.64 1 1
github.com/dianlight/srat/api/shares.go:77.48,79.16 2 1
github.com/dianlight/srat/api/shares.go:79.16,80.45 1 1
github.com/dianlight/srat/api/shares.go:80.45,82.4 1 1
github.com/dianlight/srat/api/shares.go:83.3,83.75 1 0
github.com/dianlight/srat/api/shares.go:85.2,85.62 1 1
github.com/dianlight/srat/api/shares.go:109.11,111.16 2 1
github.com/dianlight/srat/api/shares.go:111.16,112.50 1 1
github.com/dianlight/srat/api/shares.go:112.50,114.4 1 1
github.com/dianlight/srat/api/shares.go:115.3,116.78 2 1
github.com/dianlight/srat/api/shares.go:118.2,124.57 3 1
github.com/dianlight/srat/api/shares.go:152.48,154.16 2 1
github.com/dianlight/srat/api/shares.go:154.16,155.45 1 1
github.com/dianlight/srat/api/shares.go:155.45,157.4 1 1
github.com/dianlight/srat/api/shares.go:158.3,158.50 1 0
github.com/dianlight/srat/api/shares.go:158.50,160.4 1 0
github.com/dianlight/srat/api/shares.go:161.3,162.78 2 0
github.com/dianlight/srat/api/shares.go:165.2,167.69 3 1
github.com/dianlight/srat/api/shares.go:185.23,187.16 2 1
github.com/dianlight/srat/api/shares.go:187.16,188.45 1 1
github.com/dianlight/srat/api/shares.go:188.45,190.4 1 1
github.com/dianlight/srat/api/shares.go:191.3,191.78 1 0
github.com/dianlight/srat/api/shares.go:194.2,196.25 3 1
github.com/dianlight/srat/api/shares.go:202.48,204.16 2 1
github.com/dianlight/srat/api/shares.go:204.16,205.45 1 1
github.com/dianlight/srat/api/shares.go:205.45,207.4 1 1
github.com/dianlight/srat/api/shares.go:208.3,208.79 1 0
github.com/dianlight/srat/api/shares.go:211.2,213.70 3 1
github.com/dianlight/srat/api/shares.go:219.48,221.16 2 1
github.com/dianlight/srat/api/shares.go:221.16,222.45 1 1
github.com/dianlight/srat/api/shares.go:222.45,224.4 1 1
github.com/dianlight/srat/api/shares.go:225.3,225.78 1 0
github.com/dianlight/srat/api/shares.go:228.2,230.69 3 1
github.com/dianlight/srat/api/sse.go:25.93,31.2 2 1
github.com/dianlight/srat/api/sse.go:51.54,65.65 1 1
github.com/dianlight/srat/api/sse.go:65.65,68.3 2 1
github.com/dianlight/srat/api/system.go:25.126,31.2 5 1
github.com/dianlight/srat/api/system.go:33.59,35.2 1 1
github.com/dianlight/srat/api/system.go:37.62,43.2 5 1
github.com/dianlight/srat/api/system.go:54.102,58.2 3 1
github.com/dianlight/srat/api/system.go:70.130,78.16 2 1
github.com/dianlight/srat/api/system.go:78.16,80.3 1 0
github.com/dianlight/srat/api/system.go:82.2,82.63 1 1
github.com/dianlight/srat/api/system.go:91.102,93.16 2 1
github.com/dianlight/srat/api/system.go:93.16,95.3 1 0
github.com/dianlight/srat/api/system.go:96.2,101.53 4 1
github.com/dianlight/srat/api/system.go:101.53,103.17 2 1
github.com/dianlight/srat/api/system.go:103.17,104.38 1 1
github.com/dianlight/srat/api/system.go:104.38,106.5 1 1
github.com/dianlight/srat/api/system.go:107.4,107.9 1 1
github.com/dianlight/srat/api/system.go:109.3,109.17 1 1
github.com/dianlight/srat/api/system.go:109.17,110.12 1 0
github.com/dianlight/srat/api/system.go:112.3,112.46 1 1
github.com/dianlight/srat/api/system.go:115.2,115.17 1 1
github.com/dianlight/srat/api/system.go:119.65,122.16 3 1
github.com/dianlight/srat/api/system.go:122.16,124.3 1 0
github.com/dianlight/srat/api/system.go:125.2,133.29 4 1
github.com/dianlight/srat/api/system.go:133.29,135.20 2 1
github.com/dianlight/srat/api/system.go:135.20,136.12 1 0
github.com/dianlight/srat/api/system.go:138.3,138.43 1 1
github.com/dianlight/srat/api/system.go:138.43,139.43 1 1
github.com/dianlight/srat/api/system.go:139.43,142.5 2 1
github.com/dianlight/srat/api/system.go:143.4,143.12 1 1
github.com/dianlight/srat/api/system.go:145.3,146.23 2 1
github.com/dianlight/srat/api/system.go:146.23,147.12 1 0
github.com/dianlight/srat/api/system.go:149.3,150.40 2 1
github.com/dianlight/srat/api/system.go:150.40,151.42 1 1
github.com/dianlight/srat/api/system.go:151.42,154.5 2 1
github.com/dianlight/srat/api/system.go:158.2,158.17 1 1
github.com/dianlight/srat/api/system.go:171.126,174.16 2 1
github.com/dianlight/srat/api/system.go:174.16,176.3 1 0
github.com/dianlight/srat/api/system.go:177.2,178.25 2 1
github.com/dianlight/srat/api/system.go:178.25,188.3 3 1
github.com/dianlight/srat/api/system.go:189.2,189.60 1 1
github.com/dianlight/srat/api/system.go:202.119,204.16 2 1
github.com/dianlight/srat/api/system.go:204.16,206.3 1 1
github.com/dianlight/srat/api/system.go:207.2,207.52 1 1
github.com/dianlight/srat/api/system.go:220.139,226.16 4 1
github.com/dianlight/srat/api/system.go:226.16,231.3 4 1
github.com/dianlight/srat/api/system.go:231.8,235.30 4 0
github.com/dianlight/srat/api/system.go:235.30,237.4 1 0
github.com/dianlight/srat/api/system.go:243.2,244.16 2 1
github.com/dianlight/srat/api/system.go:244.16,247.3 2 0
github.com/dianlight/srat/api/system.go:247.8,249.3 1 1
github.com/dianlight/srat/api/system.go:252.2,252.35 1 1
github.com/dianlight/srat/api/system.go:252.35,254.17 2 1
github.com/dianlight/srat/api/system.go:254.17,256.4 1 0
github.com/dianlight/srat/api/system.go:256.9,258.4 1 1
github.com/dianlight/srat/api/system.go:262.2,262.35 1 1
github.com/dianlight/srat/api/system.go:262.35,264.3 1 1
github.com/dianlight/srat/api/system.go:266.2,268.52 2 1
github.com/dianlight/srat/api/system.go:268.52,270.3 1 1
github.com/dianlight/srat/api/system.go:272.2,272.72 1 1
github.com/dianlight/srat/api/telemetry.go:17.126,22.2 1 1
github.com/dianlight/srat/api/telemetry.go:25.63,28.2 2 1
github.com/dianlight/srat/api/telemetry.go:31.121,35.54 2 1
github.com/dianlight/srat/api/telemetry.go:35.54,37.3 1 1
github.com/dianlight/srat/api/telemetry.go:39.2,39.51 1 1
github.com/dianlight/srat/api/telemetry.go:43.121,46.2 2 1
github.com/dianlight/srat/api/upgrade.go:34.65,36.2 1 1
github.com/dianlight/srat/api/upgrade.go:38.175,46.2 6 1
github.com/dianlight/srat/api/upgrade.go:48.64,52.2 3 1
github.com/dianlight/srat/api/upgrade.go:64.132,67.16 3 1
github.com/dianlight/srat/api/upgrade.go:67.16,68.49 1 1
github.com/dianlight/srat/api/upgrade.go:68.49,71.4 2 1
github.com/dianlight/srat/api/upgrade.go:72.3,73.70 2 0
github.com/dianlight/srat/api/upgrade.go:76.2,76.18 1 1
github.com/dianlight/srat/api/upgrade.go:76.18,79.3 2 0
github.com/dianlight/srat/api/upgrade.go:81.2,82.60 2 1
github.com/dianlight/srat/api/upgrade.go:85.127,87.16 2 1
github.com/dianlight/srat/api/upgrade.go:87.16,89.3 1 0
github.com/dianlight/srat/api/upgrade.go:91.2,94.12 3 1
github.com/dianlight/srat/api/upgrade.go:94.12,98.17 3 1
github.com/dianlight/srat/api/upgrade.go:98.17,101.4 2 0
github.com/dianlight/srat/api/upgrade.go:102.3,103.17 2 1
github.com/dianlight/srat/api/upgrade.go:103.17,106.4 2 0
github.com/dianlight/srat/api/upgrade.go:108.3,108.30 1 1
github.com/dianlight/srat/api/upgrade.go:108.30,110.4 1 1
github.com/dianlight/srat/api/upgrade.go:113.2,118.9 1 1
github.com/dianlight/srat/api/upgrade.go:130.139,138.16 6 1
github.com/dianlight/srat/api/upgrade.go:138.16,142.3 2 0
github.com/dianlight/srat/api/upgrade.go:142.8,144.33 1 1
github.com/dianlight/srat/api/upgrade.go:144.33,148.4 2 1
github.com/dianlight/srat/api/upgrade.go:148.9,151.4 1 1
github.com/dianlight/srat/api/upgrade.go:154.2,157.25 3 1
github.com/dianlight/srat/api/upgrade.go:157.25,159.34 2 1
github.com/dianlight/srat/api/upgrade.go:159.34,160.40 1 1
github.com/dianlight/srat/api/upgrade.go:160.40,162.5 1 1
github.com/dianlight/srat/api/upgrade.go:164.3,164.93 1 1
github.com/dianlight/srat/api/upgrade.go:165.8,168.3 2 1
github.com/dianlight/srat/api/upgrade.go:170.2,170.74 1 1
github.com/dianlight/srat/api/users.go:18.16,22.2 3 1
github.com/dianlight/srat/api/users.go:24.60,31.2 5 1
github.com/dianlight/srat/api/users.go:44.113,46.16 2 1
github.com/dianlight/srat/api/users.go:46.16,48.3 1 1
github.com/dianlight/srat/api/users.go:49.2,49.53 1 1
github.com/dianlight/srat/api/users.go:72.11,74.16 2 1
github.com/dianlight/srat/api/users.go:74.16,75.49 1 1
github.com/dianlight/srat/api/users.go:75.49,77.4 1 1
github.com/dianlight/srat/api/users.go:78.3,78.81 1 1
github.com/dianlight/srat/api/users.go:81.2,84.41 1 1
github.com/dianlight/srat/api/users.go:103.38,105.16 2 1
github.com/dianlight/srat/api/users.go:105.16,106.44 1 1
github.com/dianlight/srat/api/users.go:106.44,108.4 1 1
github.com/dianlight/srat/api/users.go:109.3,109.49 1 1
github.com/dianlight/srat/api/users.go:109.49,111.4 1 1
github.com/dianlight/srat/api/users.go:112.3,112.76 1 0
github.com/dianlight/srat/api/users.go:114.2,114.58 1 1
github.com/dianlight/srat/api/users.go:131.38,133.16 2 1
github.com/dianlight/srat/api/users.go:133.16,134.44 1 1
github.com/dianlight/srat/api/users.go:134.44,136.4 1 1
github.com/dianlight/srat/api/users.go:137.3,137.49 1 0
github.com/dianlight/srat/api/users.go:137.49,139.4 1 0
github.com/dianlight/srat/api/users.go:140.3,140.62 1 0
github.com/dianlight/srat/api/users.go:142.2,142.59 1 1
github.com/dianlight/srat/api/users.go:147.23,149.16 2 1
github.com/dianlight/srat/api/users.go:149.16,150.44 1 1
github.com/dianlight/srat/api/users.go:150.44,152.4 1 1
github.com/dianlight/srat/api/users.go:153.3,153.76 1 0
github.com/dianlight/srat/api/users.go:155.2,155.25 1 1
github.com/dianlight/srat/api/volumes.go:28.201,35.2 6 1
github.com/dianlight/srat/api/volumes.go:45.65,52.2 6 1
github.com/dianlight/srat/api/volumes.go:54.115,56.16 2 1
github.com/dianlight/srat/api/volumes.go:56.16,58.3 1 1
github.com/dianlight/srat/api/volumes.go:59.2,59.56 1 1
github.com/dianlight/srat/api/volumes.go:65.48,69.83 2 1
github.com/dianlight/srat/api/volumes.go:69.83,71.3 1 1
github.com/dianlight/srat/api/volumes.go:73.2,74.17 2 1
github.com/dianlight/srat/api/volumes.go:74.17,75.42 1 1
github.com/dianlight/srat/api/volumes.go:75.42,77.29 2 1
github.com/dianlight/srat/api/volumes.go:77.29,79.44 2 1
github.com/dianlight/srat/api/volumes.go:79.44,81.6 1 1
github.com/dianlight/srat/api/volumes.go:82.5,82.67 1 1
github.com/dianlight/srat/api/volumes.go:83.10,85.5 1 0
github.com/dianlight/srat/api/volumes.go:86.9,86.54 1 1
github.com/dianlight/srat/api/volumes.go:86.54,88.4 1 1
github.com/dianlight/srat/api/volumes.go:88.9,88.56 1 1
github.com/dianlight/srat/api/volumes.go:88.56,90.4 1 1
github.com/dianlight/srat/api/volumes.go:90.9,92.4 1 1
github.com/dianlight/srat/api/volumes.go:94.2,96.66 2 1
github.com/dianlight/srat/api/volumes.go:103.23,106.16 2 1
github.com/dianlight/srat/api/volumes.go:106.16,108.3 1 0
github.com/dianlight/srat/api/volumes.go:111.2,112.61 2 1
github.com/dianlight/srat/api/volumes.go:112.61,114.3 1 0
github.com/dianlight/srat/api/volumes.go:116.2,117.16 2 1
github.com/dianlight/srat/api/volumes.go:117.16,119.3 1 0
github.com/dianlight/srat/api/volumes.go:121.2,122.17 2 1
github.com/dianlight/srat/api/volumes.go:127.35,128.34 1 1
github.com/dianlight/srat/api/volumes.go:128.34,130.3 1 0
github.com/dianlight/srat/api/volumes.go:132.2,133.16 2 1
github.com/dianlight/srat/api/volumes.go:133.16,134.46 1 0
github.com/dianlight/srat/api/volumes.go:134.46,136.4 1 0
github.com/dianlight/srat/api/volumes.go:137.3,137.48 1 0
github.com/dianlight/srat/api/volumes.go:137.48,139.4 1 0
github.com/dianlight/srat/api/volumes.go:142.3,142.125 1 0
github.com/dianlight/srat/api/volumes.go:146.2,146.65 1 1
github.com/dianlight/srat/api/volumes.go:153.48,154.34 1 1
github.com/dianlight/srat/api/volumes.go:154.34,156.3 1 0
github.com/dianlight/srat/api/volumes.go:158.2,159.17 2 1
github.com/dianlight/srat/api/volumes.go:159.17,161.3 1 0
github.com/dianlight/srat/api/volumes.go:163.2,164.23 2 1
github.com/dianlight/srat/api/volumes.go:164.23,165.47 1 0
github.com/dianlight/srat/api/volumes.go:165.47,167.4 1 0
github.com/dianlight/srat/api/volumes.go:169.3,169.99 1 0
github.com/dianlight/srat/api/volumes.go:172.2,173.67 2 1
github.com/dianlight/srat/api/volumes.go:180.48,181.34 1 1
github.com/dianlight/srat/api/volumes.go:181.34,183.3 1 0
github.com/dianlight/srat/api/volumes.go:185.2,186.17 2 1
github.com/dianlight/srat/api/volumes.go:186.17,188.3 1 0
github.com/dianlight/srat/api/volumes.go:190.2,191.23 2 1
github.com/dianlight/srat/api/volumes.go:191.23,192.47 1 0
github.com/dianlight/srat/api/volumes.go:192.47,194.4 1 0
github.com/dianlight/srat/api/volumes.go:196.3,196.98 1 0
github.com/dianlight/srat/api/volumes.go:199.2,200.67 2 1
github.com/dianlight/srat/api/ws.go:29.113,34.43 1 1
github.com/dianlight/srat/api/ws.go:34.43,38.4 1 1
github.com/dianlight/srat/api/ws.go:40.2,56.3 3 1
github.com/dianlight/srat/api/ws.go:59.53,61.22 2 1
github.com/dianlight/srat/api/ws.go:61.22,63.3 1 1
github.com/dianlight/srat/api/ws.go:64.2,64.10 1 1
github.com/dianlight/srat/api/ws.go:69.87,71.16 2 1
github.com/dianlight/srat/api/ws.go:71.16,74.3 2 0
github.com/dianlight/srat/api/ws.go:75.2,79.41 3 1
github.com/dianlight/srat/api/ws.go:79.41,82.3 2 0
github.com/dianlight/srat/api/ws.go:84.2,86.73 2 1
github.com/dianlight/srat/api/ws.go:86.73,90.17 2 1
github.com/dianlight/srat/api/ws.go:90.17,92.4 1 0
github.com/dianlight/srat/api/ws.go:94.3,100.17 3 1
github.com/dianlight/srat/api/ws.go:100.17,102.4 1 0
github.com/dianlight/srat/api/ws.go:103.3,103.13 1 1
github.com/dianlight/srat/api/ws.go:107.2,110.6 3 1
github.com/dianlight/srat/api/ws.go:110.6,111.10 1 1
github.com/dianlight/srat/api/ws.go:112.26,113.10 1 0
github.com/dianlight/srat/api/ws.go:114.23,117.18 2 0
github.com/dianlight/srat/api/ws.go:117.18,120.5 2 0
github.com/dianlight/srat/api/ws.go:125.62,127.2 1 1
github.com/dianlight/srat/cmd/srat-openapi/main-openapi.go:24.52,25.15 1 1
github.com/dianlight/srat/cmd/srat-openapi/main-openapi.go:25.15,27.3 1 1
github.com/dianlight/srat/cmd/srat-openapi/main-openapi.go:28.2,29.87 2 1
github.com/dianlight/srat/cmd/srat-openapi/main-openapi.go:32.33,33.13 1 1
github.com/dianlight/srat/cmd/srat-openapi/main-openapi.go:33.13,35.3 1 1
github.com/dianlight/srat/cmd/srat-openapi/main-openapi.go:35.8,37.3 1 1
github.com/dianlight/srat/cmd/srat-openapi/main-openapi.go:40.13,46.22 4 0
github.com/dianlight/srat/cmd/srat-openapi/main-openapi.go:46.22,48.3 1 0
github.com/dianlight/srat/cmd/srat-openapi/main-openapi.go:50.2,58.16 6 0
github.com/dianlight/srat/cmd/srat-openapi/main-openapi.go:58.16,60.3 1 0
github.com/dianlight/srat/cmd/srat-openapi/main-openapi.go:62.2,102.6 5 0
github.com/dianlight/srat/cmd/srat-openapi/main-openapi.go:102.6,104.19 2 0
github.com/dianlight/srat/cmd/srat-openapi/main-openapi.go:104.19,106.6 1 0
github.com/dianlight/srat/cmd/srat-openapi/main-openapi.go:107.5,108.19 2 0
github.com/dianlight/srat/cmd/srat-openapi/main-openapi.go:108.19,110.6 1 0
github.com/dianlight/srat/cmd/srat-openapi/main-openapi.go:111.5,112.19 2 0
github.com/dianlight/srat/cmd/srat-openapi/main-openapi.go:112.19,114.6 1 0
github.com/dianlight/srat/cmd/srat-openapi/main-openapi.go:115.5,116.19 2 0
github.com/dianlight/srat/cmd/srat-openapi/main-openapi.go:116.19,118.6 1 0
github.com/dianlight/srat/cmd/srat-openapi/main-openapi.go:123.2,127.12 3 0
github.com/dianlight/srat/converter/config_to_dbom.go:53.89,54.27 1 1
github.com/dianlight/srat/converter/config_to_dbom.go:54.27,55.29 1 1
github.com/dianlight/srat/converter/config_to_dbom.go:55.29,57.4 1 1
github.com/dianlight/srat/converter/config_to_dbom.go:59.2,61.15 3 1
github.com/dianlight/srat/converter/config_to_dbom.go:64.52,66.2 1 1
github.com/dianlight/srat/converter/config_to_dbom_conv.go:69.112,70.30 1 0
github.com/dianlight/srat/converter/config_to_dbom_conv.go:70.30,72.25 2 0
github.com/dianlight/srat/converter/config_to_dbom_conv.go:72.25,73.25 1 0
github.com/dianlight/srat/converter/config_to_dbom_conv.go:73.25,75.5 1 0
github.com/dianlight/srat/converter/config_to_dbom_conv.go:75.10,75.70 1 0
github.com/dianlight/srat/converter/config_to_dbom_conv.go:75.70,77.5 1 0
github.com/dianlight/srat/converter/config_to_dbom_conv.go:77.10,78.41 1 0
github.com/dianlight/srat/converter/config_to_dbom_conv.go:78.41,80.55 2 0
github.com/dianlight/srat/converter/config_to_dbom_conv.go:80.55,83.7 2 0
github.com/dianlight/srat/converter/config_to_dbom_conv.go:84.11,84.102 1 0
github.com/dianlight/srat/converter/config_to_dbom_conv.go:84.102,90.56 1 0
github.com/dianlight/srat/converter/config_to_dbom_conv.go:90.56,92.7 1 0
github.com/dianlight/srat/converter/config_to_dbom_conv.go:92.12,94.7 1 0
github.com/dianlight/srat/converter/config_to_dbom_conv.go:95.11,97.6 1 0
github.com/dianlight/srat/converter/config_to_dbom_conv.go:101.2,101.12 1 0
github.com/dianlight/srat/converter/config_to_dbom_conv.go:104.176,106.16 2 0
github.com/dianlight/srat/converter/config_to_dbom_conv.go:106.16,108.3 1 0
github.com/dianlight/srat/converter/config_to_dbom_conv.go:109.2,109.29 1 0
github.com/dianlight/srat/converter/config_to_dbom_conv.go:109.29,110.19 1 0
github.com/dianlight/srat/converter/config_to_dbom_conv.go:110.19,113.4 2 0
github.com/dianlight/srat/converter/config_to_dbom_conv.go:113.9,116.19 3 0
github.com/dianlight/srat/converter/config_to_dbom_conv.go:116.19,118.5 1 0
github.com/dianlight/srat/converter/config_to_dbom_conv.go:119.4,119.58 1 0
github.com/dianlight/srat/converter/config_to_dbom_conv.go:122.2,122.27 1 0
github.com/dianlight/srat/converter/config_to_dbom_conv.go:122.27,124.3 1 0
github.com/dianlight/srat/converter/config_to_dbom_conv.go:125.2,125.31 1 0
github.com/dianlight/srat/converter/config_to_dbom_conv.go:125.31,128.18 3 0
github.com/dianlight/srat/converter/config_to_dbom_conv.go:128.18,130.4 1 0
github.com/dianlight/srat/converter/config_to_dbom_conv.go:131.3,131.38 1 0
github.com/dianlight/srat/converter/config_to_dbom_conv.go:133.2,133.12 1 0
github.com/dianlight/srat/converter/config_to_dbom_conv_gen.go:15.113,16.23 1 0
github.com/dianlight/srat/converter/config_to_dbom_conv_gen.go:16.23,18.3 1 0
github.com/dianlight/srat/converter/config_to_dbom_conv_gen.go:19.2,19.38 1 0
github.com/dianlight/srat/converter/config_to_dbom_conv_gen.go:19.38,21.3 1 0
github.com/dianlight/srat/converter/config_to_dbom_conv_gen.go:22.2,22.40 1 0
github.com/dianlight/srat/converter/config_to_dbom_conv_gen.go:22.40,24.3 1 0
github.com/dianlight/srat/converter/config_to_dbom_conv_gen.go:25.2,25.28 1 0
github.com/dianlight/srat/converter/config_to_dbom_conv_gen.go:25.28,27.3 1 0
github.com/dianlight/srat/converter/config_to_dbom_conv_gen.go:28.2,28.25 1 0
github.com/dianlight/srat/converter/config_to_dbom_conv_gen.go:28.25,30.42 2 0
github.com/dianlight/srat/converter/config_to_dbom_conv_gen.go:30.42,32.4 1 0
github.com/dianlight/srat/converter/config_to_dbom_conv_gen.go:34.2,34.27 1 0
github.com/dianlight/srat/converter/config_to_dbom_conv_gen.go:34.27,36.44 2 0
github.com/dianlight/srat/converter/config_to_dbom_conv_gen.go:36.44,38.4 1 0
github.com/dianlight/srat/converter/config_to_dbom_conv_gen.go:40.2,40.33 1 0
github.com/dianlight/srat/converter/config_to_dbom_conv_gen.go:40.33,42.3 1 0
github.com/dianlight/srat/converter/config_to_dbom_conv_gen.go:43.2,43.32 1 0
github.com/dianlight/srat/converter/config_to_dbom_conv_gen.go:43.32,46.3 2 0
github.com/dianlight/srat/converter/config_to_dbom_conv_gen.go:47.2,47.29 1 0
github.com/dianlight/srat/converter/config_to_dbom_conv_gen.go:47.29,50.3 2 0
github.com/dianlight/srat/converter/config_to_dbom_conv_gen.go:51.2,51.37 1 0
github.com/dianlight/srat/converter/config_to_dbom_conv_gen.go:51.37,54.3 2 0
github.com/dianlight/srat/converter/config_to_dbom_conv_gen.go:55.2,55.24 1 0
github.com/dianlight/srat/converter/config_to_dbom_conv_gen.go:55.24,57.3 1 0
github.com/dianlight/srat/converter/config_to_dbom_conv_gen.go:58.2,59.12 2 0
github.com/dianlight/srat/converter/config_to_dbom_conv_gen.go:61.103,62.27 1 0
github.com/dianlight/srat/converter/config_to_dbom_conv_gen.go:62.27,64.3 1 0
github.com/dianlight/srat/converter/config_to_dbom_conv_gen.go:65.2,65.27 1 0
github.com/dianlight/srat/converter/config_to_dbom_conv_gen.go:65.27,67.3 1 0
github.com/dianlight/srat/converter/config_to_dbom_conv_gen.go:68.2,68.12 1 0
github.com/dianlight/srat/converter/config_to_dbom_conv_gen.go:70.155,71.23 1 0
github.com/dianlight/srat/converter/config_to_dbom_conv_gen.go:71.23,73.3 1 0
github.com/dianlight/srat/converter/config_to_dbom_conv_gen.go:74.2,74.30 1 0
github.com/dianlight/srat/converter/config_to_dbom_conv_gen.go:74.30,77.3 2 0
github.com/dianlight/srat/converter/config_to_dbom_conv_gen.go:78.2,78.25 1 0
github.com/dianlight/srat/converter/config_to_dbom_conv_gen.go:78.25,80.42 2 0
github.com/dianlight/srat/converter/config_to_dbom_conv_gen.go:80.42,82.18 2 0
github.com/dianlight/srat/converter/config_to_dbom_conv_gen.go:82.18,84.5 1 0
github.com/dianlight/srat/converter/config_to_dbom_conv_gen.go:85.4,85.35 1 0
github.com/dianlight/srat/converter/config_to_dbom_conv_gen.go:88.2,88.27 1 0
github.com/dianlight/srat/converter/config_to_dbom_conv_gen.go:88.27,90.44 2 0
github.com/dianlight/srat/converter/config_to_dbom_conv_gen.go:90.44,92.18 2 0
github.com/dianlight/srat/converter/config_to_dbom_conv_gen.go:92.18,94.5 1 0
github.com/dianlight/srat/converter/config_to_dbom_conv_gen.go:95.4,95.38 1 0
github.com/dianlight/srat/converter/config_to_dbom_conv_gen.go:98.2,99.33 2 0
github.com/dianlight/srat/converter/config_to_dbom_conv_gen.go:99.33,101.3 1 0
github.com/dianlight/srat/converter/config_to_dbom_conv_gen.go:102.2,102.30 1 0
github.com/dianlight/srat/converter/config_to_dbom_conv_gen.go:102.30,104.3 1 0
github.com/dianlight/srat/converter/config_to_dbom_conv_gen.go:105.2,105.27 1 0
github.com/dianlight/srat/converter/config_to_dbom_conv_gen.go:105.27,107.3 1 0
github.com/dianlight/srat/converter/config_to_dbom_conv_gen.go:108.2,108.38 1 0
github.com/dianlight/srat/converter/config_to_dbom_conv_gen.go:108.38,110.3 1 0
github.com/dianlight/srat/converter/config_to_dbom_conv_gen.go:111.2,111.24 1 0
github.com/dianlight/srat/converter/config_to_dbom_conv_gen.go:111.24,113.3 1 0
github.com/dianlight/srat/converter/config_to_dbom_conv_gen.go:114.2,114.23 1 0
github.com/dianlight/srat/converter/config_to_dbom_conv_gen.go:114.23,116.3 1 0
github.com/dianlight/srat/converter/config_to_dbom_conv_gen.go:117.2,117.12 1 0
github.com/dianlight/srat/converter/config_to_dbom_conv_gen.go:119.113,121.19 2 0
github.com/dianlight/srat/converter/config_to_dbom_conv_gen.go:121.19,123.36 2 0
github.com/dianlight/srat/converter/config_to_dbom_conv_gen.go:123.36,125.4 1 0
github.com/dianlight/srat/converter/config_to_dbom_conv_gen.go:127.2,127.19 1 0
github.com/dianlight/srat/converter/config_to_dbom_conv_gen.go:129.113,131.19 2 0
github.com/dianlight/srat/converter/config_to_dbom_conv_gen.go:131.19,133.36 2 0
github.com/dianlight/srat/converter/config_to_dbom_conv_gen.go:133.36,135.4 1 0
github.com/dianlight/srat/converter/config_to_dbom_conv_gen.go:137.2,137.27 1 0
github.com/dianlight/srat/converter/config_to_dto.go:79.75,80.26 1 0
github.com/dianlight/srat/converter/config_to_dto.go:80.26,81.29 1 0
github.com/dianlight/srat/converter/config_to_dto.go:81.29,83.4 1 0
github.com/dianlight/srat/converter/config_to_dto.go:85.2,85.81 1 0
github.com/dianlight/srat/converter/config_to_dto.go:88.44,90.2 1 0
github.com/dianlight/srat/converter/config_to_dto.go:92.39,94.16 2 1
github.com/dianlight/srat/converter/config_to_dto.go:94.16,97.3 2 0
github.com/dianlight/srat/converter/config_to_dto.go:98.2,98.25 1 1
github.com/dianlight/srat/converter/config_to_dto.go:98.25,100.25 2 1
github.com/dianlight/srat/converter/config_to_dto.go:100.25,102.4 1 0
github.com/dianlight/srat/converter/config_to_dto.go:102.9,104.12 2 1
github.com/dianlight/srat/converter/config_to_dto.go:104.12,106.5 1 0
github.com/dianlight/srat/converter/config_to_dto.go:110.2,110.11 1 1
github.com/dianlight/srat/converter/config_to_dto.go:113.34,115.2 1 0
github.com/dianlight/srat/converter/config_to_dto.go:117.45,119.16 2 1
github.com/dianlight/srat/converter/config_to_dto.go:119.16,121.3 1 0
github.com/dianlight/srat/converter/config_to_dto.go:122.2,122.15 1 1
github.com/dianlight/srat/converter/config_to_dto.go:125.46,127.16 2 1
github.com/dianlight/srat/converter/config_to_dto.go:127.16,129.3 1 1
github.com/dianlight/srat/converter/config_to_dto.go:130.2,130.16 1 0
github.com/dianlight/srat/converter/config_to_dto.go:133.44,135.16 2 1
github.com/dianlight/srat/converter/config_to_dto.go:135.16,137.3 1 1
github.com/dianlight/srat/converter/config_to_dto.go:138.2,138.21 1 0
github.com/dianlight/srat/converter/config_to_dto.go:142.70,143.16 1 1
github.com/dianlight/srat/converter/config_to_dto.go:144.147,145.44 1 1
github.com/dianlight/srat/converter/config_to_dto.go:146.23,147.47 1 1
github.com/dianlight/srat/converter/config_to_dto.go:148.52,149.46 1 1
github.com/dianlight/srat/converter/config_to_dto.go:150.10,151.42 1 1
github.com/dianlight/srat/converter/config_to_dto.go:155.48,159.2 2 1
github.com/dianlight/srat/converter/config_to_dto_conv_gen.go:13.113,14.23 1 0
github.com/dianlight/srat/converter/config_to_dto_conv_gen.go:14.23,16.3 1 0
github.com/dianlight/srat/converter/config_to_dto_conv_gen.go:17.2,18.34 2 0
github.com/dianlight/srat/converter/config_to_dto_conv_gen.go:18.34,20.3 1 0
github.com/dianlight/srat/converter/config_to_dto_conv_gen.go:21.2,21.20 1 0
github.com/dianlight/srat/converter/config_to_dto_conv_gen.go:21.20,23.3 1 0
github.com/dianlight/srat/converter/config_to_dto_conv_gen.go:24.2,25.34 2 0
github.com/dianlight/srat/converter/config_to_dto_conv_gen.go:25.34,27.3 1 0
github.com/dianlight/srat/converter/config_to_dto_conv_gen.go:28.2,28.21 1 0
github.com/dianlight/srat/converter/config_to_dto_conv_gen.go:28.21,30.3 1 0
github.com/dianlight/srat/converter/config_to_dto_conv_gen.go:31.2,31.28 1 0
github.com/dianlight/srat/converter/config_to_dto_conv_gen.go:31.28,33.3 1 0
github.com/dianlight/srat/converter/config_to_dto_conv_gen.go:34.2,34.25 1 0
github.com/dianlight/srat/converter/config_to_dto_conv_gen.go:34.25,36.42 2 0
github.com/dianlight/srat/converter/config_to_dto_conv_gen.go:36.42,38.4 1 0
github.com/dianlight/srat/converter/config_to_dto_conv_gen.go:40.2,40.27 1 0
github.com/dianlight/srat/converter/config_to_dto_conv_gen.go:40.27,42.44 2 0
github.com/dianlight/srat/converter/config_to_dto_conv_gen.go:42.44,44.4 1 0
github.com/dianlight/srat/converter/config_to_dto_conv_gen.go:46.2,46.31 1 0
github.com/dianlight/srat/converter/config_to_dto_conv_gen.go:46.31,48.3 1 0
github.com/dianlight/srat/converter/config_to_dto_conv_gen.go:49.2,49.30 1 0
github.com/dianlight/srat/converter/config_to_dto_conv_gen.go:49.30,52.3 2 0
github.com/dianlight/srat/converter/config_to_dto_conv_gen.go:53.2,53.27 1 0
github.com/dianlight/srat/converter/config_to_dto_conv_gen.go:53.27,56.3 2 0
github.com/dianlight/srat/converter/config_to_dto_conv_gen.go:57.2,57.38 1 0
github.com/dianlight/srat/converter/config_to_dto_conv_gen.go:57.38,60.3 2 0
github.com/dianlight/srat/converter/config_to_dto_conv_gen.go:61.2,61.24 1 0
github.com/dianlight/srat/converter/config_to_dto_conv_gen.go:61.24,63.3 1 0
github.com/dianlight/srat/converter/config_to_dto_conv_gen.go:64.2,64.29 1 0
github.com/dianlight/srat/converter/config_to_dto_conv_gen.go:64.29,66.46 2 0
github.com/dianlight/srat/converter/config_to_dto_conv_gen.go:66.46,68.4 1 0
github.com/dianlight/srat/converter/config_to_dto_conv_gen.go:70.2,70.12 1 0
github.com/dianlight/srat/converter/config_to_dto_conv_gen.go:72.96,73.27 1 0
github.com/dianlight/srat/converter/config_to_dto_conv_gen.go:73.27,75.3 1 0
github.com/dianlight/srat/converter/config_to_dto_conv_gen.go:76.2,76.27 1 0
github.com/dianlight/srat/converter/config_to_dto_conv_gen.go:76.27,78.3 1 0
github.com/dianlight/srat/converter/config_to_dto_conv_gen.go:79.2,79.12 1 0
github.com/dianlight/srat/converter/dto_to_dbom.go:114.62,116.2 1 1
github.com/dianlight/srat/converter/dto_to_dbom.go:118.62,122.2 1 1
github.com/dianlight/srat/converter/dto_to_dbom.go:125.76,126.26 1 1
github.com/dianlight/srat/converter/dto_to_dbom.go:126.26,127.35 1 1
github.com/dianlight/srat/converter/dto_to_dbom.go:127.35,128.38 1 1
github.com/dianlight/srat/converter/dto_to_dbom.go:128.38,130.5 1 1
github.com/dianlight/srat/converter/dto_to_dbom.go:133.2,133.12 1 1
github.com/dianlight/srat/converter/dto_to_dbom_conv.go:25.110,27.38 2 1
github.com/dianlight/srat/converter/dto_to_dbom_conv.go:27.38,32.72 2 1
github.com/dianlight/srat/converter/dto_to_dbom_conv.go:32.72,34.12 2 0
github.com/dianlight/srat/converter/dto_to_dbom_conv.go:38.3,44.46 3 1
github.com/dianlight/srat/converter/dto_to_dbom_conv.go:44.46,52.60 4 1
github.com/dianlight/srat/converter/dto_to_dbom_conv.go:52.60,55.5 2 0
github.com/dianlight/srat/converter/dto_to_dbom_conv.go:55.10,59.5 1 1
github.com/dianlight/srat/converter/dto_to_dbom_conv.go:61.4,61.23 1 1
github.com/dianlight/srat/converter/dto_to_dbom_conv.go:61.23,64.5 2 0
github.com/dianlight/srat/converter/dto_to_dbom_conv.go:65.4,65.17 1 1
github.com/dianlight/srat/converter/dto_to_dbom_conv.go:68.3,69.32 2 1
github.com/dianlight/srat/converter/dto_to_dbom_conv.go:69.32,71.4 1 1
github.com/dianlight/srat/converter/dto_to_dbom_conv.go:71.9,73.4 1 0
github.com/dianlight/srat/converter/dto_to_dbom_conv.go:74.3,74.24 1 1
github.com/dianlight/srat/converter/dto_to_dbom_conv.go:76.2,76.12 1 1
github.com/dianlight/srat/converter/dto_to_dbom_conv.go:79.110,82.30 2 1
github.com/dianlight/srat/converter/dto_to_dbom_conv.go:82.30,84.25 2 1
github.com/dianlight/srat/converter/dto_to_dbom_conv.go:84.25,85.25 1 1
github.com/dianlight/srat/converter/dto_to_dbom_conv.go:85.25,87.5 1 0
github.com/dianlight/srat/converter/dto_to_dbom_conv.go:87.10,87.70 1 1
github.com/dianlight/srat/converter/dto_to_dbom_conv.go:87.70,89.5 1 1
github.com/dianlight/srat/converter/dto_to_dbom_conv.go:89.10,89.180 1 0
github.com/dianlight/srat/converter/dto_to_dbom_conv.go:89.180,92.5 1 0
github.com/dianlight/srat/converter/dto_to_dbom_conv.go:92.10,92.121 1 0
github.com/dianlight/srat/converter/dto_to_dbom_conv.go:92.121,97.5 3 0
github.com/dianlight/srat/converter/dto_to_dbom_conv.go:97.10,97.83 1 0
github.com/dianlight/srat/converter/dto_to_dbom_conv.go:97.83,101.19 3 0
github.com/dianlight/srat/converter/dto_to_dbom_conv.go:101.19,103.6 1 0
github.com/dianlight/srat/converter/dto_to_dbom_conv.go:104.10,105.41 1 0
github.com/dianlight/srat/converter/dto_to_dbom_conv.go:105.41,107.55 2 0
github.com/dianlight/srat/converter/dto_to_dbom_conv.go:107.55,110.7 2 0
github.com/dianlight/srat/converter/dto_to_dbom_conv.go:111.11,113.6 1 0
github.com/dianlight/srat/converter/dto_to_dbom_conv.go:119.2,119.12 1 1
github.com/dianlight/srat/converter/dto_to_dbom_conv.go:122.128,124.16 2 1
github.com/dianlight/srat/converter/dto_to_dbom_conv.go:124.16,126.3 1 0
github.com/dianlight/srat/converter/dto_to_dbom_conv.go:127.2,129.40 3 1
github.com/dianlight/srat/converter/dto_to_dbom_conv.go:129.40,132.17 3 1
github.com/dianlight/srat/converter/dto_to_dbom_conv.go:132.17,134.4 1 0
github.com/dianlight/srat/converter/dto_to_dbom_conv.go:135.3,135.44 1 1
github.com/dianlight/srat/converter/dto_to_dbom_conv.go:137.2,137.42 1 1
github.com/dianlight/srat/converter/dto_to_dbom_conv.go:137.42,140.17 3 1
github.com/dianlight/srat/converter/dto_to_dbom_conv.go:140.17,142.4 1 0
github.com/dianlight/srat/converter/dto_to_dbom_conv.go:143.3,143.48 1 1
github.com/dianlight/srat/converter/dto_to_dbom_conv.go:145.2,145.34 1 1
github.com/dianlight/srat/converter/dto_to_dbom_conv.go:145.34,148.17 3 1
github.com/dianlight/srat/converter/dto_to_dbom_conv.go:148.17,150.4 1 0
github.com/dianlight/srat/converter/dto_to_dbom_conv.go:152.2,152.12 1 1
github.com/dianlight/srat/converter/dto_to_dbom_conv.go:155.146,157.16 2 1
github.com/dianlight/srat/converter/dto_to_dbom_conv.go:157.16,159.3 1 0
github.com/dianlight/srat/converter/dto_to_dbom_conv.go:162.2,162.38 1 1
github.com/dianlight/srat/converter/dto_to_dbom_conv.go:162.38,165.17 3 1
github.com/dianlight/srat/converter/dto_to_dbom_conv.go:165.17,167.4 1 0
github.com/dianlight/srat/converter/dto_to_dbom_conv.go:168.8,171.3 1 1
github.com/dianlight/srat/converter/dto_to_dbom_conv.go:173.2,173.12 1 1
github.com/dianlight/srat/converter/dto_to_dbom_conv_gen.go:16.141,17.23 1 1
github.com/dianlight/srat/converter/dto_to_dbom_conv_gen.go:17.23,19.3 1 1
github.com/dianlight/srat/converter/dto_to_dbom_conv_gen.go:20.2,20.28 1 1
github.com/dianlight/srat/converter/dto_to_dbom_conv_gen.go:20.28,22.3 1 0
github.com/dianlight/srat/converter/dto_to_dbom_conv_gen.go:23.2,23.25 1 1
github.com/dianlight/srat/converter/dto_to_dbom_conv_gen.go:23.25,25.42 2 1
github.com/dianlight/srat/converter/dto_to_dbom_conv_gen.go:25.42,27.4 1 1
github.com/dianlight/srat/converter/dto_to_dbom_conv_gen.go:29.2,29.27 1 1
github.com/dianlight/srat/converter/dto_to_dbom_conv_gen.go:29.27,31.44 2 0
github.com/dianlight/srat/converter/dto_to_dbom_conv_gen.go:31.44,33.4 1 0
github.com/dianlight/srat/converter/dto_to_dbom_conv_gen.go:35.2,35.33 1 1
github.com/dianlight/srat/converter/dto_to_dbom_conv_gen.go:35.33,38.3 2 0
github.com/dianlight/srat/converter/dto_to_dbom_conv_gen.go:39.2,39.32 1 1
github.com/dianlight/srat/converter/dto_to_dbom_conv_gen.go:39.32,42.3 2 0
github.com/dianlight/srat/converter/dto_to_dbom_conv_gen.go:43.2,43.29 1 1
github.com/dianlight/srat/converter/dto_to_dbom_conv_gen.go:43.29,46.3 2 0
github.com/dianlight/srat/converter/dto_to_dbom_conv_gen.go:47.2,47.37 1 1
github.com/dianlight/srat/converter/dto_to_dbom_conv_gen.go:47.37,50.3 2 0
github.com/dianlight/srat/converter/dto_to_dbom_conv_gen.go:51.2,51.24 1 1
github.com/dianlight/srat/converter/dto_to_dbom_conv_gen.go:51.24,53.3 1 0
github.com/dianlight/srat/converter/dto_to_dbom_conv_gen.go:54.2,55.12 2 1
github.com/dianlight/srat/converter/dto_to_dbom_conv_gen.go:57.127,59.19 2 0
github.com/dianlight/srat/converter/dto_to_dbom_conv_gen.go:59.19,61.23 2 0
github.com/dianlight/srat/converter/dto_to_dbom_conv_gen.go:61.23,63.40 2 0
github.com/dianlight/srat/converter/dto_to_dbom_conv_gen.go:63.40,65.19 2 0
github.com/dianlight/srat/converter/dto_to_dbom_conv_gen.go:65.19,67.6 1 0
github.com/dianlight/srat/converter/dto_to_dbom_conv_gen.go:68.5,68.49 1 0
github.com/dianlight/srat/converter/dto_to_dbom_conv_gen.go:71.3,71.50 1 0
github.com/dianlight/srat/converter/dto_to_dbom_conv_gen.go:73.2,73.36 1 0
github.com/dianlight/srat/converter/dto_to_dbom_conv_gen.go:75.104,77.19 2 1
github.com/dianlight/srat/converter/dto_to_dbom_conv_gen.go:77.19,79.36 2 1
github.com/dianlight/srat/converter/dto_to_dbom_conv_gen.go:79.36,81.4 1 1
github.com/dianlight/srat/converter/dto_to_dbom_conv_gen.go:83.2,83.26 1 1
github.com/dianlight/srat/converter/dto_to_dbom_conv_gen.go:85.127,86.23 1 1
github.com/dianlight/srat/converter/dto_to_dbom_conv_gen.go:86.23,88.3 1 1
github.com/dianlight/srat/converter/dto_to_dbom_conv_gen.go:89.2,89.23 1 1
github.com/dianlight/srat/converter/dto_to_dbom_conv_gen.go:89.23,91.3 1 1
github.com/dianlight/srat/converter/dto_to_dbom_conv_gen.go:92.2,92.27 1 1
github.com/dianlight/srat/converter/dto_to_dbom_conv_gen.go:92.27,94.3 1 1
github.com/dianlight/srat/converter/dto_to_dbom_conv_gen.go:95.2,95.26 1 1
github.com/dianlight/srat/converter/dto_to_dbom_conv_gen.go:95.26,97.3 1 1
github.com/dianlight/srat/converter/dto_to_dbom_conv_gen.go:98.2,100.38 3 1
github.com/dianlight/srat/converter/dto_to_dbom_conv_gen.go:100.38,102.3 1 1
github.com/dianlight/srat/converter/dto_to_dbom_conv_gen.go:103.2,103.26 1 1
github.com/dianlight/srat/converter/dto_to_dbom_conv_gen.go:103.26,105.43 2 1
github.com/dianlight/srat/converter/dto_to_dbom_conv_gen.go:105.43,107.18 2 1
github.com/dianlight/srat/converter/dto_to_dbom_conv_gen.go:107.18,109.5 1 0
github.com/dianlight/srat/converter/dto_to_dbom_conv_gen.go:110.4,110.40 1 1
github.com/dianlight/srat/converter/dto_to_dbom_conv_gen.go:113.2,113.12 1 1
github.com/dianlight/srat/converter/dto_to_dbom_conv_gen.go:115.147,116.23 1 1
github.com/dianlight/srat/converter/dto_to_dbom_conv_gen.go:116.23,118.3 1 1
github.com/dianlight/srat/converter/dto_to_dbom_conv_gen.go:119.2,119.23 1 1
github.com/dianlight/srat/converter/dto_to_dbom_conv_gen.go:119.23,121.3 1 1
github.com/dianlight/srat/converter/dto_to_dbom_conv_gen.go:122.2,122.23 1 1
github.com/dianlight/srat/converter/dto_to_dbom_conv_gen.go:122.23,124.3 1 1
github.com/dianlight/srat/converter/dto_to_dbom_conv_gen.go:125.2,125.23 1 1
github.com/dianlight/srat/converter/dto_to_dbom_conv_gen.go:125.23,127.3 1 1
github.com/dianlight/srat/converter/dto_to_dbom_conv_gen.go:128.2,128.23 1 1
github.com/dianlight/srat/converter/dto_to_dbom_conv_gen.go:128.23,130.3 1 1
github.com/dianlight/srat/converter/dto_to_dbom_conv_gen.go:131.2,131.23 1 1
github.com/dianlight/srat/converter/dto_to_dbom_conv_gen.go:131.23,133.3 1 1
github.com/dianlight/srat/converter/dto_to_dbom_conv_gen.go:134.2,134.25 1 1
github.com/dianlight/srat/converter/dto_to_dbom_conv_gen.go:134.25,137.3 2 1
github.com/dianlight/srat/converter/dto_to_dbom_conv_gen.go:138.2,139.16 2 1
github.com/dianlight/srat/converter/dto_to_dbom_conv_gen.go:139.16,141.3 1 0
github.com/dianlight/srat/converter/dto_to_dbom_conv_gen.go:142.2,144.16 3 1
github.com/dianlight/srat/converter/dto_to_dbom_conv_gen.go:144.16,146.3 1 0
github.com/dianlight/srat/converter/dto_to_dbom_conv_gen.go:147.2,148.27 2 1
github.com/dianlight/srat/converter/dto_to_dbom_conv_gen.go:148.27,150.3 1 1
github.com/dianlight/srat/converter/dto_to_dbom_conv_gen.go:151.2,151.27 1 1
github.com/dianlight/srat/converter/dto_to_dbom_conv_gen.go:151.27,153.3 1 1
github.com/dianlight/srat/converter/dto_to_dbom_conv_gen.go:154.2,154.23 1 1
github.com/dianlight/srat/converter/dto_to_dbom_conv_gen.go:154.23,156.17 2 1
github.com/dianlight/srat/converter/dto_to_dbom_conv_gen.go:156.17,158.4 1 0
github.com/dianlight/srat/converter/dto_to_dbom_conv_gen.go:159.3,159.27 1 1
github.com/dianlight/srat/converter/dto_to_dbom_conv_gen.go:161.2,161.23 1 1
github.com/dianlight/srat/converter/dto_to_dbom_conv_gen.go:161.23,163.17 2 1
github.com/dianlight/srat/converter/dto_to_dbom_conv_gen.go:163.17,165.4 1 0
github.com/dianlight/srat/converter/dto_to_dbom_conv_gen.go:166.3,166.28 1 1
github.com/dianlight/srat/converter/dto_to_dbom_conv_gen.go:168.2,168.38 1 1
github.com/dianlight/srat/converter/dto_to_dbom_conv_gen.go:168.38,170.3 1 0
github.com/dianlight/srat/converter/dto_to_dbom_conv_gen.go:171.2,171.23 1 1
github.com/dianlight/srat/converter/dto_to_dbom_conv_gen.go:171.23,173.3 1 1
github.com/dianlight/srat/converter/dto_to_dbom_conv_gen.go:174.2,174.25 1 1
github.com/dianlight/srat/converter/dto_to_dbom_conv_gen.go:174.25,176.3 1 1
github.com/dianlight/srat/converter/dto_to_dbom_conv_gen.go:177.2,177.26 1 1
github.com/dianlight/srat/converter/dto_to_dbom_conv_gen.go:177.26,179.43 2 0
github.com/dianlight/srat/converter/dto_to_dbom_conv_gen.go:179.43,181.18 2 0
github.com/dianlight/srat/converter/dto_to_dbom_conv_gen.go:181.18,183.5 1 0
github.com/dianlight/srat/converter/dto_to_dbom_conv_gen.go:184.4,184.40 1 0
github.com/dianlight/srat/converter/dto_to_dbom_conv_gen.go:187.2,187.12 1 1
github.com/dianlight/srat/converter/dto_to_dbom_conv_gen.go:189.97,193.28 4 0
github.com/dianlight/srat/converter/dto_to_dbom_conv_gen.go:193.28,195.45 2 0
github.com/dianlight/srat/converter/dto_to_dbom_conv_gen.go:195.45,197.4 1 0
github.com/dianlight/srat/converter/dto_to_dbom_conv_gen.go:199.2,199.28 1 0
github.com/dianlight/srat/converter/dto_to_dbom_conv_gen.go:199.28,201.45 2 0
github.com/dianlight/srat/converter/dto_to_dbom_conv_gen.go:201.45,203.4 1 0
github.com/dianlight/srat/converter/dto_to_dbom_conv_gen.go:205.2,205.12 1 0
github.com/dianlight/srat/converter/dto_to_dbom_conv_gen.go:207.148,208.23 1 1
github.com/dianlight/srat/converter/dto_to_dbom_conv_gen.go:208.23,210.3 1 1
github.com/dianlight/srat/converter/dto_to_dbom_conv_gen.go:211.2,211.28 1 1
github.com/dianlight/srat/converter/dto_to_dbom_conv_gen.go:211.28,213.3 1 1
github.com/dianlight/srat/converter/dto_to_dbom_conv_gen.go:214.2,215.31 2 1
github.com/dianlight/srat/converter/dto_to_dbom_conv_gen.go:215.31,217.3 1 0
github.com/dianlight/srat/converter/dto_to_dbom_conv_gen.go:218.2,218.30 1 1
github.com/dianlight/srat/converter/dto_to_dbom_conv_gen.go:218.30,220.3 1 0
github.com/dianlight/srat/converter/dto_to_dbom_conv_gen.go:221.2,221.27 1 1
github.com/dianlight/srat/converter/dto_to_dbom_conv_gen.go:221.27,223.3 1 0
github.com/dianlight/srat/converter/dto_to_dbom_conv_gen.go:224.2,224.38 1 1
github.com/dianlight/srat/converter/dto_to_dbom_conv_gen.go:224.38,226.3 1 0
github.com/dianlight/srat/converter/dto_to_dbom_conv_gen.go:227.2,227.24 1 1
github.com/dianlight/srat/converter/dto_to_dbom_conv_gen.go:227.24,229.3 1 0
github.com/dianlight/srat/converter/dto_to_dbom_conv_gen.go:230.2,231.34 2 1
github.com/dianlight/srat/converter/dto_to_dbom_conv_gen.go:231.34,233.3 1 1
github.com/dianlight/srat/converter/dto_to_dbom_conv_gen.go:234.2,234.20 1 1
github.com/dianlight/srat/converter/dto_to_dbom_conv_gen.go:234.20,236.3 1 1
github.com/dianlight/srat/converter/dto_to_dbom_conv_gen.go:237.2,237.12 1 1
github.com/dianlight/srat/converter/dto_to_dbom_conv_gen.go:239.127,241.19 2 0
github.com/dianlight/srat/converter/dto_to_dbom_conv_gen.go:241.19,243.23 2 0
github.com/dianlight/srat/converter/dto_to_dbom_conv_gen.go:243.23,245.40 2 0
github.com/dianlight/srat/converter/dto_to_dbom_conv_gen.go:245.40,247.19 2 0
github.com/dianlight/srat/converter/dto_to_dbom_conv_gen.go:247.19,249.6 1 0
github.com/dianlight/srat/converter/dto_to_dbom_conv_gen.go:250.5,250.49 1 0
github.com/dianlight/srat/converter/dto_to_dbom_conv_gen.go:253.3,253.50 1 0
github.com/dianlight/srat/converter/dto_to_dbom_conv_gen.go:255.2,255.36 1 0
github.com/dianlight/srat/converter/dto_to_dbom_conv_gen.go:257.97,258.27 1 1
github.com/dianlight/srat/converter/dto_to_dbom_conv_gen.go:258.27,260.3 1 1
github.com/dianlight/srat/converter/dto_to_dbom_conv_gen.go:261.2,261.27 1 1
github.com/dianlight/srat/converter/dto_to_dbom_conv_gen.go:261.27,263.3 1 0
github.com/dianlight/srat/converter/dto_to_dbom_conv_gen.go:264.2,264.29 1 1
github.com/dianlight/srat/converter/dto_to_dbom_conv_gen.go:264.29,266.3 1 0
github.com/dianlight/srat/converter/dto_to_dbom_conv_gen.go:267.2,267.28 1 1
github.com/dianlight/srat/converter/dto_to_dbom_conv_gen.go:267.28,269.45 2 0
github.com/dianlight/srat/converter/dto_to_dbom_conv_gen.go:269.45,271.4 1 0
github.com/dianlight/srat/converter/dto_to_dbom_conv_gen.go:273.2,273.28 1 1
github.com/dianlight/srat/converter/dto_to_dbom_conv_gen.go:273.28,275.45 2 0
github.com/dianlight/srat/converter/dto_to_dbom_conv_gen.go:275.45,277.4 1 0
github.com/dianlight/srat/converter/dto_to_dbom_conv_gen.go:279.2,279.12 1 1
github.com/dianlight/srat/converter/dto_to_dbom_conv_gen.go:281.110,283.19 2 1
github.com/dianlight/srat/converter/dto_to_dbom_conv_gen.go:283.19,285.36 2 0
github.com/dianlight/srat/converter/dto_to_dbom_conv_gen.go:285.36,287.4 1 0
github.com/dianlight/srat/converter/dto_to_dbom_conv_gen.go:289.2,289.19 1 1
github.com/dianlight/srat/converter/dto_to_dbom_conv_gen.go:291.118,293.19 2 0
github.com/dianlight/srat/converter/dto_to_dbom_conv_gen.go:293.19,295.36 2 0
github.com/dianlight/srat/converter/dto_to_dbom_conv_gen.go:295.36,297.18 2 0
github.com/dianlight/srat/converter/dto_to_dbom_conv_gen.go:297.18,299.5 1 0
github.com/dianlight/srat/converter/dto_to_dbom_conv_gen.go:300.4,300.35 1 0
github.com/dianlight/srat/converter/dto_to_dbom_conv_gen.go:303.2,303.27 1 0
github.com/dianlight/srat/converter/dto_to_dbom_conv_gen.go:305.130,307.16 2 0
github.com/dianlight/srat/converter/dto_to_dbom_conv_gen.go:307.16,309.3 1 0
github.com/dianlight/srat/converter/dto_to_dbom_conv_gen.go:310.2,310.32 1 0
github.com/dianlight/srat/converter/dto_to_dbom_conv_gen.go:312.89,317.28 5 1
github.com/dianlight/srat/converter/dto_to_dbom_conv_gen.go:317.28,319.45 2 0
github.com/dianlight/srat/converter/dto_to_dbom_conv_gen.go:319.45,321.4 1 0
github.com/dianlight/srat/converter/dto_to_dbom_conv_gen.go:323.2,323.28 1 1
github.com/dianlight/srat/converter/dto_to_dbom_conv_gen.go:323.28,325.45 2 0
github.com/dianlight/srat/converter/dto_to_dbom_conv_gen.go:325.45,327.4 1 0
github.com/dianlight/srat/converter/dto_to_dbom_conv_gen.go:329.2,329.16 1 1
github.com/dianlight/srat/converter/dto_to_dbom_conv_gen.go:331.105,337.2 5 1
github.com/dianlight/srat/converter/dto_to_dbom_conv_gen.go:338.109,340.19 2 1
github.com/dianlight/srat/converter/dto_to_dbom_conv_gen.go:340.19,342.36 2 1
github.com/dianlight/srat/converter/dto_to_dbom_conv_gen.go:342.36,344.4 1 1
github.com/dianlight/srat/converter/dto_to_dbom_conv_gen.go:346.2,346.26 1 1
github.com/dianlight/srat/converter/dto_to_dbom_conv_gen.go:348.119,352.25 4 0
github.com/dianlight/srat/converter/dto_to_dbom_conv_gen.go:352.25,354.42 2 0
github.com/dianlight/srat/converter/dto_to_dbom_conv_gen.go:354.42,356.4 1 0
github.com/dianlight/srat/converter/dto_to_dbom_conv_gen.go:358.2,358.27 1 0
github.com/dianlight/srat/converter/dto_to_dbom_conv_gen.go:358.27,360.44 2 0
github.com/dianlight/srat/converter/dto_to_dbom_conv_gen.go:360.44,362.4 1 0
github.com/dianlight/srat/converter/dto_to_dbom_conv_gen.go:364.2,375.16 12 0
github.com/dianlight/srat/converter/dto_to_dbom_conv_gen.go:375.16,377.3 1 0
github.com/dianlight/srat/converter/dto_to_dbom_conv_gen.go:378.2,379.31 2 0
github.com/dianlight/srat/converter/dto_to_dbom_conv_gen.go:381.108,387.2 5 0
github.com/dianlight/srat/converter/dto_to_dbom_conv_gen.go:388.121,392.26 4 0
github.com/dianlight/srat/converter/dto_to_dbom_conv_gen.go:392.26,394.3 1 0
github.com/dianlight/srat/converter/dto_to_dbom_conv_gen.go:395.2,398.26 4 0
github.com/dianlight/srat/converter/dto_to_dbom_conv_gen.go:398.26,400.43 2 0
github.com/dianlight/srat/converter/dto_to_dbom_conv_gen.go:400.43,402.18 2 0
github.com/dianlight/srat/converter/dto_to_dbom_conv_gen.go:402.18,404.5 1 0
github.com/dianlight/srat/converter/dto_to_dbom_conv_gen.go:405.4,405.52 1 0
github.com/dianlight/srat/converter/dto_to_dbom_conv_gen.go:408.2,408.32 1 0
github.com/dianlight/srat/converter/dto_to_dbom_conv_gen.go:410.121,421.16 11 0
github.com/dianlight/srat/converter/dto_to_dbom_conv_gen.go:421.16,423.3 1 0
github.com/dianlight/srat/converter/dto_to_dbom_conv_gen.go:424.2,426.16 3 0
github.com/dianlight/srat/converter/dto_to_dbom_conv_gen.go:426.16,428.3 1 0
github.com/dianlight/srat/converter/dto_to_dbom_conv_gen.go:429.2,432.16 4 0
github.com/dianlight/srat/converter/dto_to_dbom_conv_gen.go:432.16,434.3 1 0
github.com/dianlight/srat/converter/dto_to_dbom_conv_gen.go:435.2,437.16 3 0
github.com/dianlight/srat/converter/dto_to_dbom_conv_gen.go:437.16,439.3 1 0
github.com/dianlight/srat/converter/dto_to_dbom_conv_gen.go:440.2,444.26 5 0
github.com/dianlight/srat/converter/dto_to_dbom_conv_gen.go:444.26,446.43 2 0
github.com/dianlight/srat/converter/dto_to_dbom_conv_gen.go:446.43,448.18 2 0
github.com/dianlight/srat/converter/dto_to_dbom_conv_gen.go:448.18,450.5 1 0
github.com/dianlight/srat/converter/dto_to_dbom_conv_gen.go:451.4,451.51 1 0
github.com/dianlight/srat/converter/dto_to_dbom_conv_gen.go:454.2,454.31 1 0
github.com/dianlight/srat/converter/dto_to_dbom_conv_gen.go:456.122,458.19 2 1
github.com/dianlight/srat/converter/dto_to_dbom_conv_gen.go:458.19,460.17 2 0
github.com/dianlight/srat/converter/dto_to_dbom_conv_gen.go:460.17,462.4 1 0
github.com/dianlight/srat/converter/dto_to_dbom_conv_gen.go:463.3,463.34 1 0
github.com/dianlight/srat/converter/dto_to_dbom_conv_gen.go:465.2,465.28 1 1
github.com/dianlight/srat/converter/dto_to_dbom_conv_gen.go:467.113,469.19 2 1
github.com/dianlight/srat/converter/dto_to_dbom_conv_gen.go:469.19,472.3 2 1
github.com/dianlight/srat/converter/dto_to_dbom_conv_gen.go:473.2,473.27 1 1
github.com/dianlight/srat/converter/dto_to_dbom_conv_gen.go:475.130,477.19 2 1
github.com/dianlight/srat/converter/dto_to_dbom_conv_gen.go:477.19,479.17 2 0
github.com/dianlight/srat/converter/dto_to_dbom_conv_gen.go:479.17,481.4 1 0
github.com/dianlight/srat/converter/dto_to_dbom_conv_gen.go:482.3,482.43 1 0
github.com/dianlight/srat/converter/dto_to_dbom_conv_gen.go:484.2,484.32 1 1
github.com/dianlight/srat/converter/dto_to_dbom_conv_gen.go:486.119,490.25 4 1
github.com/dianlight/srat/converter/dto_to_dbom_conv_gen.go:490.25,492.42 2 0
github.com/dianlight/srat/converter/dto_to_dbom_conv_gen.go:492.42,494.18 2 0
github.com/dianlight/srat/converter/dto_to_dbom_conv_gen.go:494.18,496.5 1 0
github.com/dianlight/srat/converter/dto_to_dbom_conv_gen.go:497.4,497.46 1 0
github.com/dianlight/srat/converter/dto_to_dbom_conv_gen.go:500.2,500.27 1 1
github.com/dianlight/srat/converter/dto_to_dbom_conv_gen.go:500.27,502.44 2 0
github.com/dianlight/srat/converter/dto_to_dbom_conv_gen.go:502.44,504.18 2 0
github.com/dianlight/srat/converter/dto_to_dbom_conv_gen.go:504.18,506.5 1 0
github.com/dianlight/srat/converter/dto_to_dbom_conv_gen.go:507.4,507.49 1 0
github.com/dianlight/srat/converter/dto_to_dbom_conv_gen.go:510.2,511.31 2 1
github.com/dianlight/srat/converter/dto_to_dbom_conv_gen.go:511.31,513.3 1 0
github.com/dianlight/srat/converter/dto_to_dbom_conv_gen.go:514.2,514.30 1 1
github.com/dianlight/srat/converter/dto_to_dbom_conv_gen.go:514.30,516.3 1 0
github.com/dianlight/srat/converter/dto_to_dbom_conv_gen.go:517.2,517.27 1 1
github.com/dianlight/srat/converter/dto_to_dbom_conv_gen.go:517.27,519.3 1 0
github.com/dianlight/srat/converter/dto_to_dbom_conv_gen.go:520.2,520.38 1 1
github.com/dianlight/srat/converter/dto_to_dbom_conv_gen.go:520.38,522.3 1 0
github.com/dianlight/srat/converter/dto_to_dbom_conv_gen.go:523.2,525.34 3 1
github.com/dianlight/srat/converter/dto_to_dbom_conv_gen.go:525.34,527.3 1 0
github.com/dianlight/srat/converter/dto_to_dbom_conv_gen.go:528.2,528.20 1 1
github.com/dianlight/srat/converter/dto_to_dbom_conv_gen.go:528.20,530.3 1 0
github.com/dianlight/srat/converter/dto_to_dbom_conv_gen.go:531.2,532.16 2 1
github.com/dianlight/srat/converter/dto_to_dbom_conv_gen.go:532.16,534.3 1 0
github.com/dianlight/srat/converter/dto_to_dbom_conv_gen.go:535.2,536.31 2 1
github.com/dianlight/srat/converter/dto_to_dbom_conv_gen.go:538.110,540.19 2 1
github.com/dianlight/srat/converter/dto_to_dbom_conv_gen.go:540.19,542.36 2 0
github.com/dianlight/srat/converter/dto_to_dbom_conv_gen.go:542.36,544.4 1 0
github.com/dianlight/srat/converter/dto_to_dbom_conv_gen.go:546.2,546.27 1 1
github.com/dianlight/srat/converter/dto_to_dbom_conv_gen.go:548.91,553.28 5 0
github.com/dianlight/srat/converter/dto_to_dbom_conv_gen.go:553.28,555.45 2 0
github.com/dianlight/srat/converter/dto_to_dbom_conv_gen.go:555.45,557.4 1 0
github.com/dianlight/srat/converter/dto_to_dbom_conv_gen.go:559.2,559.28 1 0
github.com/dianlight/srat/converter/dto_to_dbom_conv_gen.go:559.28,561.45 2 0
github.com/dianlight/srat/converter/dto_to_dbom_conv_gen.go:561.45,563.4 1 0
github.com/dianlight/srat/converter/dto_to_dbom_conv_gen.go:565.2,565.27 1 0
github.com/dianlight/srat/converter/github_to_dto_conv_gen.go:13.113,14.19 1 0
github.com/dianlight/srat/converter/github_to_dto_conv_gen.go:14.19,15.25 1 0
github.com/dianlight/srat/converter/github_to_dto_conv_gen.go:15.25,17.4 1 0
github.com/dianlight/srat/converter/github_to_dto_conv_gen.go:18.3,18.25 1 0
github.com/dianlight/srat/converter/github_to_dto_conv_gen.go:18.25,20.4 1 0
github.com/dianlight/srat/converter/github_to_dto_conv_gen.go:21.3,21.23 1 0
github.com/dianlight/srat/converter/github_to_dto_conv_gen.go:21.23,23.4 1 0
github.com/dianlight/srat/converter/github_to_dto_conv_gen.go:24.3,24.39 1 0
github.com/dianlight/srat/converter/github_to_dto_conv_gen.go:24.39,26.4 1 0
github.com/dianlight/srat/converter/github_to_dto_conv_gen.go:28.2,28.12 1 0
github.com/dianlight/srat/converter/github_to_dto_conv_gen.go:30.125,31.19 1 0
github.com/dianlight/srat/converter/github_to_dto_conv_gen.go:31.19,33.3 1 0
github.com/dianlight/srat/converter/github_to_dto_conv_gen.go:34.2,34.12 1 0
github.com/dianlight/srat/converter/goverter.go:12.64,14.2 1 1
github.com/dianlight/srat/converter/goverter.go:19.52,21.16 2 1
github.com/dianlight/srat/converter/goverter.go:21.16,22.25 1 1
github.com/dianlight/srat/converter/goverter.go:22.25,25.4 1 1
github.com/dianlight/srat/converter/goverter.go:27.3,27.66 1 1
github.com/dianlight/srat/converter/goverter.go:31.2,31.25 1 1
github.com/dianlight/srat/converter/ha_hardware_to_dto.go:46.85,49.64 2 0
github.com/dianlight/srat/converter/ha_hardware_to_dto.go:49.64,51.3 1 0
github.com/dianlight/srat/converter/ha_hardware_to_dto.go:53.2,55.40 2 0
github.com/dianlight/srat/converter/ha_hardware_to_dto.go:55.40,65.3 1 0
github.com/dianlight/srat/converter/ha_hardware_to_dto.go:67.2,67.25 1 0
github.com/dianlight/srat/converter/ha_hardware_to_dto.go:72.51,73.106 1 0
github.com/dianlight/srat/converter/ha_hardware_to_dto.go:73.106,75.3 1 0
github.com/dianlight/srat/converter/ha_hardware_to_dto.go:77.2,80.23 4 0
github.com/dianlight/srat/converter/ha_hardware_to_dto.go:83.44,84.19 1 0
github.com/dianlight/srat/converter/ha_hardware_to_dto.go:84.19,86.3 1 0
github.com/dianlight/srat/converter/ha_hardware_to_dto.go:87.2,88.23 2 0
github.com/dianlight/srat/converter/ha_hardware_to_dto_conv_gen.go:13.90,14.34 1 0
github.com/dianlight/srat/converter/ha_hardware_to_dto_conv_gen.go:14.34,16.3 1 0
github.com/dianlight/srat/converter/ha_hardware_to_dto_conv_gen.go:17.2,17.33 1 0
github.com/dianlight/srat/converter/ha_hardware_to_dto_conv_gen.go:17.33,19.3 1 0
github.com/dianlight/srat/converter/ha_hardware_to_dto_conv_gen.go:20.2,20.29 1 0
github.com/dianlight/srat/converter/ha_hardware_to_dto_conv_gen.go:20.29,22.3 1 0
github.com/dianlight/srat/converter/ha_hardware_to_dto_conv_gen.go:23.2,23.31 1 0
github.com/dianlight/srat/converter/ha_hardware_to_dto_conv_gen.go:23.31,25.35 2 0
github.com/dianlight/srat/converter/ha_hardware_to_dto_conv_gen.go:25.35,27.52 2 0
github.com/dianlight/srat/converter/ha_hardware_to_dto_conv_gen.go:27.52,29.5 1 0
github.com/dianlight/srat/converter/ha_hardware_to_dto_conv_gen.go:31.3,31.40 1 0
github.com/dianlight/srat/converter/ha_hardware_to_dto_conv_gen.go:33.2,33.22 1 0
github.com/dianlight/srat/converter/ha_hardware_to_dto_conv_gen.go:33.22,35.3 1 0
github.com/dianlight/srat/converter/ha_hardware_to_dto_conv_gen.go:36.2,36.25 1 0
github.com/dianlight/srat/converter/ha_hardware_to_dto_conv_gen.go:36.25,38.3 1 0
github.com/dianlight/srat/converter/ha_hardware_to_dto_conv_gen.go:39.2,39.29 1 0
github.com/dianlight/srat/converter/ha_hardware_to_dto_conv_gen.go:39.29,41.3 1 0
github.com/dianlight/srat/converter/ha_hardware_to_dto_conv_gen.go:42.2,42.28 1 0
github.com/dianlight/srat/converter/ha_hardware_to_dto_conv_gen.go:42.28,44.3 1 0
github.com/dianlight/srat/converter/ha_hardware_to_dto_conv_gen.go:45.2,45.24 1 0
github.com/dianlight/srat/converter/ha_hardware_to_dto_conv_gen.go:45.24,47.3 1 0
github.com/dianlight/srat/converter/ha_hardware_to_dto_conv_gen.go:48.2,48.26 1 0
github.com/dianlight/srat/converter/ha_hardware_to_dto_conv_gen.go:48.26,50.3 1 0
github.com/dianlight/srat/converter/ha_hardware_to_dto_conv_gen.go:51.2,51.24 1 0
github.com/dianlight/srat/converter/ha_hardware_to_dto_conv_gen.go:51.24,53.3 1 0
github.com/dianlight/srat/converter/ha_hardware_to_dto_conv_gen.go:54.2,54.26 1 0
github.com/dianlight/srat/converter/ha_hardware_to_dto_conv_gen.go:54.26,56.3 1 0
github.com/dianlight/srat/converter/ha_hardware_to_dto_conv_gen.go:57.2,57.12 1 0
github.com/dianlight/srat/converter/ha_hardware_to_dto_conv_gen.go:59.110,60.26 1 0
github.com/dianlight/srat/converter/ha_hardware_to_dto_conv_gen.go:60.26,63.3 2 0
github.com/dianlight/srat/converter/ha_hardware_to_dto_conv_gen.go:64.2,64.26 1 0
github.com/dianlight/srat/converter/ha_hardware_to_dto_conv_gen.go:64.26,66.3 1 0
github.com/dianlight/srat/converter/ha_hardware_to_dto_conv_gen.go:67.2,67.22 1 0
github.com/dianlight/srat/converter/ha_hardware_to_dto_conv_gen.go:67.22,70.3 2 0
github.com/dianlight/srat/converter/ha_hardware_to_dto_conv_gen.go:71.2,71.24 1 0
github.com/dianlight/srat/converter/ha_hardware_to_dto_conv_gen.go:71.24,74.3 2 0
github.com/dianlight/srat/converter/ha_hardware_to_dto_conv_gen.go:75.2,75.24 1 0
github.com/dianlight/srat/converter/ha_hardware_to_dto_conv_gen.go:75.24,78.3 2 0
github.com/dianlight/srat/converter/ha_hardware_to_dto_conv_gen.go:79.2,79.26 1 0
github.com/dianlight/srat/converter/ha_hardware_to_dto_conv_gen.go:79.26,82.3 2 0
github.com/dianlight/srat/converter/ha_hardware_to_dto_conv_gen.go:83.2,83.39 1 0
github.com/dianlight/srat/converter/ha_hardware_to_dto_conv_gen.go:83.39,85.3 1 0
github.com/dianlight/srat/converter/ha_hardware_to_dto_conv_gen.go:86.2,86.12 1 0
github.com/dianlight/srat/converter/ha_hardware_to_dto_conv_gen.go:88.95,90.26 2 0
github.com/dianlight/srat/converter/ha_hardware_to_dto_conv_gen.go:90.26,93.3 2 0
github.com/dianlight/srat/converter/ha_hardware_to_dto_conv_gen.go:94.2,95.22 2 0
github.com/dianlight/srat/converter/ha_hardware_to_dto_conv_gen.go:95.22,98.3 2 0
github.com/dianlight/srat/converter/ha_hardware_to_dto_conv_gen.go:99.2,99.24 1 0
github.com/dianlight/srat/converter/ha_hardware_to_dto_conv_gen.go:99.24,102.3 2 0
github.com/dianlight/srat/converter/ha_hardware_to_dto_conv_gen.go:103.2,103.24 1 0
github.com/dianlight/srat/converter/ha_hardware_to_dto_conv_gen.go:103.24,106.3 2 0
github.com/dianlight/srat/converter/ha_hardware_to_dto_conv_gen.go:107.2,107.26 1 0
github.com/dianlight/srat/converter/ha_hardware_to_dto_conv_gen.go:107.26,110.3 2 0
github.com/dianlight/srat/converter/ha_hardware_to_dto_conv_gen.go:111.2,112.21 2 0
github.com/dianlight/srat/converter/ha_supervisor_to_dbom.go:26.74,30.2 2 0
github.com/dianlight/srat/converter/ha_supervisor_to_dbom_conv_gen.go:13.109,14.23 1 0
github.com/dianlight/srat/converter/ha_supervisor_to_dbom_conv_gen.go:14.23,17.3 2 0
github.com/dianlight/srat/converter/ha_supervisor_to_dbom_conv_gen.go:18.2,18.23 1 0
github.com/dianlight/srat/converter/ha_supervisor_to_dbom_conv_gen.go:18.23,21.3 2 0
github.com/dianlight/srat/converter/ha_supervisor_to_dbom_conv_gen.go:22.2,22.24 1 0
github.com/dianlight/srat/converter/ha_supervisor_to_dbom_conv_gen.go:22.24,24.3 1 0
github.com/dianlight/srat/converter/ha_supervisor_to_dbom_conv_gen.go:25.2,25.12 1 0
github.com/dianlight/srat/converter/ha_supervisor_to_dto_conv_gen.go:13.109,14.23 1 0
github.com/dianlight/srat/converter/ha_supervisor_to_dto_conv_gen.go:14.23,17.3 2 0
github.com/dianlight/srat/converter/ha_supervisor_to_dto_conv_gen.go:18.2,18.23 1 0
github.com/dianlight/srat/converter/ha_supervisor_to_dto_conv_gen.go:18.23,21.3 2 0
github.com/dianlight/srat/converter/ha_supervisor_to_dto_conv_gen.go:22.2,22.24 1 0
github.com/dianlight/srat/converter/ha_supervisor_to_dto_conv_gen.go:22.24,24.3 1 0
github.com/dianlight/srat/converter/ha_supervisor_to_dto_conv_gen.go:25.2,25.12 1 0
github.com/dianlight/srat/converter/issue_converter.go:23.45,25.2 1 0
github.com/dianlight/srat/converter/issue_to_dto_conv_gen.go:13.73,15.19 2 0
github.com/dianlight/srat/converter/issue_to_dto_conv_gen.go:15.19,27.3 11 0
github.com/dianlight/srat/converter/issue_to_dto_conv_gen.go:28.2,28.19 1 0
github.com/dianlight/srat/converter/issue_to_dto_conv_gen.go:30.72,32.19 2 0
github.com/dianlight/srat/converter/issue_to_dto_conv_gen.go:32.19,44.3 11 0
github.com/dianlight/srat/converter/issue_to_dto_conv_gen.go:45.2,45.18 1 0
github.com/dianlight/srat/converter/issue_to_dto_conv_gen.go:47.80,49.19 2 0
github.com/dianlight/srat/converter/issue_to_dto_conv_gen.go:49.19,51.36 2 0
github.com/dianlight/srat/converter/issue_to_dto_conv_gen.go:51.36,53.4 1 0
github.com/dianlight/srat/converter/issue_to_dto_conv_gen.go:55.2,55.22 1 0
github.com/dianlight/srat/converter/mount_to_dbom.go:29.68,34.2 4 0
github.com/dianlight/srat/converter/mount_to_dbom.go:36.54,39.16 3 0
github.com/dianlight/srat/converter/mount_to_dbom.go:39.16,40.33 1 0
github.com/dianlight/srat/converter/mount_to_dbom.go:40.33,41.40 1 0
github.com/dianlight/srat/converter/mount_to_dbom.go:41.40,44.19 3 0
github.com/dianlight/srat/converter/mount_to_dbom.go:44.19,45.14 1 0
github.com/dianlight/srat/converter/mount_to_dbom.go:48.5,48.49 1 0
github.com/dianlight/srat/converter/mount_to_dbom.go:48.49,50.11 2 0
github.com/dianlight/srat/converter/mount_to_dbom.go:55.2,55.22 1 0
github.com/dianlight/srat/converter/mount_to_dbom_conv_gen.go:13.110,14.19 1 0
github.com/dianlight/srat/converter/mount_to_dbom_conv_gen.go:14.19,15.24 1 0
github.com/dianlight/srat/converter/mount_to_dbom_conv_gen.go:15.24,17.4 1 0
github.com/dianlight/srat/converter/mount_to_dbom_conv_gen.go:18.3,18.26 1 0
github.com/dianlight/srat/converter/mount_to_dbom_conv_gen.go:18.26,20.4 1 0
github.com/dianlight/srat/converter/mount_to_dbom_conv_gen.go:21.3,21.26 1 0
github.com/dianlight/srat/converter/mount_to_dbom_conv_gen.go:21.26,23.18 2 0
github.com/dianlight/srat/converter/mount_to_dbom_conv_gen.go:23.18,25.5 1 0
github.com/dianlight/srat/converter/mount_to_dbom_conv_gen.go:26.4,26.29 1 0
github.com/dianlight/srat/converter/mount_to_dbom_conv_gen.go:28.3,28.26 1 0
github.com/dianlight/srat/converter/mount_to_dbom_conv_gen.go:28.26,30.4 1 0
github.com/dianlight/srat/converter/mount_to_dbom_conv_gen.go:31.3,31.24 1 0
github.com/dianlight/srat/converter/mount_to_dbom_conv_gen.go:31.24,33.18 2 0
github.com/dianlight/srat/converter/mount_to_dbom_conv_gen.go:33.18,35.5 1 0
github.com/dianlight/srat/converter/mount_to_dbom_conv_gen.go:36.4,36.36 1 0
github.com/dianlight/srat/converter/mount_to_dbom_conv_gen.go:39.2,39.12 1 0
github.com/dianlight/srat/converter/process_to_dto.go:26.51,28.2 1 0
github.com/dianlight/srat/converter/process_to_dto.go:30.42,31.28 1 0
github.com/dianlight/srat/converter/process_to_dto.go:32.31,33.21 1 0
github.com/dianlight/srat/converter/process_to_dto.go:34.28,35.21 1 0
github.com/dianlight/srat/converter/process_to_dto.go:37.2,37.15 1 0
github.com/dianlight/srat/converter/process_to_dto_conv_gen.go:13.109,14.19 1 0
github.com/dianlight/srat/converter/process_to_dto_conv_gen.go:14.19,15.22 1 0
github.com/dianlight/srat/converter/process_to_dto_conv_gen.go:15.22,17.4 1 0
github.com/dianlight/srat/converter/process_to_dto_conv_gen.go:18.3,19.17 2 0
github.com/dianlight/srat/converter/process_to_dto_conv_gen.go:19.17,21.4 1 0
github.com/dianlight/srat/converter/process_to_dto_conv_gen.go:22.3,22.20 1 0
github.com/dianlight/srat/converter/process_to_dto_conv_gen.go:22.20,24.4 1 0
github.com/dianlight/srat/converter/process_to_dto_conv_gen.go:25.3,26.17 2 0
github.com/dianlight/srat/converter/process_to_dto_conv_gen.go:26.17,28.4 1 0
github.com/dianlight/srat/converter/process_to_dto_conv_gen.go:29.3,29.18 1 0
github.com/dianlight/srat/converter/process_to_dto_conv_gen.go:29.18,31.18 2 0
github.com/dianlight/srat/converter/process_to_dto_conv_gen.go:31.18,33.5 1 0
github.com/dianlight/srat/converter/process_to_dto_conv_gen.go:34.4,34.32 1 0
github.com/dianlight/srat/converter/process_to_dto_conv_gen.go:36.3,37.17 2 0
github.com/dianlight/srat/converter/process_to_dto_conv_gen.go:37.17,39.4 1 0
github.com/dianlight/srat/converter/process_to_dto_conv_gen.go:40.3,40.20 1 0
github.com/dianlight/srat/converter/process_to_dto_conv_gen.go:40.20,42.4 1 0
github.com/dianlight/srat/converter/process_to_dto_conv_gen.go:43.3,44.17 2 0
github.com/dianlight/srat/converter/process_to_dto_conv_gen.go:44.17,46.4 1 0
github.com/dianlight/srat/converter/process_to_dto_conv_gen.go:47.3,47.20 1 0
github.com/dianlight/srat/converter/process_to_dto_conv_gen.go:47.20,49.4 1 0
github.com/dianlight/srat/converter/process_to_dto_conv_gen.go:50.3,51.17 2 0
github.com/dianlight/srat/converter/process_to_dto_conv_gen.go:51.17,53.4 1 0
github.com/dianlight/srat/converter/process_to_dto_conv_gen.go:54.3,54.38 1 0
github.com/dianlight/srat/converter/process_to_dto_conv_gen.go:54.38,56.18 2 0
github.com/dianlight/srat/converter/process_to_dto_conv_gen.go:56.18,58.5 1 0
github.com/dianlight/srat/converter/process_to_dto_conv_gen.go:59.4,59.27 1 0
github.com/dianlight/srat/converter/process_to_dto_conv_gen.go:61.3,62.17 2 0
github.com/dianlight/srat/converter/process_to_dto_conv_gen.go:62.17,64.4 1 0
github.com/dianlight/srat/converter/process_to_dto_conv_gen.go:65.3,65.35 1 0
github.com/dianlight/srat/converter/process_to_dto_conv_gen.go:65.35,67.18 2 0
github.com/dianlight/srat/converter/process_to_dto_conv_gen.go:67.18,69.5 1 0
github.com/dianlight/srat/converter/process_to_dto_conv_gen.go:70.4,70.30 1 0
github.com/dianlight/srat/converter/process_to_dto_conv_gen.go:72.3,73.17 2 0
github.com/dianlight/srat/converter/process_to_dto_conv_gen.go:73.17,75.4 1 0
github.com/dianlight/srat/converter/process_to_dto_conv_gen.go:76.3,76.24 1 0
github.com/dianlight/srat/converter/process_to_dto_conv_gen.go:76.24,78.41 2 0
github.com/dianlight/srat/converter/process_to_dto_conv_gen.go:78.41,80.5 1 0
github.com/dianlight/srat/converter/process_to_dto_conv_gen.go:82.3,83.17 2 0
github.com/dianlight/srat/converter/process_to_dto_conv_gen.go:83.17,85.4 1 0
github.com/dianlight/srat/converter/process_to_dto_conv_gen.go:86.3,86.21 1 0
github.com/dianlight/srat/converter/process_to_dto_conv_gen.go:86.21,88.4 1 0
github.com/dianlight/srat/converter/process_to_dto_conv_gen.go:90.2,90.12 1 0
github.com/dianlight/srat/cmd/srat-server/main-server.go:51.45,52.35 1 1
github.com/dianlight/srat/cmd/srat-server/main-server.go:52.35,54.3 1 1
github.com/dianlight/srat/cmd/srat-server/main-server.go:55.2,55.12 1 1
github.com/dianlight/srat/cmd/srat-server/main-server.go:75.74,92.2 1 1
github.com/dianlight/srat/cmd/srat-server/main-server.go:94.13,105.24 9 0
github.com/dianlight/srat/cmd/srat-server/main-server.go:105.24,108.3 2 0
github.com/dianlight/srat/cmd/srat-server/main-server.go:109.2,119.16 9 0
github.com/dianlight/srat/cmd/srat-server/main-server.go:119.16,121.3 1 0
github.com/dianlight/srat/cmd/srat-server/main-server.go:123.2,123.22 1 0
github.com/dianlight/srat/cmd/srat-server/main-server.go:123.22,126.3 2 0
github.com/dianlight/srat/cmd/srat-server/main-server.go:128.2,128.21 1 0
github.com/dianlight/srat/cmd/srat-server/main-server.go:128.21,132.17 3 0
github.com/dianlight/srat/cmd/srat-server/main-server.go:132.17,134.4 1 0
github.com/dianlight/srat/cmd/srat-server/main-server.go:135.3,139.13 2 0
github.com/dianlight/srat/cmd/srat-server/main-server.go:140.8,152.3 2 0
github.com/dianlight/srat/cmd/srat-server/main-server.go:159.33,166.60 4 0
github.com/dianlight/srat/cmd/srat-server/main-server.go:166.60,168.3 1 0
github.com/dianlight/srat/cmd/srat-server/main-server.go:170.2,170.13 1 0
github.com/dianlight/srat/cmd/srat-server/main-server.go:170.13,172.3 1 0
github.com/dianlight/srat/cmd/srat-server/main-server.go:178.2,212.27 4 0
github.com/dianlight/srat/cmd/srat-server/main-server.go:212.27,212.44 1 0
github.com/dianlight/srat/cmd/srat-server/main-server.go:238.6,245.90 3 0
github.com/dianlight/srat/cmd/srat-server/main-server.go:245.90,247.20 2 0
github.com/dianlight/srat/cmd/srat-server/main-server.go:247.20,249.7 1 0
github.com/dianlight/srat/cmd/srat-server/main-server.go:250.6,251.16 2 0
github.com/dianlight/srat/cmd/srat-server/main-server.go:259.5,262.18 2 0
github.com/dianlight/srat/cmd/srat-server/main-server.go:262.18,264.5 1 0
github.com/dianlight/srat/cmd/srat-server/main-server.go:266.4,267.46 1 0
github.com/dianlight/srat/cmd/srat-server/main-server.go:267.46,271.20 3 0
github.com/dianlight/srat/cmd/srat-server/main-server.go:271.20,273.7 1 0
github.com/dianlight/srat/cmd/srat-server/main-server.go:274.6,275.16 2 0
github.com/dianlight/srat/cmd/srat-server/main-server.go:282.2,282.34 1 0
github.com/dianlight/srat/cmd/srat-server/main-server.go:282.34,284.3 1 0
github.com/dianlight/srat/cmd/srat-server/main-server.go:286.2,291.44 5 0
github.com/dianlight/srat/cmd/srat-cli/main-cli.go:41.62,42.17 1 1
github.com/dianlight/srat/cmd/srat-cli/main-cli.go:43.42,44.22 1 1
github.com/dianlight/srat/cmd/srat-cli/main-cli.go:45.10,46.59 1 1
github.com/dianlight/srat/cmd/srat-cli/main-cli.go:47.10,48.64 1 1
github.com/dianlight/srat/cmd/srat-cli/main-cli.go:52.46,53.11 1 1
github.com/dianlight/srat/cmd/srat-cli/main-cli.go:53.11,55.3 1 1
github.com/dianlight/srat/cmd/srat-cli/main-cli.go:56.2,56.105 1 1
github.com/dianlight/srat/cmd/srat-cli/main-cli.go:72.68,85.2 1 1
github.com/dianlight/srat/cmd/srat-cli/main-cli.go:87.50,88.19 1 1
github.com/dianlight/srat/cmd/srat-cli/main-cli.go:88.19,90.3 1 1
github.com/dianlight/srat/cmd/srat-cli/main-cli.go:91.2,91.17 1 1
github.com/dianlight/srat/cmd/srat-cli/main-cli.go:92.45,93.22 1 1
github.com/dianlight/srat/cmd/srat-cli/main-cli.go:94.10,95.56 1 1
github.com/dianlight/srat/cmd/srat-cli/main-cli.go:99.13,114.24 13 0
github.com/dianlight/srat/cmd/srat-cli/main-cli.go:114.24,117.3 1 0
github.com/dianlight/srat/cmd/srat-cli/main-cli.go:119.2,128.22 7 0
github.com/dianlight/srat/cmd/srat-cli/main-cli.go:128.22,140.3 11 0
github.com/dianlight/srat/cmd/srat-cli/main-cli.go:141.2,141.26 1 0
github.com/dianlight/srat/cmd/srat-cli/main-cli.go:141.26,144.3 2 0
github.com/dianlight/srat/cmd/srat-cli/main-cli.go:145.2,145.25 1 0
github.com/dianlight/srat/cmd/srat-cli/main-cli.go:145.25,148.3 2 0
github.com/dianlight/srat/cmd/srat-cli/main-cli.go:149.2,149.28 1 0
github.com/dianlight/srat/cmd/srat-cli/main-cli.go:149.28,152.3 2 0
github.com/dianlight/srat/cmd/srat-cli/main-cli.go:153.2,153.28 1 0
github.com/dianlight/srat/cmd/srat-cli/main-cli.go:153.28,156.3 2 0
github.com/dianlight/srat/cmd/srat-cli/main-cli.go:158.2,161.16 3 0
github.com/dianlight/srat/cmd/srat-cli/main-cli.go:161.16,163.3 1 0
github.com/dianlight/srat/cmd/srat-cli/main-cli.go:174.2,174.18 1 0
github.com/dianlight/srat/cmd/srat-cli/main-cli.go:174.18,176.3 1 0
github.com/dianlight/srat/cmd/srat-cli/main-cli.go:178.2,179.19 2 0
github.com/dianlight/srat/cmd/srat-cli/main-cli.go:179.19,183.3 3 0
github.com/dianlight/srat/cmd/srat-cli/main-cli.go:184.2,184.17 1 0
github.com/dianlight/srat/cmd/srat-cli/main-cli.go:185.15,186.34 1 0
github.com/dianlight/srat/cmd/srat-cli/main-cli.go:187.14,188.33 1 0
github.com/dianlight/srat/cmd/srat-cli/main-cli.go:189.17,192.26 3 0
github.com/dianlight/srat/cmd/srat-cli/main-cli.go:192.26,196.4 3 0
github.com/dianlight/srat/cmd/srat-cli/main-cli.go:197.3,197.45 1 0
github.com/dianlight/srat/cmd/srat-cli/main-cli.go:198.17,201.13 3 0
github.com/dianlight/srat/cmd/srat-cli/main-cli.go:202.10,205.13 3 0
github.com/dianlight/srat/cmd/srat-cli/main-cli.go:208.2,211.48 2 0
github.com/dianlight/srat/cmd/srat-cli/main-cli.go:211.48,213.3 1 0
github.com/dianlight/srat/cmd/srat-cli/main-cli.go:219.2,256.5 5 0
github.com/dianlight/srat/cmd/srat-cli/main-cli.go:256.5,258.40 2 0
github.com/dianlight/srat/cmd/srat-cli/main-cli.go:258.40,261.26 2 0
github.com/dianlight/srat/cmd/srat-cli/main-cli.go:261.26,263.20 2 0
github.com/dianlight/srat/cmd/srat-cli/main-cli.go:263.20,265.7 1 0
github.com/dianlight/srat/cmd/srat-cli/main-cli.go:266.11,268.20 2 0
github.com/dianlight/srat/cmd/srat-cli/main-cli.go:268.20,270.7 1 0
github.com/dianlight/srat/cmd/srat-cli/main-cli.go:271.6,272.20 2 0
github.com/dianlight/srat/cmd/srat-cli/main-cli.go:272.20,274.7 1 0
github.com/dianlight/srat/cmd/srat-cli/main-cli.go:276.5,277.19 2 0
github.com/dianlight/srat/cmd/srat-cli/main-cli.go:277.19,279.6 1 0
github.com/dianlight/srat/cmd/srat-cli/main-cli.go:280.5,281.19 2 0
github.com/dianlight/srat/cmd/srat-cli/main-cli.go:281.19,283.6 1 0
github.com/dianlight/srat/cmd/srat-cli/main-cli.go:285.5,290.19 2 0
github.com/dianlight/srat/cmd/srat-cli/main-cli.go:290.19,292.6 1 0
github.com/dianlight/srat/cmd/srat-cli/main-cli.go:315.5,317.46 1 0
github.com/dianlight/srat/cmd/srat-cli/main-cli.go:317.46,320.20 2 0
github.com/dianlight/srat/cmd/srat-cli/main-cli.go:320.20,322.7 1 0
github.com/dianlight/srat/cmd/srat-cli/main-cli.go:324.6,324.28 1 0
github.com/dianlight/srat/cmd/srat-cli/main-cli.go:324.28,328.21 3 0
github.com/dianlight/srat/cmd/srat-cli/main-cli.go:328.21,330.8 1 0
github.com/dianlight/srat/cmd/srat-cli/main-cli.go:331.7,336.21 2 0
github.com/dianlight/srat/cmd/srat-cli/main-cli.go:336.21,338.8 1 0
github.com/dianlight/srat/cmd/srat-cli/main-cli.go:339.7,340.21 2 0
github.com/dianlight/srat/cmd/srat-cli/main-cli.go:340.21,342.8 1 0
github.com/dianlight/srat/cmd/srat-cli/main-cli.go:343.7,343.34 1 0
github.com/dianlight/srat/cmd/srat-cli/main-cli.go:343.34,350.22 3 0
github.com/dianlight/srat/cmd/srat-cli/main-cli.go:350.22,352.9 1 0
github.com/dianlight/srat/cmd/srat-cli/main-cli.go:352.14,354.9 1 0
github.com/dianlight/srat/cmd/srat-cli/main-cli.go:356.7,359.36 2 0
github.com/dianlight/srat/cmd/srat-cli/main-cli.go:359.36,362.22 3 0
github.com/dianlight/srat/cmd/srat-cli/main-cli.go:362.22,364.9 1 0
github.com/dianlight/srat/cmd/srat-cli/main-cli.go:365.8,365.32 1 0
github.com/dianlight/srat/cmd/srat-cli/main-cli.go:365.32,366.92 1 0
github.com/dianlight/srat/cmd/srat-cli/main-cli.go:366.92,372.24 6 0
github.com/dianlight/srat/cmd/srat-cli/main-cli.go:372.24,373.54 1 0
github.com/dianlight/srat/cmd/srat-cli/main-cli.go:373.54,378.12 3 0
github.com/dianlight/srat/cmd/srat-cli/main-cli.go:378.17,382.12 2 0
github.com/dianlight/srat/cmd/srat-cli/main-cli.go:383.16,388.11 3 0
github.com/dianlight/srat/cmd/srat-cli/main-cli.go:391.8,396.22 4 0
github.com/dianlight/srat/cmd/srat-cli/main-cli.go:396.22,398.9 1 0
github.com/dianlight/srat/cmd/srat-cli/main-cli.go:399.13,401.8 1 0
github.com/dianlight/srat/cmd/srat-cli/main-cli.go:404.7,406.21 3 0
github.com/dianlight/srat/cmd/srat-cli/main-cli.go:406.21,408.8 1 0
github.com/dianlight/srat/cmd/srat-cli/main-cli.go:409.7,409.58 1 0
github.com/dianlight/srat/cmd/srat-cli/main-cli.go:410.12,410.34 1 0
github.com/dianlight/srat/cmd/srat-cli/main-cli.go:410.34,414.21 3 0
github.com/dianlight/srat/cmd/srat-cli/main-cli.go:414.21,416.8 1 0
github.com/dianlight/srat/cmd/srat-cli/main-cli.go:418.7,418.37 1 0
github.com/dianlight/srat/cmd/srat-cli/main-cli.go:418.37,419.52 1 0
github.com/dianlight/srat/cmd/srat-cli/main-cli.go:419.52,420.17 1 0
github.com/dianlight/srat/cmd/srat-cli/main-cli.go:422.8,422.27 1 0
github.com/dianlight/srat/cmd/srat-cli/main-cli.go:423.40,425.23 2 0
github.com/dianlight/srat/cmd/srat-cli/main-cli.go:425.23,427.10 1 0
github.com/dianlight/srat/cmd/srat-cli/main-cli.go:430.7,430.76 1 0
github.com/dianlight/srat/cmd/srat-cli/main-cli.go:431.12,431.37 1 0
github.com/dianlight/srat/cmd/srat-cli/main-cli.go:431.37,434.21 3 0
github.com/dianlight/srat/cmd/srat-cli/main-cli.go:434.21,437.8 2 0
github.com/dianlight/srat/cmd/srat-cli/main-cli.go:438.7,439.21 2 0
github.com/dianlight/srat/cmd/srat-cli/main-cli.go:439.21,442.8 2 0
github.com/dianlight/srat/cmd/srat-cli/main-cli.go:444.7,444.46 1 0
github.com/dianlight/srat/cmd/srat-cli/main-cli.go:444.46,447.22 3 0
github.com/dianlight/srat/cmd/srat-cli/main-cli.go:447.22,448.55 1 0
github.com/dianlight/srat/cmd/srat-cli/main-cli.go:448.55,450.10 1 0
github.com/dianlight/srat/cmd/srat-cli/main-cli.go:450.15,452.10 1 0
github.com/dianlight/srat/cmd/srat-cli/main-cli.go:453.14,455.9 1 0
github.com/dianlight/srat/cmd/srat-cli/main-cli.go:456.13,458.22 2 0
github.com/dianlight/srat/cmd/srat-cli/main-cli.go:458.22,461.9 2 0
github.com/dianlight/srat/cmd/srat-cli/main-cli.go:463.8,464.22 2 0
github.com/dianlight/srat/cmd/srat-cli/main-cli.go:464.22,465.55 1 0
github.com/dianlight/srat/cmd/srat-cli/main-cli.go:465.55,467.10 1 0
[...]
github.com/dianlight/srat/service/volume_service.go:107.4,107.14 1 1
github.com/dianlight/srat/service/volume_service.go:111.2,111.10 1 1
github.com/dianlight/srat/service/volume_service.go:114.71,115.15 1 1
github.com/dianlight/srat/service/volume_service.go:115.15,117.3 1 1
github.com/dianlight/srat/service/volume_service.go:119.2,119.28 1 1
github.com/dianlight/srat/service/volume_service.go:119.28,124.3 1 0
github.com/dianlight/srat/service/volume_service.go:126.2,126.19 1 1
github.com/dianlight/srat/service/volume_service.go:126.19,132.3 1 1
github.com/dianlight/srat/service/volume_service.go:133.2,133.23 1 1
github.com/dianlight/srat/service/volume_service.go:133.23,139.3 1 1
github.com/dianlight/srat/service/volume_service.go:141.2,141.25 1 1
github.com/dianlight/srat/service/volume_service.go:141.25,144.17 2 1
github.com/dianlight/srat/service/volume_service.go:144.17,146.4 1 0
github.com/dianlight/srat/service/volume_service.go:148.3,148.30 1 1
github.com/dianlight/srat/service/volume_service.go:148.30,149.42 1 0
github.com/dianlight/srat/service/volume_service.go:149.42,150.32 1 0
github.com/dianlight/srat/service/volume_service.go:150.32,152.11 2 0
github.com/dianlight/srat/service/volume_service.go:158.2,158.93 1 1
github.com/dianlight/srat/service/volume_service.go:158.93,164.3 1 1
github.com/dianlight/srat/service/volume_service.go:260.2,261.17 2 0
github.com/dianlight/srat/service/volume_service.go:261.17,265.9 1 0
github.com/dianlight/srat/service/volume_service.go:265.9,268.4 1 0
github.com/dianlight/srat/service/volume_service.go:269.3,270.13 2 0
github.com/dianlight/srat/service/volume_service.go:273.2,273.8 1 0
github.com/dianlight/srat/service/volume_service.go:273.8,280.3 2 0
github.com/dianlight/srat/service/volume_service.go:283.2,284.8 2 0
github.com/dianlight/srat/service/volume_service.go:284.8,286.21 2 0
github.com/dianlight/srat/service/volume_service.go:286.21,289.23 3 0
github.com/dianlight/srat/service/volume_service.go:289.23,291.16 1 0
github.com/dianlight/srat/service/volume_service.go:291.16,294.6 2 0
github.com/dianlight/srat/service/volume_service.go:295.5,295.20 1 0
github.com/dianlight/srat/service/volume_service.go:297.4,297.16 1 0
github.com/dianlight/srat/service/volume_service.go:297.16,299.10 2 0
github.com/dianlight/srat/service/volume_service.go:301.4,301.15 1 0
github.com/dianlight/srat/service/volume_service.go:301.15,304.5 2 0
github.com/dianlight/srat/service/volume_service.go:308.2,309.16 2 0
github.com/dianlight/srat/service/volume_service.go:309.16,316.3 1 0
github.com/dianlight/srat/service/volume_service.go:318.2,322.28 3 0
github.com/dianlight/srat/service/volume_service.go:322.28,322.66 1 0
github.com/dianlight/srat/service/volume_service.go:324.2,324.42 1 0
github.com/dianlight/srat/service/volume_service.go:324.42,327.3 1 0
github.com/dianlight/srat/service/volume_service.go:327.8,330.3 1 0
github.com/dianlight/srat/service/volume_service.go:332.2,332.17 1 0
github.com/dianlight/srat/service/volume_service.go:332.17,344.3 2 0
github.com/dianlight/srat/service/volume_service.go:344.8,349.18 4 0
github.com/dianlight/srat/service/volume_service.go:349.18,353.4 1 0
github.com/dianlight/srat/service/volume_service.go:355.3,356.18 2 0
github.com/dianlight/srat/service/volume_service.go:356.18,358.4 1 0
github.com/dianlight/srat/service/volume_service.go:358.9,361.4 2 0
github.com/dianlight/srat/service/volume_service.go:363.3,364.17 2 0
github.com/dianlight/srat/service/volume_service.go:364.17,369.25 3 0
github.com/dianlight/srat/service/volume_service.go:369.25,375.5 2 0
github.com/dianlight/srat/service/volume_service.go:377.4,378.84 1 0
github.com/dianlight/srat/service/volume_service.go:383.2,386.12 3 0
github.com/dianlight/srat/service/volume_service.go:389.77,391.16 2 0
github.com/dianlight/srat/service/volume_service.go:391.16,393.3 1 0
github.com/dianlight/srat/service/volume_service.go:394.2,394.45 1 0
github.com/dianlight/srat/service/volume_service.go:394.45,395.48 1 0
github.com/dianlight/srat/service/volume_service.go:395.48,397.4 1 0
github.com/dianlight/srat/service/volume_service.go:399.2,399.45 1 0
github.com/dianlight/srat/service/volume_service.go:402.85,404.15 1 1
github.com/dianlight/srat/service/volume_service.go:404.15,406.3 1 1
github.com/dianlight/srat/service/volume_service.go:407.2,408.16 2 1
github.com/dianlight/srat/service/volume_service.go:408.16,410.45 1 1
github.com/dianlight/srat/service/volume_service.go:410.45,413.4 1 0
github.com/dianlight/srat/service/volume_service.go:413.9,415.4 1 1
github.com/dianlight/srat/service/volume_service.go:417.8,420.3 1 0
github.com/dianlight/srat/service/volume_service.go:422.2,424.16 3 0
github.com/dianlight/srat/service/volume_service.go:424.16,427.3 2 0
github.com/dianlight/srat/service/volume_service.go:427.8,442.17 3 0
github.com/dianlight/srat/service/volume_service.go:442.17,444.4 1 0
github.com/dianlight/srat/service/volume_service.go:444.9,446.4 1 0
github.com/dianlight/srat/service/volume_service.go:450.2,450.28 1 0
github.com/dianlight/srat/service/volume_service.go:450.28,452.17 2 0
github.com/dianlight/srat/service/volume_service.go:452.17,457.4 1 0
github.com/dianlight/srat/service/volume_service.go:460.3,460.87 1 0
github.com/dianlight/srat/service/volume_service.go:460.87,462.4 1 0
github.com/dianlight/srat/service/volume_service.go:464.2,464.12 1 0
github.com/dianlight/srat/service/volume_service.go:468.47,472.56 3 1
github.com/dianlight/srat/service/volume_service.go:472.56,475.3 2 0
github.com/dianlight/srat/service/volume_service.go:476.2,484.6 6 1
github.com/dianlight/srat/service/volume_service.go:484.6,485.10 1 1
github.com/dianlight/srat/service/volume_service.go:486.26,489.10 3 1
github.com/dianlight/srat/service/volume_service.go:490.26,492.76 1 0
github.com/dianlight/srat/service/volume_service.go:492.76,499.68 5 0
github.com/dianlight/srat/service/volume_service.go:499.68,505.20 4 0
github.com/dianlight/srat/service/volume_service.go:505.20,507.15 2 0
github.com/dianlight/srat/service/volume_service.go:511.6,512.28 2 0
github.com/dianlight/srat/service/volume_service.go:512.28,513.41 1 0
github.com/dianlight/srat/service/volume_service.go:513.41,514.34 1 0
github.com/dianlight/srat/service/volume_service.go:514.34,515.52 1 0
github.com/dianlight/srat/service/volume_service.go:515.52,516.45 1 0
github.com/dianlight/srat/service/volume_service.go:516.45,517.56 1 0
github.com/dianlight/srat/service/volume_service.go:517.56,518.28 1 0
github.com/dianlight/srat/service/volume_service.go:518.28,520.13 1 0
github.com/dianlight/srat/service/volume_service.go:529.6,530.21 2 0
github.com/dianlight/srat/service/volume_service.go:530.21,532.15 2 0
github.com/dianlight/srat/service/volume_service.go:535.6,535.37 1 0
github.com/dianlight/srat/service/volume_service.go:535.37,537.30 1 0
github.com/dianlight/srat/service/volume_service.go:537.30,538.16 1 0
github.com/dianlight/srat/service/volume_service.go:542.7,546.21 3 0
github.com/dianlight/srat/service/volume_service.go:546.21,549.8 2 0
github.com/dianlight/srat/service/volume_service.go:551.7,551.35 1 0
github.com/dianlight/srat/service/volume_service.go:551.35,560.62 2 0
github.com/dianlight/srat/service/volume_service.go:560.62,562.9 1 0
github.com/dianlight/srat/service/volume_service.go:565.8,566.65 2 0
github.com/dianlight/srat/service/volume_service.go:566.65,568.9 1 0
github.com/dianlight/srat/service/volume_service.go:572.7,572.55 1 0
github.com/dianlight/srat/service/volume_service.go:572.55,574.8 1 0
github.com/dianlight/srat/service/volume_service.go:578.6,578.28 1 0
github.com/dianlight/srat/service/volume_service.go:581.27,582.62 1 0
github.com/dianlight/srat/service/volume_service.go:590.69,595.66 3 1
github.com/dianlight/srat/service/volume_service.go:595.66,605.77 6 1
github.com/dianlight/srat/service/volume_service.go:605.77,624.4 2 0
github.com/dianlight/srat/service/volume_service.go:627.3,627.33 1 1
github.com/dianlight/srat/service/volume_service.go:627.33,630.4 2 0
github.com/dianlight/srat/service/volume_service.go:633.3,634.19 2 1
github.com/dianlight/srat/service/volume_service.go:634.19,636.4 1 1
github.com/dianlight/srat/service/volume_service.go:639.3,640.17 2 1
github.com/dianlight/srat/service/volume_service.go:640.17,642.4 1 0
github.com/dianlight/srat/service/volume_service.go:645.3,647.30 2 1
github.com/dianlight/srat/service/volume_service.go:647.30,648.30 1 1
github.com/dianlight/srat/service/volume_service.go:648.30,649.13 1 0
github.com/dianlight/srat/service/volume_service.go:651.4,651.45 1 1
github.com/dianlight/srat/service/volume_service.go:651.45,652.41 1 1
github.com/dianlight/srat/service/volume_service.go:652.41,654.14 2 0
github.com/dianlight/srat/service/volume_service.go:657.5,658.19 2 1
github.com/dianlight/srat/service/volume_service.go:658.19,660.14 2 0
github.com/dianlight/srat/service/volume_service.go:663.5,663.41 1 1
github.com/dianlight/srat/service/volume_service.go:663.41,667.33 1 1
github.com/dianlight/srat/service/volume_service.go:667.33,671.68 3 1
github.com/dianlight/srat/service/volume_service.go:671.68,674.26 2 0
github.com/dianlight/srat/service/volume_service.go:674.26,676.9 1 0
github.com/dianlight/srat/service/volume_service.go:679.7,689.57 11 1
github.com/dianlight/srat/service/volume_service.go:689.57,691.8 1 1
github.com/dianlight/srat/service/volume_service.go:692.7,698.25 6 1
github.com/dianlight/srat/service/volume_service.go:698.25,700.8 1 0
github.com/dianlight/srat/service/volume_service.go:701.7,701.75 1 1
github.com/dianlight/srat/service/volume_service.go:705.4,705.19 1 1
github.com/dianlight/srat/service/volume_service.go:709.3,709.28 1 1
github.com/dianlight/srat/service/volume_service.go:709.28,710.44 1 1
github.com/dianlight/srat/service/volume_service.go:710.44,711.37 1 1
github.com/dianlight/srat/service/volume_service.go:711.37,712.14 1 0
github.com/dianlight/srat/service/volume_service.go:714.5,714.55 1 1
github.com/dianlight/srat/service/volume_service.go:714.55,716.25 2 1
github.com/dianlight/srat/service/volume_service.go:716.25,717.54 1 0
github.com/dianlight/srat/service/volume_service.go:717.54,718.16 1 0
github.com/dianlight/srat/service/volume_service.go:719.13,721.8 1 0
github.com/dianlight/srat/service/volume_service.go:723.6,723.27 1 1
github.com/dianlight/srat/service/volume_service.go:723.27,725.24 2 0
github.com/dianlight/srat/service/volume_service.go:725.24,727.8 1 0
github.com/dianlight/srat/service/volume_service.go:728.7,729.69 2 0
github.com/dianlight/srat/service/volume_service.go:736.3,736.36 1 1
github.com/dianlight/srat/service/volume_service.go:736.36,738.44 2 1
github.com/dianlight/srat/service/volume_service.go:738.44,741.19 3 1
github.com/dianlight/srat/service/volume_service.go:741.19,743.6 1 1
github.com/dianlight/srat/service/volume_service.go:748.3,748.37 1 1
github.com/dianlight/srat/service/volume_service.go:748.37,750.45 2 1
github.com/dianlight/srat/service/volume_service.go:750.45,753.19 3 1
github.com/dianlight/srat/service/volume_service.go:753.19,755.6 1 0
github.com/dianlight/srat/service/volume_service.go:777.3,777.19 1 1
github.com/dianlight/srat/service/volume_service.go:780.2,780.16 1 1
github.com/dianlight/srat/service/volume_service.go:780.16,783.3 1 1
github.com/dianlight/srat/service/volume_service.go:785.2,786.9 2 1
github.com/dianlight/srat/service/volume_service.go:786.9,789.3 2 0
github.com/dianlight/srat/service/volume_service.go:791.2,791.20 1 1
github.com/dianlight/srat/service/volume_service.go:794.43,798.16 3 1
github.com/dianlight/srat/service/volume_service.go:798.16,803.3 2 0
github.com/dianlight/srat/service/volume_service.go:805.2,806.42 2 1
github.com/dianlight/srat/service/volume_service.go:945.67,947.52 1 0
github.com/dianlight/srat/service/volume_service.go:947.52,950.3 2 0
github.com/dianlight/srat/service/volume_service.go:953.2,954.16 2 0
github.com/dianlight/srat/service/volume_service.go:954.16,956.3 1 0
github.com/dianlight/srat/service/volume_service.go:959.2,961.16 3 0
github.com/dianlight/srat/service/volume_service.go:961.16,963.3 1 0
github.com/dianlight/srat/service/volume_service.go:965.2,965.12 1 0
github.com/dianlight/srat/service/volume_service.go:968.79,971.23 3 0
github.com/dianlight/srat/service/volume_service.go:971.23,973.3 1 0
github.com/dianlight/srat/service/volume_service.go:975.2,976.16 2 0
github.com/dianlight/srat/service/volume_service.go:976.16,978.3 1 0
github.com/dianlight/srat/service/volume_service.go:981.2,983.26 2 0
github.com/dianlight/srat/service/volume_service.go:986.59,989.15 2 0
github.com/dianlight/srat/service/volume_service.go:989.15,991.3 1 0
github.com/dianlight/srat/service/volume_service.go:993.2,994.16 2 0
github.com/dianlight/srat/service/volume_service.go:994.16,996.3 1 0
github.com/dianlight/srat/service/volume_service.go:998.2,999.30 2 0
github.com/dianlight/srat/service/volume_service.go:999.30,1000.37 1 0
github.com/dianlight/srat/service/volume_service.go:1000.37,1002.9 2 0
github.com/dianlight/srat/service/volume_service.go:1006.2,1006.23 1 0
github.com/dianlight/srat/service/volume_service.go:1006.23,1008.3 1 0
github.com/dianlight/srat/service/volume_service.go:1010.2,1010.59 1 0
github.com/dianlight/srat/service/volume_service.go:1010.59,1012.3 1 0
github.com/dianlight/srat/service/volume_service.go:1015.2,1015.34 1 0
github.com/dianlight/srat/service/volume_service.go:1015.34,1016.52 1 0
github.com/dianlight/srat/service/volume_service.go:1016.52,1017.39 1 0
github.com/dianlight/srat/service/volume_service.go:1017.39,1018.51 1 0
github.com/dianlight/srat/service/volume_service.go:1018.51,1019.23 1 0
github.com/dianlight/srat/service/volume_service.go:1019.23,1022.74 3 0
github.com/dianlight/srat/service/volume_service.go:1022.74,1025.8 1 0
github.com/dianlight/srat/service/volume_service.go:1027.7,1029.28 3 0
github.com/dianlight/srat/service/volume_service.go:1029.28,1032.8 1 0
github.com/dianlight/srat/service/volume_service.go:1040.2,1043.44 4 0
github.com/dianlight/srat/service/volume_service.go:1043.44,1045.3 1 0
github.com/dianlight/srat/service/volume_service.go:1047.2,1048.12 2 0
github.com/dianlight/srat/service/volume_service.go:1051.124,1053.15 1 1
github.com/dianlight/srat/service/volume_service.go:1053.15,1055.3 1 1
github.com/dianlight/srat/service/volume_service.go:1056.2,1057.16 2 1
github.com/dianlight/srat/service/volume_service.go:1057.16,1058.45 1 1
github.com/dianlight/srat/service/volume_service.go:1058.45,1060.4 1 1
github.com/dianlight/srat/service/volume_service.go:1061.3,1061.36 1 0
github.com/dianlight/srat/service/volume_service.go:1064.2,1067.27 2 1
github.com/dianlight/srat/service/volume_service.go:1067.27,1069.3 1 1
github.com/dianlight/srat/service/volume_service.go:1070.2,1070.26 1 1
github.com/dianlight/srat/service/volume_service.go:1070.26,1071.31 1 1
github.com/dianlight/srat/service/volume_service.go:1071.31,1073.4 1 0
github.com/dianlight/srat/service/volume_service.go:1074.3,1074.71 1 1
github.com/dianlight/srat/service/volume_service.go:1076.2,1076.32 1 1
github.com/dianlight/srat/service/volume_service.go:1076.32,1077.30 1 0
github.com/dianlight/srat/service/volume_service.go:1077.30,1079.4 1 0
github.com/dianlight/srat/service/volume_service.go:1080.3,1080.76 1 0
github.com/dianlight/srat/service/volume_service.go:1082.2,1082.39 1 1
github.com/dianlight/srat/service/volume_service.go:1082.39,1084.3 1 1
github.com/dianlight/srat/service/volume_service.go:1086.2,1086.56 1 1
github.com/dianlight/srat/service/volume_service.go:1086.56,1088.3 1 0
github.com/dianlight/srat/service/volume_service.go:1090.2,1091.100 2 1
github.com/dianlight/srat/service/volume_service.go:1091.100,1093.3 1 0
github.com/dianlight/srat/service/volume_service.go:1094.2,1094.25 1 1
github.com/dianlight/srat/service/volume_service.go:1097.125,1099.15 1 1
github.com/dianlight/srat/service/volume_service.go:1099.15,1101.3 1 1
github.com/dianlight/srat/service/volume_service.go:1102.2,1103.16 2 1
github.com/dianlight/srat/service/volume_service.go:1103.16,1104.45 1 0
github.com/dianlight/srat/service/volume_service.go:1104.45,1106.4 1 0
github.com/dianlight/srat/service/volume_service.go:1107.3,1107.36 1 0
github.com/dianlight/srat/service/volume_service.go:1110.2,1113.29 3 1
github.com/dianlight/srat/service/volume_service.go:1113.29,1114.46 1 0
github.com/dianlight/srat/service/volume_service.go:1114.46,1117.4 2 0
github.com/dianlight/srat/service/volume_service.go:1120.2,1120.28 1 1
github.com/dianlight/srat/service/volume_service.go:1120.28,1121.31 1 0
github.com/dianlight/srat/service/volume_service.go:1121.31,1123.4 1 0
github.com/dianlight/srat/service/volume_service.go:1124.3,1125.17 2 0
github.com/dianlight/srat/service/volume_service.go:1128.2,1128.34 1 1
github.com/dianlight/srat/service/volume_service.go:1128.34,1129.30 1 0
github.com/dianlight/srat/service/volume_service.go:1129.30,1131.4 1 0
github.com/dianlight/srat/service/volume_service.go:1132.3,1133.17 2 0
github.com/dianlight/srat/service/volume_service.go:1136.2,1136.41 1 1
github.com/dianlight/srat/service/volume_service.go:1136.41,1137.112 1 1
github.com/dianlight/srat/service/volume_service.go:1137.112,1140.4 2 1
github.com/dianlight/srat/service/volume_service.go:1143.2,1143.13 1 1
github.com/dianlight/srat/service/volume_service.go:1143.13,1144.57 1 1
github.com/dianlight/srat/service/volume_service.go:1144.57,1146.4 1 0
github.com/dianlight/srat/service/volume_service.go:1149.2,1150.100 2 1
github.com/dianlight/srat/service/volume_service.go:1150.100,1152.3 1 0
github.com/dianlight/srat/service/volume_service.go:1153.2,1153.25 1 1
github.com/dianlight/srat/service/volume_service.go:1157.103,1158.27 1 0
github.com/dianlight/srat/service/volume_service.go:1158.27,1161.3 2 0
github.com/dianlight/srat/service/volume_service.go:1163.2,1167.45 4 0
github.com/dianlight/srat/service/volume_service.go:1167.45,1169.3 1 0
github.com/dianlight/srat/service/volume_service.go:1169.8,1169.47 1 0
github.com/dianlight/srat/service/volume_service.go:1169.47,1171.3 1 0
github.com/dianlight/srat/service/volume_service.go:1171.8,1173.3 1 0
github.com/dianlight/srat/service/volume_service.go:1175.2,1176.22 2 0
github.com/dianlight/srat/service/volume_service.go:1176.22,1178.3 1 0
github.com/dianlight/srat/service/volume_service.go:1178.8,1180.3 1 0
github.com/dianlight/srat/service/volume_service.go:1184.96,1185.27 1 0
github.com/dianlight/srat/service/volume_service.go:1185.27,1188.3 2 0
github.com/dianlight/srat/service/volume_service.go:1190.2,1195.22 5 0
github.com/dianlight/srat/service/volume_service.go:1195.22,1197.3 1 0
github.com/dianlight/srat/service/volume_service.go:1197.8,1199.3 1 0
github.com/dianlight/srat/service/volume_service.go:1203.99,1204.27 1 0
github.com/dianlight/srat/service/volume_service.go:1204.27,1206.3 1 0
github.com/dianlight/srat/service/volume_service.go:1208.2,1211.22 3 0
github.com/dianlight/srat/service/volume_service.go:1211.22,1213.3 1 0
github.com/dianlight/srat/service/volume_service.go:1213.8,1215.3 1 0
github.com/dianlight/srat/service/volume_service.go:1219.73,1222.16 2 0
github.com/dianlight/srat/service/volume_service.go:1222.16,1224.3 1 0
github.com/dianlight/srat/service/volume_service.go:1226.2,1226.44 1 0
github.com/dianlight/srat/service/volume_service.go:1226.44,1228.78 1 0
github.com/dianlight/srat/service/volume_service.go:1228.78,1229.12 1 0
github.com/dianlight/srat/service/volume_service.go:1233.3,1234.27 2 0
github.com/dianlight/srat/service/volume_service.go:1234.27,1239.12 2 0
github.com/dianlight/srat/service/volume_service.go:1242.3,1242.17 1 0
github.com/dianlight/srat/service/volume_service.go:1242.17,1249.4 2 0
github.com/dianlight/srat/service/volume_service.go:1249.9,1252.4 1 0
github.com/dianlight/srat/service/volume_service.go:1255.2,1255.12 1 0
github.com/dianlight/srat/service/volume_service.go:1258.88,1260.2 1 1
