mode: set
github.com/dianlight/srat/server/ha_middleware.go:25.112,29.46 1 1
github.com/dianlight/srat/server/ha_middleware.go:29.46,30.72 1 1
github.com/dianlight/srat/server/ha_middleware.go:30.72,67.21 3 1
github.com/dianlight/srat/server/ha_middleware.go:67.21,71.5 3 1
github.com/dianlight/srat/server/ha_middleware.go:73.4,78.41 4 1
github.com/dianlight/srat/server/ha_middleware.go:78.41,79.24 1 1
github.com/dianlight/srat/server/ha_middleware.go:79.24,81.11 2 1
github.com/dianlight/srat/server/ha_middleware.go:85.4,85.16 1 1
github.com/dianlight/srat/server/ha_middleware.go:85.16,89.5 3 1
github.com/dianlight/srat/server/ha_middleware.go:90.4,91.41 2 1
github.com/dianlight/srat/server/http_server.go:27.16,45.50 5 0
github.com/dianlight/srat/server/http_server.go:45.50,45.65 1 0
github.com/dianlight/srat/server/http_server.go:53.2,61.44 2 0
github.com/dianlight/srat/server/http_server.go:61.44,63.14 2 0
github.com/dianlight/srat/server/http_server.go:63.14,66.53 3 0
github.com/dianlight/srat/server/http_server.go:66.53,67.37 1 0
github.com/dianlight/srat/server/http_server.go:67.37,69.7 1 0
github.com/dianlight/srat/server/http_server.go:69.12,71.7 1 0
github.com/dianlight/srat/server/http_server.go:74.4,74.14 1 0
github.com/dianlight/srat/server/http_server.go:76.43,90.4 5 0
github.com/dianlight/srat/server/http_server.go:92.2,92.12 1 0
github.com/dianlight/srat/server/http_server.go:95.84,97.23 2 1
github.com/dianlight/srat/server/http_server.go:97.23,99.3 1 1
github.com/dianlight/srat/server/http_server.go:101.2,103.15 3 1
github.com/dianlight/srat/server/huma_api.go:21.13,73.54 17 0
github.com/dianlight/srat/server/huma_api.go:73.54,74.60 1 0
github.com/dianlight/srat/server/huma_api.go:74.60,78.4 1 0
github.com/dianlight/srat/server/huma_api.go:79.3,90.34 2 0
github.com/dianlight/srat/server/huma_api.go:90.34,91.41 1 0
github.com/dianlight/srat/server/huma_api.go:91.41,93.5 1 0
github.com/dianlight/srat/server/huma_api.go:94.4,94.58 1 0
github.com/dianlight/srat/server/huma_api.go:94.58,98.5 1 0
github.com/dianlight/srat/server/huma_api.go:104.2,104.33 1 0
github.com/dianlight/srat/server/huma_api.go:104.33,106.3 1 0
github.com/dianlight/srat/server/huma_api.go:107.2,109.17 2 0
github.com/dianlight/srat/server/huma_api.go:112.29,118.2 1 0
