mode: set
github.com/dianlight/srat/api/health.go:50.81,53.33 3 1
github.com/dianlight/srat/api/health.go:53.33,55.3 1 0
github.com/dianlight/srat/api/health.go:57.2,71.31 15 1
github.com/dianlight/srat/api/health.go:71.31,73.3 1 1
github.com/dianlight/srat/api/health.go:73.8,75.3 1 0
github.com/dianlight/srat/api/health.go:77.2,78.44 1 1
github.com/dianlight/srat/api/health.go:78.44,80.14 2 1
github.com/dianlight/srat/api/health.go:80.14,83.5 2 1
github.com/dianlight/srat/api/health.go:84.4,84.14 1 1
github.com/dianlight/srat/api/health.go:87.2,88.10 2 1
github.com/dianlight/srat/api/health.go:94.64,97.2 2 1
github.com/dianlight/srat/api/health.go:108.124,110.2 1 1
github.com/dianlight/srat/api/health.go:112.115,114.2 1 1
github.com/dianlight/srat/api/health.go:121.40,123.16 2 1
github.com/dianlight/srat/api/health.go:123.16,125.3 1 0
github.com/dianlight/srat/api/health.go:126.2,126.52 1 1
github.com/dianlight/srat/api/health.go:141.39,142.6 1 1
github.com/dianlight/srat/api/health.go:142.6,143.10 1 1
github.com/dianlight/srat/api/health.go:144.26,147.43 3 1
github.com/dianlight/srat/api/health.go:148.50,154.18 3 1
github.com/dianlight/srat/api/health.go:154.18,157.5 2 0
github.com/dianlight/srat/api/health.go:157.10,159.5 1 1
github.com/dianlight/srat/api/health.go:160.4,162.18 3 1
github.com/dianlight/srat/api/health.go:162.18,165.5 2 0
github.com/dianlight/srat/api/health.go:165.10,169.5 2 1
github.com/dianlight/srat/api/health.go:170.4,171.18 2 1
github.com/dianlight/srat/api/health.go:171.18,174.5 2 0
github.com/dianlight/srat/api/health.go:174.10,176.5 1 1
github.com/dianlight/srat/api/health.go:177.4,178.18 2 1
github.com/dianlight/srat/api/health.go:178.18,181.5 2 0
github.com/dianlight/srat/api/health.go:181.10,185.5 2 1
github.com/dianlight/srat/api/health.go:188.4,192.54 4 1
github.com/dianlight/srat/api/issue.go:20.67,22.2 1 1
github.com/dianlight/srat/api/issue.go:66.55,73.80 1 1
github.com/dianlight/srat/api/issue.go:73.80,75.17 2 1
github.com/dianlight/srat/api/issue.go:75.17,78.4 2 1
github.com/dianlight/srat/api/issue.go:79.3,79.45 1 1
github.com/dianlight/srat/api/issue.go:82.2,88.84 1 1
github.com/dianlight/srat/api/issue.go:88.84,89.55 1 1
github.com/dianlight/srat/api/issue.go:89.55,92.4 2 1
github.com/dianlight/srat/api/issue.go:93.3,93.52 1 1
github.com/dianlight/srat/api/issue.go:96.2,102.86 1 1
github.com/dianlight/srat/api/issue.go:102.86,103.53 1 1
github.com/dianlight/srat/api/issue.go:103.53,106.4 2 1
github.com/dianlight/srat/api/issue.go:107.3,107.64 1 1
github.com/dianlight/srat/api/issue.go:110.2,116.84 1 1
github.com/dianlight/srat/api/issue.go:116.84,119.17 3 1
github.com/dianlight/srat/api/issue.go:119.17,122.4 2 1
github.com/dianlight/srat/api/issue.go:123.3,123.53 1 1
github.com/dianlight/srat/api/samba.go:16.104,21.2 4 1
github.com/dianlight/srat/api/samba.go:23.61,27.2 3 1
github.com/dianlight/srat/api/samba.go:29.123,31.16 2 1
github.com/dianlight/srat/api/samba.go:31.16,33.3 1 1
github.com/dianlight/srat/api/samba.go:34.2,34.60 1 1
github.com/dianlight/srat/api/samba.go:47.97,50.16 2 1
github.com/dianlight/srat/api/samba.go:50.16,52.3 1 1
github.com/dianlight/srat/api/samba.go:54.2,55.16 2 1
github.com/dianlight/srat/api/samba.go:55.16,57.3 1 0
github.com/dianlight/srat/api/samba.go:59.2,60.16 2 1
github.com/dianlight/srat/api/samba.go:60.16,62.3 1 0
github.com/dianlight/srat/api/samba.go:64.2,64.17 1 1
github.com/dianlight/srat/api/samba.go:78.119,82.16 3 1
github.com/dianlight/srat/api/samba.go:82.16,84.3 1 1
github.com/dianlight/srat/api/samba.go:86.2,88.56 2 1
github.com/dianlight/srat/api/setting.go:34.221,41.2 6 1
github.com/dianlight/srat/api/setting.go:50.60,54.2 2 1
github.com/dianlight/srat/api/setting.go:72.42,76.16 3 1
github.com/dianlight/srat/api/setting.go:76.16,78.3 1 0
github.com/dianlight/srat/api/setting.go:79.2,82.16 3 1
github.com/dianlight/srat/api/setting.go:82.16,84.3 1 0
github.com/dianlight/srat/api/setting.go:86.2,87.16 2 1
github.com/dianlight/srat/api/setting.go:87.16,89.3 1 0
github.com/dianlight/srat/api/setting.go:91.2,92.16 2 1
github.com/dianlight/srat/api/setting.go:92.16,94.3 1 0
github.com/dianlight/srat/api/setting.go:97.2,97.34 1 1
github.com/dianlight/srat/api/setting.go:97.34,99.17 2 1
github.com/dianlight/srat/api/setting.go:99.17,102.4 1 0
github.com/dianlight/srat/api/setting.go:105.2,106.56 2 1
github.com/dianlight/srat/api/setting.go:119.117,122.16 3 1
github.com/dianlight/srat/api/setting.go:122.16,124.3 1 0
github.com/dianlight/srat/api/setting.go:125.2,127.16 3 1
github.com/dianlight/srat/api/setting.go:127.16,130.3 1 0
github.com/dianlight/srat/api/setting.go:131.2,131.58 1 1
github.com/dianlight/srat/api/shares.go:23.17,29.2 5 1
github.com/dianlight/srat/api/shares.go:31.62,39.2 7 1
github.com/dianlight/srat/api/shares.go:51.122,53.16 2 1
github.com/dianlight/srat/api/shares.go:53.16,55.3 1 0
github.com/dianlight/srat/api/shares.go:56.2,56.64 1 1
github.com/dianlight/srat/api/shares.go:77.48,79.16 2 1
github.com/dianlight/srat/api/shares.go:79.16,80.45 1 1
github.com/dianlight/srat/api/shares.go:80.45,82.4 1 1
github.com/dianlight/srat/api/shares.go:83.3,83.75 1 0
github.com/dianlight/srat/api/shares.go:85.2,85.62 1 1
github.com/dianlight/srat/api/shares.go:109.11,111.16 2 1
github.com/dianlight/srat/api/shares.go:111.16,112.50 1 1
github.com/dianlight/srat/api/shares.go:112.50,114.4 1 1
github.com/dianlight/srat/api/shares.go:115.3,116.78 2 1
github.com/dianlight/srat/api/shares.go:118.2,124.57 3 1
github.com/dianlight/srat/api/shares.go:152.48,154.16 2 1
github.com/dianlight/srat/api/shares.go:154.16,155.45 1 1
github.com/dianlight/srat/api/shares.go:155.45,157.4 1 1
github.com/dianlight/srat/api/shares.go:158.3,158.50 1 0
github.com/dianlight/srat/api/shares.go:158.50,160.4 1 0
github.com/dianlight/srat/api/shares.go:161.3,162.78 2 0
github.com/dianlight/srat/api/shares.go:165.2,167.69 3 1
github.com/dianlight/srat/api/shares.go:185.23,187.16 2 1
github.com/dianlight/srat/api/shares.go:187.16,188.45 1 1
github.com/dianlight/srat/api/shares.go:188.45,190.4 1 1
github.com/dianlight/srat/api/shares.go:191.3,191.78 1 0
github.com/dianlight/srat/api/shares.go:194.2,196.25 3 1
github.com/dianlight/srat/api/shares.go:202.48,204.16 2 1
github.com/dianlight/srat/api/shares.go:204.16,205.45 1 1
github.com/dianlight/srat/api/shares.go:205.45,207.4 1 1
github.com/dianlight/srat/api/shares.go:208.3,208.79 1 0
github.com/dianlight/srat/api/shares.go:211.2,213.70 3 1
github.com/dianlight/srat/api/shares.go:219.48,221.16 2 1
github.com/dianlight/srat/api/shares.go:221.16,222.45 1 1
github.com/dianlight/srat/api/shares.go:222.45,224.4 1 1
github.com/dianlight/srat/api/shares.go:225.3,225.78 1 0
github.com/dianlight/srat/api/shares.go:228.2,230.69 3 1
github.com/dianlight/srat/api/sse.go:25.93,31.2 2 1
github.com/dianlight/srat/api/sse.go:51.54,65.65 1 1
github.com/dianlight/srat/api/sse.go:65.65,68.3 2 1
github.com/dianlight/srat/api/system.go:25.126,31.2 5 1
github.com/dianlight/srat/api/system.go:33.59,35.2 1 1
github.com/dianlight/srat/api/system.go:37.62,43.2 5 1
github.com/dianlight/srat/api/system.go:54.102,58.2 3 1
github.com/dianlight/srat/api/system.go:70.130,78.16 2 1
github.com/dianlight/srat/api/system.go:78.16,80.3 1 0
github.com/dianlight/srat/api/system.go:82.2,82.63 1 1
github.com/dianlight/srat/api/system.go:91.102,93.16 2 1
github.com/dianlight/srat/api/system.go:93.16,95.3 1 0
github.com/dianlight/srat/api/system.go:96.2,101.53 4 1
github.com/dianlight/srat/api/system.go:101.53,103.17 2 1
github.com/dianlight/srat/api/system.go:103.17,104.38 1 1
github.com/dianlight/srat/api/system.go:104.38,106.5 1 1
github.com/dianlight/srat/api/system.go:107.4,107.9 1 1
github.com/dianlight/srat/api/system.go:109.3,109.17 1 1
github.com/dianlight/srat/api/system.go:109.17,110.12 1 0
github.com/dianlight/srat/api/system.go:112.3,112.46 1 1
github.com/dianlight/srat/api/system.go:115.2,115.17 1 1
github.com/dianlight/srat/api/system.go:119.65,122.16 3 1
github.com/dianlight/srat/api/system.go:122.16,124.3 1 0
github.com/dianlight/srat/api/system.go:125.2,133.29 4 1
github.com/dianlight/srat/api/system.go:133.29,135.20 2 1
github.com/dianlight/srat/api/system.go:135.20,136.12 1 0
github.com/dianlight/srat/api/system.go:138.3,138.43 1 1
github.com/dianlight/srat/api/system.go:138.43,139.43 1 1
github.com/dianlight/srat/api/system.go:139.43,142.5 2 1
github.com/dianlight/srat/api/system.go:143.4,143.12 1 1
github.com/dianlight/srat/api/system.go:145.3,146.23 2 1
github.com/dianlight/srat/api/system.go:146.23,147.12 1 0
github.com/dianlight/srat/api/system.go:149.3,150.40 2 1
github.com/dianlight/srat/api/system.go:150.40,151.42 1 1
github.com/dianlight/srat/api/system.go:151.42,154.5 2 1
github.com/dianlight/srat/api/system.go:158.2,158.17 1 1
github.com/dianlight/srat/api/system.go:171.126,174.16 2 1
github.com/dianlight/srat/api/system.go:174.16,176.3 1 0
github.com/dianlight/srat/api/system.go:177.2,178.25 2 1
github.com/dianlight/srat/api/system.go:178.25,188.3 3 1
github.com/dianlight/srat/api/system.go:189.2,189.60 1 1
github.com/dianlight/srat/api/system.go:202.119,204.16 2 1
github.com/dianlight/srat/api/system.go:204.16,206.3 1 1
github.com/dianlight/srat/api/system.go:207.2,207.52 1 1
github.com/dianlight/srat/api/system.go:220.139,226.16 4 1
github.com/dianlight/srat/api/system.go:226.16,231.3 4 1
github.com/dianlight/srat/api/system.go:231.8,235.30 4 0
github.com/dianlight/srat/api/system.go:235.30,237.4 1 0
github.com/dianlight/srat/api/system.go:243.2,244.16 2 1
github.com/dianlight/srat/api/system.go:244.16,247.3 2 0
github.com/dianlight/srat/api/system.go:247.8,249.3 1 1
github.com/dianlight/srat/api/system.go:252.2,252.35 1 1
github.com/dianlight/srat/api/system.go:252.35,254.17 2 1
github.com/dianlight/srat/api/system.go:254.17,256.4 1 0
github.com/dianlight/srat/api/system.go:256.9,258.4 1 1
github.com/dianlight/srat/api/system.go:262.2,262.35 1 1
github.com/dianlight/srat/api/system.go:262.35,264.3 1 1
github.com/dianlight/srat/api/system.go:266.2,268.52 2 1
github.com/dianlight/srat/api/system.go:268.52,270.3 1 1
github.com/dianlight/srat/api/system.go:272.2,272.72 1 1
github.com/dianlight/srat/api/telemetry.go:17.126,22.2 1 1
github.com/dianlight/srat/api/telemetry.go:25.63,28.2 2 1
github.com/dianlight/srat/api/telemetry.go:31.121,35.54 2 1
github.com/dianlight/srat/api/telemetry.go:35.54,37.3 1 1
github.com/dianlight/srat/api/telemetry.go:39.2,39.51 1 1
github.com/dianlight/srat/api/telemetry.go:43.121,46.2 2 1
github.com/dianlight/srat/api/upgrade.go:34.65,36.2 1 1
github.com/dianlight/srat/api/upgrade.go:38.175,46.2 6 1
github.com/dianlight/srat/api/upgrade.go:48.64,52.2 3 1
github.com/dianlight/srat/api/upgrade.go:64.132,67.16 3 1
github.com/dianlight/srat/api/upgrade.go:67.16,68.49 1 1
github.com/dianlight/srat/api/upgrade.go:68.49,71.4 2 1
github.com/dianlight/srat/api/upgrade.go:72.3,73.70 2 0
github.com/dianlight/srat/api/upgrade.go:76.2,76.18 1 1
github.com/dianlight/srat/api/upgrade.go:76.18,79.3 2 0
github.com/dianlight/srat/api/upgrade.go:81.2,82.60 2 1
github.com/dianlight/srat/api/upgrade.go:85.127,87.16 2 1
github.com/dianlight/srat/api/upgrade.go:87.16,89.3 1 0
github.com/dianlight/srat/api/upgrade.go:91.2,94.12 3 1
github.com/dianlight/srat/api/upgrade.go:94.12,98.17 3 1
github.com/dianlight/srat/api/upgrade.go:98.17,101.4 2 0
github.com/dianlight/srat/api/upgrade.go:102.3,103.17 2 1
github.com/dianlight/srat/api/upgrade.go:103.17,106.4 2 0
github.com/dianlight/srat/api/upgrade.go:108.3,108.30 1 1
github.com/dianlight/srat/api/upgrade.go:108.30,110.4 1 1
github.com/dianlight/srat/api/upgrade.go:113.2,118.9 1 1
github.com/dianlight/srat/api/upgrade.go:130.139,138.16 6 1
github.com/dianlight/srat/api/upgrade.go:138.16,142.3 2 0
github.com/dianlight/srat/api/upgrade.go:142.8,144.33 1 1
github.com/dianlight/srat/api/upgrade.go:144.33,148.4 2 1
github.com/dianlight/srat/api/upgrade.go:148.9,151.4 1 1
github.com/dianlight/srat/api/upgrade.go:154.2,157.25 3 1
github.com/dianlight/srat/api/upgrade.go:157.25,159.34 2 1
github.com/dianlight/srat/api/upgrade.go:159.34,160.40 1 1
github.com/dianlight/srat/api/upgrade.go:160.40,162.5 1 1
github.com/dianlight/srat/api/upgrade.go:164.3,164.93 1 1
github.com/dianlight/srat/api/upgrade.go:165.8,168.3 2 1
github.com/dianlight/srat/api/upgrade.go:170.2,170.74 1 1
github.com/dianlight/srat/api/users.go:18.16,22.2 3 1
github.com/dianlight/srat/api/users.go:24.60,31.2 5 1
github.com/dianlight/srat/api/users.go:44.113,46.16 2 1
github.com/dianlight/srat/api/users.go:46.16,48.3 1 1
github.com/dianlight/srat/api/users.go:49.2,49.53 1 1
github.com/dianlight/srat/api/users.go:72.11,74.16 2 1
github.com/dianlight/srat/api/users.go:74.16,75.49 1 1
github.com/dianlight/srat/api/users.go:75.49,77.4 1 1
github.com/dianlight/srat/api/users.go:78.3,78.81 1 1
github.com/dianlight/srat/api/users.go:81.2,84.41 1 1
github.com/dianlight/srat/api/users.go:103.38,105.16 2 1
github.com/dianlight/srat/api/users.go:105.16,106.44 1 1
github.com/dianlight/srat/api/users.go:106.44,108.4 1 1
github.com/dianlight/srat/api/users.go:109.3,109.49 1 1
github.com/dianlight/srat/api/users.go:109.49,111.4 1 1
github.com/dianlight/srat/api/users.go:112.3,112.76 1 0
github.com/dianlight/srat/api/users.go:114.2,114.58 1 1
github.com/dianlight/srat/api/users.go:131.38,133.16 2 1
github.com/dianlight/srat/api/users.go:133.16,134.44 1 1
github.com/dianlight/srat/api/users.go:134.44,136.4 1 1
github.com/dianlight/srat/api/users.go:137.3,137.49 1 0
github.com/dianlight/srat/api/users.go:137.49,139.4 1 0
github.com/dianlight/srat/api/users.go:140.3,140.62 1 0
github.com/dianlight/srat/api/users.go:142.2,142.59 1 1
github.com/dianlight/srat/api/users.go:147.23,149.16 2 1
github.com/dianlight/srat/api/users.go:149.16,150.44 1 1
github.com/dianlight/srat/api/users.go:150.44,152.4 1 1
github.com/dianlight/srat/api/users.go:153.3,153.76 1 0
github.com/dianlight/srat/api/users.go:155.2,155.25 1 1
github.com/dianlight/srat/api/volumes.go:28.201,35.2 6 1
github.com/dianlight/srat/api/volumes.go:45.65,52.2 6 1
github.com/dianlight/srat/api/volumes.go:54.115,56.16 2 1
github.com/dianlight/srat/api/volumes.go:56.16,58.3 1 1
github.com/dianlight/srat/api/volumes.go:59.2,59.56 1 1
github.com/dianlight/srat/api/volumes.go:65.48,69.83 2 1
github.com/dianlight/srat/api/volumes.go:69.83,71.3 1 1
github.com/dianlight/srat/api/volumes.go:73.2,74.17 2 1
github.com/dianlight/srat/api/volumes.go:74.17,75.42 1 1
github.com/dianlight/srat/api/volumes.go:75.42,77.29 2 1
github.com/dianlight/srat/api/volumes.go:77.29,79.44 2 1
github.com/dianlight/srat/api/volumes.go:79.44,81.6 1 1
github.com/dianlight/srat/api/volumes.go:82.5,82.67 1 1
github.com/dianlight/srat/api/volumes.go:83.10,85.5 1 0
github.com/dianlight/srat/api/volumes.go:86.9,86.54 1 1
github.com/dianlight/srat/api/volumes.go:86.54,88.4 1 1
github.com/dianlight/srat/api/volumes.go:88.9,88.56 1 1
github.com/dianlight/srat/api/volumes.go:88.56,90.4 1 1
github.com/dianlight/srat/api/volumes.go:90.9,92.4 1 1
github.com/dianlight/srat/api/volumes.go:94.2,96.66 2 1
github.com/dianlight/srat/api/volumes.go:103.23,106.16 2 1
github.com/dianlight/srat/api/volumes.go:106.16,108.3 1 0
github.com/dianlight/srat/api/volumes.go:111.2,112.61 2 1
github.com/dianlight/srat/api/volumes.go:112.61,114.3 1 0
github.com/dianlight/srat/api/volumes.go:116.2,117.16 2 1
github.com/dianlight/srat/api/volumes.go:117.16,119.3 1 0
github.com/dianlight/srat/api/volumes.go:121.2,122.17 2 1
github.com/dianlight/srat/api/volumes.go:127.35,128.34 1 1
github.com/dianlight/srat/api/volumes.go:128.34,130.3 1 0
github.com/dianlight/srat/api/volumes.go:132.2,133.16 2 1
github.com/dianlight/srat/api/volumes.go:133.16,134.46 1 0
github.com/dianlight/srat/api/volumes.go:134.46,136.4 1 0
github.com/dianlight/srat/api/volumes.go:137.3,137.48 1 0
github.com/dianlight/srat/api/volumes.go:137.48,139.4 1 0
github.com/dianlight/srat/api/volumes.go:142.3,142.125 1 0
github.com/dianlight/srat/api/volumes.go:146.2,146.65 1 1
github.com/dianlight/srat/api/volumes.go:153.48,154.34 1 1
github.com/dianlight/srat/api/volumes.go:154.34,156.3 1 0
github.com/dianlight/srat/api/volumes.go:158.2,159.17 2 1
github.com/dianlight/srat/api/volumes.go:159.17,161.3 1 0
github.com/dianlight/srat/api/volumes.go:163.2,164.23 2 1
github.com/dianlight/srat/api/volumes.go:164.23,165.47 1 0
github.com/dianlight/srat/api/volumes.go:165.47,167.4 1 0
github.com/dianlight/srat/api/volumes.go:169.3,169.99 1 0
github.com/dianlight/srat/api/volumes.go:172.2,173.67 2 1
github.com/dianlight/srat/api/volumes.go:180.48,181.34 1 1
github.com/dianlight/srat/api/volumes.go:181.34,183.3 1 0
github.com/dianlight/srat/api/volumes.go:185.2,186.17 2 1
github.com/dianlight/srat/api/volumes.go:186.17,188.3 1 0
github.com/dianlight/srat/api/volumes.go:190.2,191.23 2 1
github.com/dianlight/srat/api/volumes.go:191.23,192.47 1 0
github.com/dianlight/srat/api/volumes.go:192.47,194.4 1 0
github.com/dianlight/srat/api/volumes.go:196.3,196.98 1 0
github.com/dianlight/srat/api/volumes.go:199.2,200.67 2 1
github.com/dianlight/srat/api/ws.go:29.113,34.43 1 1
github.com/dianlight/srat/api/ws.go:34.43,38.4 1 1
github.com/dianlight/srat/api/ws.go:40.2,56.3 3 1
github.com/dianlight/srat/api/ws.go:59.53,61.22 2 1
github.com/dianlight/srat/api/ws.go:61.22,63.3 1 1
github.com/dianlight/srat/api/ws.go:64.2,64.10 1 1
github.com/dianlight/srat/api/ws.go:69.87,71.16 2 1
github.com/dianlight/srat/api/ws.go:71.16,74.3 2 0
github.com/dianlight/srat/api/ws.go:75.2,79.41 3 1
github.com/dianlight/srat/api/ws.go:79.41,82.3 2 0
github.com/dianlight/srat/api/ws.go:84.2,86.73 2 1
github.com/dianlight/srat/api/ws.go:86.73,90.17 2 1
github.com/dianlight/srat/api/ws.go:90.17,92.4 1 0
github.com/dianlight/srat/api/ws.go:94.3,100.17 3 1
github.com/dianlight/srat/api/ws.go:100.17,102.4 1 0
github.com/dianlight/srat/api/ws.go:103.3,103.13 1 1
github.com/dianlight/srat/api/ws.go:107.2,110.6 3 1
github.com/dianlight/srat/api/ws.go:110.6,111.10 1 1
github.com/dianlight/srat/api/ws.go:112.26,113.10 1 1
github.com/dianlight/srat/api/ws.go:114.23,117.18 2 0
github.com/dianlight/srat/api/ws.go:117.18,120.5 2 0
github.com/dianlight/srat/api/ws.go:125.62,127.2 1 1
