mode: set
github.com/dianlight/srat/converter/config_to_dbom.go:53.89,54.27 1 1
github.com/dianlight/srat/converter/config_to_dbom.go:54.27,55.29 1 1
github.com/dianlight/srat/converter/config_to_dbom.go:55.29,57.4 1 1
github.com/dianlight/srat/converter/config_to_dbom.go:59.2,61.15 3 1
github.com/dianlight/srat/converter/config_to_dbom.go:64.52,66.2 1 1
github.com/dianlight/srat/converter/config_to_dbom_conv.go:69.112,70.30 1 0
github.com/dianlight/srat/converter/config_to_dbom_conv.go:70.30,72.25 2 0
github.com/dianlight/srat/converter/config_to_dbom_conv.go:72.25,73.25 1 0
github.com/dianlight/srat/converter/config_to_dbom_conv.go:73.25,75.5 1 0
github.com/dianlight/srat/converter/config_to_dbom_conv.go:75.10,75.70 1 0
github.com/dianlight/srat/converter/config_to_dbom_conv.go:75.70,77.5 1 0
github.com/dianlight/srat/converter/config_to_dbom_conv.go:77.10,78.41 1 0
github.com/dianlight/srat/converter/config_to_dbom_conv.go:78.41,80.55 2 0
github.com/dianlight/srat/converter/config_to_dbom_conv.go:80.55,83.7 2 0
github.com/dianlight/srat/converter/config_to_dbom_conv.go:84.11,84.102 1 0
github.com/dianlight/srat/converter/config_to_dbom_conv.go:84.102,90.56 1 0
github.com/dianlight/srat/converter/config_to_dbom_conv.go:90.56,92.7 1 0
github.com/dianlight/srat/converter/config_to_dbom_conv.go:92.12,94.7 1 0
github.com/dianlight/srat/converter/config_to_dbom_conv.go:95.11,97.6 1 0
github.com/dianlight/srat/converter/config_to_dbom_conv.go:101.2,101.12 1 0
github.com/dianlight/srat/converter/config_to_dbom_conv.go:104.176,106.16 2 0
github.com/dianlight/srat/converter/config_to_dbom_conv.go:106.16,108.3 1 0
github.com/dianlight/srat/converter/config_to_dbom_conv.go:109.2,109.29 1 0
github.com/dianlight/srat/converter/config_to_dbom_conv.go:109.29,110.19 1 0
github.com/dianlight/srat/converter/config_to_dbom_conv.go:110.19,113.4 2 0
github.com/dianlight/srat/converter/config_to_dbom_conv.go:113.9,116.19 3 0
github.com/dianlight/srat/converter/config_to_dbom_conv.go:116.19,118.5 1 0
github.com/dianlight/srat/converter/config_to_dbom_conv.go:119.4,119.58 1 0
github.com/dianlight/srat/converter/config_to_dbom_conv.go:122.2,122.27 1 0
github.com/dianlight/srat/converter/config_to_dbom_conv.go:122.27,124.3 1 0
github.com/dianlight/srat/converter/config_to_dbom_conv.go:125.2,125.31 1 0
github.com/dianlight/srat/converter/config_to_dbom_conv.go:125.31,128.18 3 0
github.com/dianlight/srat/converter/config_to_dbom_conv.go:128.18,130.4 1 0
github.com/dianlight/srat/converter/config_to_dbom_conv.go:131.3,131.38 1 0
github.com/dianlight/srat/converter/config_to_dbom_conv.go:133.2,133.12 1 0
github.com/dianlight/srat/converter/config_to_dbom_conv_gen.go:15.113,16.23 1 0
github.com/dianlight/srat/converter/config_to_dbom_conv_gen.go:16.23,18.3 1 0
github.com/dianlight/srat/converter/config_to_dbom_conv_gen.go:19.2,19.38 1 0
github.com/dianlight/srat/converter/config_to_dbom_conv_gen.go:19.38,21.3 1 0
github.com/dianlight/srat/converter/config_to_dbom_conv_gen.go:22.2,22.40 1 0
github.com/dianlight/srat/converter/config_to_dbom_conv_gen.go:22.40,24.3 1 0
github.com/dianlight/srat/converter/config_to_dbom_conv_gen.go:25.2,25.28 1 0
github.com/dianlight/srat/converter/config_to_dbom_conv_gen.go:25.28,27.3 1 0
github.com/dianlight/srat/converter/config_to_dbom_conv_gen.go:28.2,28.25 1 0
github.com/dianlight/srat/converter/config_to_dbom_conv_gen.go:28.25,30.42 2 0
github.com/dianlight/srat/converter/config_to_dbom_conv_gen.go:30.42,32.4 1 0
github.com/dianlight/srat/converter/config_to_dbom_conv_gen.go:34.2,34.27 1 0
github.com/dianlight/srat/converter/config_to_dbom_conv_gen.go:34.27,36.44 2 0
github.com/dianlight/srat/converter/config_to_dbom_conv_gen.go:36.44,38.4 1 0
github.com/dianlight/srat/converter/config_to_dbom_conv_gen.go:40.2,40.33 1 0
github.com/dianlight/srat/converter/config_to_dbom_conv_gen.go:40.33,42.3 1 0
github.com/dianlight/srat/converter/config_to_dbom_conv_gen.go:43.2,43.32 1 0
github.com/dianlight/srat/converter/config_to_dbom_conv_gen.go:43.32,46.3 2 0
github.com/dianlight/srat/converter/config_to_dbom_conv_gen.go:47.2,47.29 1 0
github.com/dianlight/srat/converter/config_to_dbom_conv_gen.go:47.29,50.3 2 0
github.com/dianlight/srat/converter/config_to_dbom_conv_gen.go:51.2,51.37 1 0
github.com/dianlight/srat/converter/config_to_dbom_conv_gen.go:51.37,54.3 2 0
github.com/dianlight/srat/converter/config_to_dbom_conv_gen.go:55.2,55.24 1 0
github.com/dianlight/srat/converter/config_to_dbom_conv_gen.go:55.24,57.3 1 0
github.com/dianlight/srat/converter/config_to_dbom_conv_gen.go:58.2,59.12 2 0
github.com/dianlight/srat/converter/config_to_dbom_conv_gen.go:61.103,62.27 1 0
github.com/dianlight/srat/converter/config_to_dbom_conv_gen.go:62.27,64.3 1 0
github.com/dianlight/srat/converter/config_to_dbom_conv_gen.go:65.2,65.27 1 0
github.com/dianlight/srat/converter/config_to_dbom_conv_gen.go:65.27,67.3 1 0
github.com/dianlight/srat/converter/config_to_dbom_conv_gen.go:68.2,68.12 1 0
github.com/dianlight/srat/converter/config_to_dbom_conv_gen.go:70.155,71.23 1 0
github.com/dianlight/srat/converter/config_to_dbom_conv_gen.go:71.23,73.3 1 0
github.com/dianlight/srat/converter/config_to_dbom_conv_gen.go:74.2,74.30 1 0
github.com/dianlight/srat/converter/config_to_dbom_conv_gen.go:74.30,77.3 2 0
github.com/dianlight/srat/converter/config_to_dbom_conv_gen.go:78.2,78.25 1 0
github.com/dianlight/srat/converter/config_to_dbom_conv_gen.go:78.25,80.42 2 0
github.com/dianlight/srat/converter/config_to_dbom_conv_gen.go:80.42,82.18 2 0
github.com/dianlight/srat/converter/config_to_dbom_conv_gen.go:82.18,84.5 1 0
github.com/dianlight/srat/converter/config_to_dbom_conv_gen.go:85.4,85.35 1 0
github.com/dianlight/srat/converter/config_to_dbom_conv_gen.go:88.2,88.27 1 0
github.com/dianlight/srat/converter/config_to_dbom_conv_gen.go:88.27,90.44 2 0
github.com/dianlight/srat/converter/config_to_dbom_conv_gen.go:90.44,92.18 2 0
github.com/dianlight/srat/converter/config_to_dbom_conv_gen.go:92.18,94.5 1 0
github.com/dianlight/srat/converter/config_to_dbom_conv_gen.go:95.4,95.38 1 0
github.com/dianlight/srat/converter/config_to_dbom_conv_gen.go:98.2,99.33 2 0
github.com/dianlight/srat/converter/config_to_dbom_conv_gen.go:99.33,101.3 1 0
github.com/dianlight/srat/converter/config_to_dbom_conv_gen.go:102.2,102.30 1 0
github.com/dianlight/srat/converter/config_to_dbom_conv_gen.go:102.30,104.3 1 0
github.com/dianlight/srat/converter/config_to_dbom_conv_gen.go:105.2,105.27 1 0
github.com/dianlight/srat/converter/config_to_dbom_conv_gen.go:105.27,107.3 1 0
github.com/dianlight/srat/converter/config_to_dbom_conv_gen.go:108.2,108.38 1 0
github.com/dianlight/srat/converter/config_to_dbom_conv_gen.go:108.38,110.3 1 0
github.com/dianlight/srat/converter/config_to_dbom_conv_gen.go:111.2,111.24 1 0
github.com/dianlight/srat/converter/config_to_dbom_conv_gen.go:111.24,113.3 1 0
github.com/dianlight/srat/converter/config_to_dbom_conv_gen.go:114.2,114.23 1 0
github.com/dianlight/srat/converter/config_to_dbom_conv_gen.go:114.23,116.3 1 0
github.com/dianlight/srat/converter/config_to_dbom_conv_gen.go:117.2,117.12 1 0
github.com/dianlight/srat/converter/config_to_dbom_conv_gen.go:119.113,121.19 2 0
github.com/dianlight/srat/converter/config_to_dbom_conv_gen.go:121.19,123.36 2 0
github.com/dianlight/srat/converter/config_to_dbom_conv_gen.go:123.36,125.4 1 0
github.com/dianlight/srat/converter/config_to_dbom_conv_gen.go:127.2,127.19 1 0
github.com/dianlight/srat/converter/config_to_dbom_conv_gen.go:129.113,131.19 2 0
github.com/dianlight/srat/converter/config_to_dbom_conv_gen.go:131.19,133.36 2 0
github.com/dianlight/srat/converter/config_to_dbom_conv_gen.go:133.36,135.4 1 0
github.com/dianlight/srat/converter/config_to_dbom_conv_gen.go:137.2,137.27 1 0
github.com/dianlight/srat/converter/config_to_dto.go:79.75,80.26 1 0
github.com/dianlight/srat/converter/config_to_dto.go:80.26,81.29 1 0
github.com/dianlight/srat/converter/config_to_dto.go:81.29,83.4 1 0
github.com/dianlight/srat/converter/config_to_dto.go:85.2,85.81 1 0
github.com/dianlight/srat/converter/config_to_dto.go:88.44,90.2 1 0
github.com/dianlight/srat/converter/config_to_dto.go:92.39,94.16 2 1
github.com/dianlight/srat/converter/config_to_dto.go:94.16,97.3 2 0
github.com/dianlight/srat/converter/config_to_dto.go:98.2,98.25 1 1
github.com/dianlight/srat/converter/config_to_dto.go:98.25,100.25 2 1
github.com/dianlight/srat/converter/config_to_dto.go:100.25,102.4 1 0
github.com/dianlight/srat/converter/config_to_dto.go:102.9,104.12 2 1
github.com/dianlight/srat/converter/config_to_dto.go:104.12,106.5 1 0
github.com/dianlight/srat/converter/config_to_dto.go:110.2,110.11 1 1
github.com/dianlight/srat/converter/config_to_dto.go:113.34,115.2 1 0
github.com/dianlight/srat/converter/config_to_dto.go:117.45,119.16 2 1
github.com/dianlight/srat/converter/config_to_dto.go:119.16,121.3 1 0
github.com/dianlight/srat/converter/config_to_dto.go:122.2,122.15 1 1
github.com/dianlight/srat/converter/config_to_dto.go:125.46,127.16 2 1
github.com/dianlight/srat/converter/config_to_dto.go:127.16,129.3 1 1
github.com/dianlight/srat/converter/config_to_dto.go:130.2,130.16 1 0
github.com/dianlight/srat/converter/config_to_dto.go:133.44,135.16 2 1
github.com/dianlight/srat/converter/config_to_dto.go:135.16,137.3 1 1
github.com/dianlight/srat/converter/config_to_dto.go:138.2,138.21 1 0
github.com/dianlight/srat/converter/config_to_dto.go:142.70,143.16 1 1
github.com/dianlight/srat/converter/config_to_dto.go:144.147,145.44 1 1
github.com/dianlight/srat/converter/config_to_dto.go:146.23,147.47 1 1
github.com/dianlight/srat/converter/config_to_dto.go:148.52,149.46 1 1
github.com/dianlight/srat/converter/config_to_dto.go:150.10,151.42 1 1
github.com/dianlight/srat/converter/config_to_dto.go:155.48,159.2 2 1
github.com/dianlight/srat/converter/config_to_dto_conv_gen.go:13.113,14.23 1 0
github.com/dianlight/srat/converter/config_to_dto_conv_gen.go:14.23,16.3 1 0
github.com/dianlight/srat/converter/config_to_dto_conv_gen.go:17.2,18.34 2 0
github.com/dianlight/srat/converter/config_to_dto_conv_gen.go:18.34,20.3 1 0
github.com/dianlight/srat/converter/config_to_dto_conv_gen.go:21.2,21.20 1 0
github.com/dianlight/srat/converter/config_to_dto_conv_gen.go:21.20,23.3 1 0
github.com/dianlight/srat/converter/config_to_dto_conv_gen.go:24.2,25.34 2 0
github.com/dianlight/srat/converter/config_to_dto_conv_gen.go:25.34,27.3 1 0
github.com/dianlight/srat/converter/config_to_dto_conv_gen.go:28.2,28.21 1 0
github.com/dianlight/srat/converter/config_to_dto_conv_gen.go:28.21,30.3 1 0
github.com/dianlight/srat/converter/config_to_dto_conv_gen.go:31.2,31.28 1 0
github.com/dianlight/srat/converter/config_to_dto_conv_gen.go:31.28,33.3 1 0
github.com/dianlight/srat/converter/config_to_dto_conv_gen.go:34.2,34.25 1 0
github.com/dianlight/srat/converter/config_to_dto_conv_gen.go:34.25,36.42 2 0
github.com/dianlight/srat/converter/config_to_dto_conv_gen.go:36.42,38.4 1 0
github.com/dianlight/srat/converter/config_to_dto_conv_gen.go:40.2,40.27 1 0
github.com/dianlight/srat/converter/config_to_dto_conv_gen.go:40.27,42.44 2 0
github.com/dianlight/srat/converter/config_to_dto_conv_gen.go:42.44,44.4 1 0
github.com/dianlight/srat/converter/config_to_dto_conv_gen.go:46.2,46.31 1 0
github.com/dianlight/srat/converter/config_to_dto_conv_gen.go:46.31,48.3 1 0
github.com/dianlight/srat/converter/config_to_dto_conv_gen.go:49.2,49.30 1 0
github.com/dianlight/srat/converter/config_to_dto_conv_gen.go:49.30,52.3 2 0
github.com/dianlight/srat/converter/config_to_dto_conv_gen.go:53.2,53.27 1 0
github.com/dianlight/srat/converter/config_to_dto_conv_gen.go:53.27,56.3 2 0
github.com/dianlight/srat/converter/config_to_dto_conv_gen.go:57.2,57.38 1 0
github.com/dianlight/srat/converter/config_to_dto_conv_gen.go:57.38,60.3 2 0
github.com/dianlight/srat/converter/config_to_dto_conv_gen.go:61.2,61.24 1 0
github.com/dianlight/srat/converter/config_to_dto_conv_gen.go:61.24,63.3 1 0
github.com/dianlight/srat/converter/config_to_dto_conv_gen.go:64.2,64.29 1 0
github.com/dianlight/srat/converter/config_to_dto_conv_gen.go:64.29,66.46 2 0
github.com/dianlight/srat/converter/config_to_dto_conv_gen.go:66.46,68.4 1 0
github.com/dianlight/srat/converter/config_to_dto_conv_gen.go:70.2,70.12 1 0
github.com/dianlight/srat/converter/config_to_dto_conv_gen.go:72.96,73.27 1 0
github.com/dianlight/srat/converter/config_to_dto_conv_gen.go:73.27,75.3 1 0
github.com/dianlight/srat/converter/config_to_dto_conv_gen.go:76.2,76.27 1 0
github.com/dianlight/srat/converter/config_to_dto_conv_gen.go:76.27,78.3 1 0
github.com/dianlight/srat/converter/config_to_dto_conv_gen.go:79.2,79.12 1 0
github.com/dianlight/srat/converter/dto_to_dbom.go:114.62,116.2 1 1
github.com/dianlight/srat/converter/dto_to_dbom.go:118.62,122.2 1 1
github.com/dianlight/srat/converter/dto_to_dbom.go:125.76,126.26 1 1
github.com/dianlight/srat/converter/dto_to_dbom.go:126.26,127.35 1 1
github.com/dianlight/srat/converter/dto_to_dbom.go:127.35,128.38 1 1
github.com/dianlight/srat/converter/dto_to_dbom.go:128.38,130.5 1 1
github.com/dianlight/srat/converter/dto_to_dbom.go:133.2,133.12 1 1
github.com/dianlight/srat/converter/dto_to_dbom_conv.go:25.110,27.38 2 1
github.com/dianlight/srat/converter/dto_to_dbom_conv.go:27.38,32.72 2 1
github.com/dianlight/srat/converter/dto_to_dbom_conv.go:32.72,34.12 2 0
github.com/dianlight/srat/converter/dto_to_dbom_conv.go:38.3,44.46 3 1
github.com/dianlight/srat/converter/dto_to_dbom_conv.go:44.46,52.60 4 1
github.com/dianlight/srat/converter/dto_to_dbom_conv.go:52.60,55.5 2 0
github.com/dianlight/srat/converter/dto_to_dbom_conv.go:55.10,59.5 1 1
github.com/dianlight/srat/converter/dto_to_dbom_conv.go:61.4,61.23 1 1
github.com/dianlight/srat/converter/dto_to_dbom_conv.go:61.23,64.5 2 0
github.com/dianlight/srat/converter/dto_to_dbom_conv.go:65.4,65.17 1 1
github.com/dianlight/srat/converter/dto_to_dbom_conv.go:68.3,69.32 2 1
github.com/dianlight/srat/converter/dto_to_dbom_conv.go:69.32,71.4 1 1
github.com/dianlight/srat/converter/dto_to_dbom_conv.go:71.9,73.4 1 0
github.com/dianlight/srat/converter/dto_to_dbom_conv.go:74.3,74.24 1 1
github.com/dianlight/srat/converter/dto_to_dbom_conv.go:76.2,76.12 1 1
github.com/dianlight/srat/converter/dto_to_dbom_conv.go:79.110,82.30 2 1
github.com/dianlight/srat/converter/dto_to_dbom_conv.go:82.30,84.25 2 1
github.com/dianlight/srat/converter/dto_to_dbom_conv.go:84.25,85.25 1 1
github.com/dianlight/srat/converter/dto_to_dbom_conv.go:85.25,87.5 1 0
github.com/dianlight/srat/converter/dto_to_dbom_conv.go:87.10,87.70 1 1
github.com/dianlight/srat/converter/dto_to_dbom_conv.go:87.70,89.5 1 1
github.com/dianlight/srat/converter/dto_to_dbom_conv.go:89.10,89.180 1 0
github.com/dianlight/srat/converter/dto_to_dbom_conv.go:89.180,92.5 1 0
github.com/dianlight/srat/converter/dto_to_dbom_conv.go:92.10,92.121 1 0
github.com/dianlight/srat/converter/dto_to_dbom_conv.go:92.121,97.5 3 0
github.com/dianlight/srat/converter/dto_to_dbom_conv.go:97.10,97.83 1 0
github.com/dianlight/srat/converter/dto_to_dbom_conv.go:97.83,101.19 3 0
github.com/dianlight/srat/converter/dto_to_dbom_conv.go:101.19,103.6 1 0
github.com/dianlight/srat/converter/dto_to_dbom_conv.go:104.10,105.41 1 0
github.com/dianlight/srat/converter/dto_to_dbom_conv.go:105.41,107.55 2 0
github.com/dianlight/srat/converter/dto_to_dbom_conv.go:107.55,110.7 2 0
github.com/dianlight/srat/converter/dto_to_dbom_conv.go:111.11,113.6 1 0
github.com/dianlight/srat/converter/dto_to_dbom_conv.go:119.2,119.12 1 1
github.com/dianlight/srat/converter/dto_to_dbom_conv.go:122.128,124.16 2 1
github.com/dianlight/srat/converter/dto_to_dbom_conv.go:124.16,126.3 1 0
github.com/dianlight/srat/converter/dto_to_dbom_conv.go:127.2,129.40 3 1
github.com/dianlight/srat/converter/dto_to_dbom_conv.go:129.40,132.17 3 1
github.com/dianlight/srat/converter/dto_to_dbom_conv.go:132.17,134.4 1 0
github.com/dianlight/srat/converter/dto_to_dbom_conv.go:135.3,135.44 1 1
github.com/dianlight/srat/converter/dto_to_dbom_conv.go:137.2,137.42 1 1
github.com/dianlight/srat/converter/dto_to_dbom_conv.go:137.42,140.17 3 1
github.com/dianlight/srat/converter/dto_to_dbom_conv.go:140.17,142.4 1 0
github.com/dianlight/srat/converter/dto_to_dbom_conv.go:143.3,143.48 1 1
github.com/dianlight/srat/converter/dto_to_dbom_conv.go:145.2,145.34 1 1
github.com/dianlight/srat/converter/dto_to_dbom_conv.go:145.34,148.17 3 1
github.com/dianlight/srat/converter/dto_to_dbom_conv.go:148.17,150.4 1 0
github.com/dianlight/srat/converter/dto_to_dbom_conv.go:152.2,152.12 1 1
github.com/dianlight/srat/converter/dto_to_dbom_conv.go:155.146,157.16 2 1
github.com/dianlight/srat/converter/dto_to_dbom_conv.go:157.16,159.3 1 0
github.com/dianlight/srat/converter/dto_to_dbom_conv.go:162.2,162.38 1 1
github.com/dianlight/srat/converter/dto_to_dbom_conv.go:162.38,165.17 3 1
github.com/dianlight/srat/converter/dto_to_dbom_conv.go:165.17,167.4 1 0
github.com/dianlight/srat/converter/dto_to_dbom_conv.go:168.8,171.3 1 1
github.com/dianlight/srat/converter/dto_to_dbom_conv.go:173.2,173.12 1 1
github.com/dianlight/srat/converter/dto_to_dbom_conv_gen.go:16.141,17.23 1 1
github.com/dianlight/srat/converter/dto_to_dbom_conv_gen.go:17.23,19.3 1 1
github.com/dianlight/srat/converter/dto_to_dbom_conv_gen.go:20.2,20.28 1 1
github.com/dianlight/srat/converter/dto_to_dbom_conv_gen.go:20.28,22.3 1 0
github.com/dianlight/srat/converter/dto_to_dbom_conv_gen.go:23.2,23.25 1 1
github.com/dianlight/srat/converter/dto_to_dbom_conv_gen.go:23.25,25.42 2 1
github.com/dianlight/srat/converter/dto_to_dbom_conv_gen.go:25.42,27.4 1 1
github.com/dianlight/srat/converter/dto_to_dbom_conv_gen.go:29.2,29.27 1 1
github.com/dianlight/srat/converter/dto_to_dbom_conv_gen.go:29.27,31.44 2 0
github.com/dianlight/srat/converter/dto_to_dbom_conv_gen.go:31.44,33.4 1 0
github.com/dianlight/srat/converter/dto_to_dbom_conv_gen.go:35.2,35.33 1 1
github.com/dianlight/srat/converter/dto_to_dbom_conv_gen.go:35.33,38.3 2 0
github.com/dianlight/srat/converter/dto_to_dbom_conv_gen.go:39.2,39.32 1 1
github.com/dianlight/srat/converter/dto_to_dbom_conv_gen.go:39.32,42.3 2 0
github.com/dianlight/srat/converter/dto_to_dbom_conv_gen.go:43.2,43.29 1 1
github.com/dianlight/srat/converter/dto_to_dbom_conv_gen.go:43.29,46.3 2 0
github.com/dianlight/srat/converter/dto_to_dbom_conv_gen.go:47.2,47.37 1 1
github.com/dianlight/srat/converter/dto_to_dbom_conv_gen.go:47.37,50.3 2 0
github.com/dianlight/srat/converter/dto_to_dbom_conv_gen.go:51.2,51.24 1 1
github.com/dianlight/srat/converter/dto_to_dbom_conv_gen.go:51.24,53.3 1 0
github.com/dianlight/srat/converter/dto_to_dbom_conv_gen.go:54.2,55.12 2 1
github.com/dianlight/srat/converter/dto_to_dbom_conv_gen.go:57.127,59.19 2 0
github.com/dianlight/srat/converter/dto_to_dbom_conv_gen.go:59.19,61.23 2 0
github.com/dianlight/srat/converter/dto_to_dbom_conv_gen.go:61.23,63.40 2 0
github.com/dianlight/srat/converter/dto_to_dbom_conv_gen.go:63.40,65.19 2 0
github.com/dianlight/srat/converter/dto_to_dbom_conv_gen.go:65.19,67.6 1 0
github.com/dianlight/srat/converter/dto_to_dbom_conv_gen.go:68.5,68.49 1 0
github.com/dianlight/srat/converter/dto_to_dbom_conv_gen.go:71.3,71.50 1 0
github.com/dianlight/srat/converter/dto_to_dbom_conv_gen.go:73.2,73.36 1 0
github.com/dianlight/srat/converter/dto_to_dbom_conv_gen.go:75.104,77.19 2 1
github.com/dianlight/srat/converter/dto_to_dbom_conv_gen.go:77.19,79.36 2 1
github.com/dianlight/srat/converter/dto_to_dbom_conv_gen.go:79.36,81.4 1 1
github.com/dianlight/srat/converter/dto_to_dbom_conv_gen.go:83.2,83.26 1 1
github.com/dianlight/srat/converter/dto_to_dbom_conv_gen.go:85.127,86.23 1 1
github.com/dianlight/srat/converter/dto_to_dbom_conv_gen.go:86.23,88.3 1 1
github.com/dianlight/srat/converter/dto_to_dbom_conv_gen.go:89.2,89.23 1 1
github.com/dianlight/srat/converter/dto_to_dbom_conv_gen.go:89.23,91.3 1 1
github.com/dianlight/srat/converter/dto_to_dbom_conv_gen.go:92.2,92.27 1 1
github.com/dianlight/srat/converter/dto_to_dbom_conv_gen.go:92.27,94.3 1 1
github.com/dianlight/srat/converter/dto_to_dbom_conv_gen.go:95.2,95.26 1 1
github.com/dianlight/srat/converter/dto_to_dbom_conv_gen.go:95.26,97.3 1 1
github.com/dianlight/srat/converter/dto_to_dbom_conv_gen.go:98.2,100.38 3 1
github.com/dianlight/srat/converter/dto_to_dbom_conv_gen.go:100.38,102.3 1 1
github.com/dianlight/srat/converter/dto_to_dbom_conv_gen.go:103.2,103.26 1 1
github.com/dianlight/srat/converter/dto_to_dbom_conv_gen.go:103.26,105.43 2 1
github.com/dianlight/srat/converter/dto_to_dbom_conv_gen.go:105.43,107.18 2 1
github.com/dianlight/srat/converter/dto_to_dbom_conv_gen.go:107.18,109.5 1 0
github.com/dianlight/srat/converter/dto_to_dbom_conv_gen.go:110.4,110.40 1 1
github.com/dianlight/srat/converter/dto_to_dbom_conv_gen.go:113.2,113.12 1 1
github.com/dianlight/srat/converter/dto_to_dbom_conv_gen.go:115.147,116.23 1 1
github.com/dianlight/srat/converter/dto_to_dbom_conv_gen.go:116.23,118.3 1 1
github.com/dianlight/srat/converter/dto_to_dbom_conv_gen.go:119.2,119.23 1 1
github.com/dianlight/srat/converter/dto_to_dbom_conv_gen.go:119.23,121.3 1 1
github.com/dianlight/srat/converter/dto_to_dbom_conv_gen.go:122.2,122.23 1 1
github.com/dianlight/srat/converter/dto_to_dbom_conv_gen.go:122.23,124.3 1 1
github.com/dianlight/srat/converter/dto_to_dbom_conv_gen.go:125.2,125.23 1 1
github.com/dianlight/srat/converter/dto_to_dbom_conv_gen.go:125.23,127.3 1 1
github.com/dianlight/srat/converter/dto_to_dbom_conv_gen.go:128.2,128.23 1 1
github.com/dianlight/srat/converter/dto_to_dbom_conv_gen.go:128.23,130.3 1 1
github.com/dianlight/srat/converter/dto_to_dbom_conv_gen.go:131.2,131.23 1 1
github.com/dianlight/srat/converter/dto_to_dbom_conv_gen.go:131.23,133.3 1 1
github.com/dianlight/srat/converter/dto_to_dbom_conv_gen.go:134.2,134.25 1 1
github.com/dianlight/srat/converter/dto_to_dbom_conv_gen.go:134.25,137.3 2 1
github.com/dianlight/srat/converter/dto_to_dbom_conv_gen.go:138.2,139.16 2 1
github.com/dianlight/srat/converter/dto_to_dbom_conv_gen.go:139.16,141.3 1 0
github.com/dianlight/srat/converter/dto_to_dbom_conv_gen.go:142.2,144.16 3 1
github.com/dianlight/srat/converter/dto_to_dbom_conv_gen.go:144.16,146.3 1 0
github.com/dianlight/srat/converter/dto_to_dbom_conv_gen.go:147.2,148.27 2 1
github.com/dianlight/srat/converter/dto_to_dbom_conv_gen.go:148.27,150.3 1 1
github.com/dianlight/srat/converter/dto_to_dbom_conv_gen.go:151.2,151.27 1 1
github.com/dianlight/srat/converter/dto_to_dbom_conv_gen.go:151.27,153.3 1 1
github.com/dianlight/srat/converter/dto_to_dbom_conv_gen.go:154.2,154.23 1 1
github.com/dianlight/srat/converter/dto_to_dbom_conv_gen.go:154.23,156.17 2 1
github.com/dianlight/srat/converter/dto_to_dbom_conv_gen.go:156.17,158.4 1 0
github.com/dianlight/srat/converter/dto_to_dbom_conv_gen.go:159.3,159.27 1 1
github.com/dianlight/srat/converter/dto_to_dbom_conv_gen.go:161.2,161.23 1 1
github.com/dianlight/srat/converter/dto_to_dbom_conv_gen.go:161.23,163.17 2 1
github.com/dianlight/srat/converter/dto_to_dbom_conv_gen.go:163.17,165.4 1 0
github.com/dianlight/srat/converter/dto_to_dbom_conv_gen.go:166.3,166.28 1 1
github.com/dianlight/srat/converter/dto_to_dbom_conv_gen.go:168.2,168.38 1 1
github.com/dianlight/srat/converter/dto_to_dbom_conv_gen.go:168.38,170.3 1 0
github.com/dianlight/srat/converter/dto_to_dbom_conv_gen.go:171.2,171.23 1 1
github.com/dianlight/srat/converter/dto_to_dbom_conv_gen.go:171.23,173.3 1 1
github.com/dianlight/srat/converter/dto_to_dbom_conv_gen.go:174.2,174.25 1 1
github.com/dianlight/srat/converter/dto_to_dbom_conv_gen.go:174.25,176.3 1 1
github.com/dianlight/srat/converter/dto_to_dbom_conv_gen.go:177.2,177.26 1 1
github.com/dianlight/srat/converter/dto_to_dbom_conv_gen.go:177.26,179.43 2 0
github.com/dianlight/srat/converter/dto_to_dbom_conv_gen.go:179.43,181.18 2 0
github.com/dianlight/srat/converter/dto_to_dbom_conv_gen.go:181.18,183.5 1 0
github.com/dianlight/srat/converter/dto_to_dbom_conv_gen.go:184.4,184.40 1 0
github.com/dianlight/srat/converter/dto_to_dbom_conv_gen.go:187.2,187.12 1 1
github.com/dianlight/srat/converter/dto_to_dbom_conv_gen.go:189.97,193.28 4 0
github.com/dianlight/srat/converter/dto_to_dbom_conv_gen.go:193.28,195.45 2 0
github.com/dianlight/srat/converter/dto_to_dbom_conv_gen.go:195.45,197.4 1 0
github.com/dianlight/srat/converter/dto_to_dbom_conv_gen.go:199.2,199.28 1 0
github.com/dianlight/srat/converter/dto_to_dbom_conv_gen.go:199.28,201.45 2 0
github.com/dianlight/srat/converter/dto_to_dbom_conv_gen.go:201.45,203.4 1 0
github.com/dianlight/srat/converter/dto_to_dbom_conv_gen.go:205.2,205.12 1 0
github.com/dianlight/srat/converter/dto_to_dbom_conv_gen.go:207.148,208.23 1 1
github.com/dianlight/srat/converter/dto_to_dbom_conv_gen.go:208.23,210.3 1 1
github.com/dianlight/srat/converter/dto_to_dbom_conv_gen.go:211.2,211.28 1 1
github.com/dianlight/srat/converter/dto_to_dbom_conv_gen.go:211.28,213.3 1 1
github.com/dianlight/srat/converter/dto_to_dbom_conv_gen.go:214.2,215.31 2 1
github.com/dianlight/srat/converter/dto_to_dbom_conv_gen.go:215.31,217.3 1 0
github.com/dianlight/srat/converter/dto_to_dbom_conv_gen.go:218.2,218.30 1 1
github.com/dianlight/srat/converter/dto_to_dbom_conv_gen.go:218.30,220.3 1 0
github.com/dianlight/srat/converter/dto_to_dbom_conv_gen.go:221.2,221.27 1 1
github.com/dianlight/srat/converter/dto_to_dbom_conv_gen.go:221.27,223.3 1 0
github.com/dianlight/srat/converter/dto_to_dbom_conv_gen.go:224.2,224.38 1 1
github.com/dianlight/srat/converter/dto_to_dbom_conv_gen.go:224.38,226.3 1 0
github.com/dianlight/srat/converter/dto_to_dbom_conv_gen.go:227.2,227.24 1 1
github.com/dianlight/srat/converter/dto_to_dbom_conv_gen.go:227.24,229.3 1 0
github.com/dianlight/srat/converter/dto_to_dbom_conv_gen.go:230.2,231.34 2 1
github.com/dianlight/srat/converter/dto_to_dbom_conv_gen.go:231.34,233.3 1 1
github.com/dianlight/srat/converter/dto_to_dbom_conv_gen.go:234.2,234.20 1 1
github.com/dianlight/srat/converter/dto_to_dbom_conv_gen.go:234.20,236.3 1 1
github.com/dianlight/srat/converter/dto_to_dbom_conv_gen.go:237.2,237.12 1 1
github.com/dianlight/srat/converter/dto_to_dbom_conv_gen.go:239.127,241.19 2 0
github.com/dianlight/srat/converter/dto_to_dbom_conv_gen.go:241.19,243.23 2 0
github.com/dianlight/srat/converter/dto_to_dbom_conv_gen.go:243.23,245.40 2 0
github.com/dianlight/srat/converter/dto_to_dbom_conv_gen.go:245.40,247.19 2 0
github.com/dianlight/srat/converter/dto_to_dbom_conv_gen.go:247.19,249.6 1 0
github.com/dianlight/srat/converter/dto_to_dbom_conv_gen.go:250.5,250.49 1 0
github.com/dianlight/srat/converter/dto_to_dbom_conv_gen.go:253.3,253.50 1 0
github.com/dianlight/srat/converter/dto_to_dbom_conv_gen.go:255.2,255.36 1 0
github.com/dianlight/srat/converter/dto_to_dbom_conv_gen.go:257.97,258.27 1 1
github.com/dianlight/srat/converter/dto_to_dbom_conv_gen.go:258.27,260.3 1 1
github.com/dianlight/srat/converter/dto_to_dbom_conv_gen.go:261.2,261.27 1 1
github.com/dianlight/srat/converter/dto_to_dbom_conv_gen.go:261.27,263.3 1 0
github.com/dianlight/srat/converter/dto_to_dbom_conv_gen.go:264.2,264.29 1 1
github.com/dianlight/srat/converter/dto_to_dbom_conv_gen.go:264.29,266.3 1 0
github.com/dianlight/srat/converter/dto_to_dbom_conv_gen.go:267.2,267.28 1 1
github.com/dianlight/srat/converter/dto_to_dbom_conv_gen.go:267.28,269.45 2 0
github.com/dianlight/srat/converter/dto_to_dbom_conv_gen.go:269.45,271.4 1 0
github.com/dianlight/srat/converter/dto_to_dbom_conv_gen.go:273.2,273.28 1 1
github.com/dianlight/srat/converter/dto_to_dbom_conv_gen.go:273.28,275.45 2 0
github.com/dianlight/srat/converter/dto_to_dbom_conv_gen.go:275.45,277.4 1 0
github.com/dianlight/srat/converter/dto_to_dbom_conv_gen.go:279.2,279.12 1 1
github.com/dianlight/srat/converter/dto_to_dbom_conv_gen.go:281.110,283.19 2 1
github.com/dianlight/srat/converter/dto_to_dbom_conv_gen.go:283.19,285.36 2 0
github.com/dianlight/srat/converter/dto_to_dbom_conv_gen.go:285.36,287.4 1 0
github.com/dianlight/srat/converter/dto_to_dbom_conv_gen.go:289.2,289.19 1 1
github.com/dianlight/srat/converter/dto_to_dbom_conv_gen.go:291.118,293.19 2 0
github.com/dianlight/srat/converter/dto_to_dbom_conv_gen.go:293.19,295.36 2 0
github.com/dianlight/srat/converter/dto_to_dbom_conv_gen.go:295.36,297.18 2 0
github.com/dianlight/srat/converter/dto_to_dbom_conv_gen.go:297.18,299.5 1 0
github.com/dianlight/srat/converter/dto_to_dbom_conv_gen.go:300.4,300.35 1 0
github.com/dianlight/srat/converter/dto_to_dbom_conv_gen.go:303.2,303.27 1 0
github.com/dianlight/srat/converter/dto_to_dbom_conv_gen.go:305.130,307.16 2 0
github.com/dianlight/srat/converter/dto_to_dbom_conv_gen.go:307.16,309.3 1 0
github.com/dianlight/srat/converter/dto_to_dbom_conv_gen.go:310.2,310.32 1 0
github.com/dianlight/srat/converter/dto_to_dbom_conv_gen.go:312.89,317.28 5 1
github.com/dianlight/srat/converter/dto_to_dbom_conv_gen.go:317.28,319.45 2 0
github.com/dianlight/srat/converter/dto_to_dbom_conv_gen.go:319.45,321.4 1 0
github.com/dianlight/srat/converter/dto_to_dbom_conv_gen.go:323.2,323.28 1 1
github.com/dianlight/srat/converter/dto_to_dbom_conv_gen.go:323.28,325.45 2 0
github.com/dianlight/srat/converter/dto_to_dbom_conv_gen.go:325.45,327.4 1 0
github.com/dianlight/srat/converter/dto_to_dbom_conv_gen.go:329.2,329.16 1 1
github.com/dianlight/srat/converter/dto_to_dbom_conv_gen.go:331.105,337.2 5 1
github.com/dianlight/srat/converter/dto_to_dbom_conv_gen.go:338.109,340.19 2 1
github.com/dianlight/srat/converter/dto_to_dbom_conv_gen.go:340.19,342.36 2 1
github.com/dianlight/srat/converter/dto_to_dbom_conv_gen.go:342.36,344.4 1 1
github.com/dianlight/srat/converter/dto_to_dbom_conv_gen.go:346.2,346.26 1 1
github.com/dianlight/srat/converter/dto_to_dbom_conv_gen.go:348.119,352.25 4 0
github.com/dianlight/srat/converter/dto_to_dbom_conv_gen.go:352.25,354.42 2 0
github.com/dianlight/srat/converter/dto_to_dbom_conv_gen.go:354.42,356.4 1 0
github.com/dianlight/srat/converter/dto_to_dbom_conv_gen.go:358.2,358.27 1 0
github.com/dianlight/srat/converter/dto_to_dbom_conv_gen.go:358.27,360.44 2 0
github.com/dianlight/srat/converter/dto_to_dbom_conv_gen.go:360.44,362.4 1 0
github.com/dianlight/srat/converter/dto_to_dbom_conv_gen.go:364.2,375.16 12 0
github.com/dianlight/srat/converter/dto_to_dbom_conv_gen.go:375.16,377.3 1 0
github.com/dianlight/srat/converter/dto_to_dbom_conv_gen.go:378.2,379.31 2 0
github.com/dianlight/srat/converter/dto_to_dbom_conv_gen.go:381.108,387.2 5 0
github.com/dianlight/srat/converter/dto_to_dbom_conv_gen.go:388.121,392.26 4 0
github.com/dianlight/srat/converter/dto_to_dbom_conv_gen.go:392.26,394.3 1 0
github.com/dianlight/srat/converter/dto_to_dbom_conv_gen.go:395.2,398.26 4 0
github.com/dianlight/srat/converter/dto_to_dbom_conv_gen.go:398.26,400.43 2 0
github.com/dianlight/srat/converter/dto_to_dbom_conv_gen.go:400.43,402.18 2 0
github.com/dianlight/srat/converter/dto_to_dbom_conv_gen.go:402.18,404.5 1 0
github.com/dianlight/srat/converter/dto_to_dbom_conv_gen.go:405.4,405.52 1 0
github.com/dianlight/srat/converter/dto_to_dbom_conv_gen.go:408.2,408.32 1 0
github.com/dianlight/srat/converter/dto_to_dbom_conv_gen.go:410.121,421.16 11 0
github.com/dianlight/srat/converter/dto_to_dbom_conv_gen.go:421.16,423.3 1 0
github.com/dianlight/srat/converter/dto_to_dbom_conv_gen.go:424.2,426.16 3 0
github.com/dianlight/srat/converter/dto_to_dbom_conv_gen.go:426.16,428.3 1 0
github.com/dianlight/srat/converter/dto_to_dbom_conv_gen.go:429.2,432.16 4 0
github.com/dianlight/srat/converter/dto_to_dbom_conv_gen.go:432.16,434.3 1 0
github.com/dianlight/srat/converter/dto_to_dbom_conv_gen.go:435.2,437.16 3 0
github.com/dianlight/srat/converter/dto_to_dbom_conv_gen.go:437.16,439.3 1 0
github.com/dianlight/srat/converter/dto_to_dbom_conv_gen.go:440.2,444.26 5 0
github.com/dianlight/srat/converter/dto_to_dbom_conv_gen.go:444.26,446.43 2 0
github.com/dianlight/srat/converter/dto_to_dbom_conv_gen.go:446.43,448.18 2 0
github.com/dianlight/srat/converter/dto_to_dbom_conv_gen.go:448.18,450.5 1 0
github.com/dianlight/srat/converter/dto_to_dbom_conv_gen.go:451.4,451.51 1 0
github.com/dianlight/srat/converter/dto_to_dbom_conv_gen.go:454.2,454.31 1 0
github.com/dianlight/srat/converter/dto_to_dbom_conv_gen.go:456.122,458.19 2 1
github.com/dianlight/srat/converter/dto_to_dbom_conv_gen.go:458.19,460.17 2 0
github.com/dianlight/srat/converter/dto_to_dbom_conv_gen.go:460.17,462.4 1 0
github.com/dianlight/srat/converter/dto_to_dbom_conv_gen.go:463.3,463.34 1 0
github.com/dianlight/srat/converter/dto_to_dbom_conv_gen.go:465.2,465.28 1 1
github.com/dianlight/srat/converter/dto_to_dbom_conv_gen.go:467.113,469.19 2 1
github.com/dianlight/srat/converter/dto_to_dbom_conv_gen.go:469.19,472.3 2 1
github.com/dianlight/srat/converter/dto_to_dbom_conv_gen.go:473.2,473.27 1 1
github.com/dianlight/srat/converter/dto_to_dbom_conv_gen.go:475.130,477.19 2 1
github.com/dianlight/srat/converter/dto_to_dbom_conv_gen.go:477.19,479.17 2 0
github.com/dianlight/srat/converter/dto_to_dbom_conv_gen.go:479.17,481.4 1 0
github.com/dianlight/srat/converter/dto_to_dbom_conv_gen.go:482.3,482.43 1 0
github.com/dianlight/srat/converter/dto_to_dbom_conv_gen.go:484.2,484.32 1 1
github.com/dianlight/srat/converter/dto_to_dbom_conv_gen.go:486.119,490.25 4 1
github.com/dianlight/srat/converter/dto_to_dbom_conv_gen.go:490.25,492.42 2 0
github.com/dianlight/srat/converter/dto_to_dbom_conv_gen.go:492.42,494.18 2 0
github.com/dianlight/srat/converter/dto_to_dbom_conv_gen.go:494.18,496.5 1 0
github.com/dianlight/srat/converter/dto_to_dbom_conv_gen.go:497.4,497.46 1 0
github.com/dianlight/srat/converter/dto_to_dbom_conv_gen.go:500.2,500.27 1 1
github.com/dianlight/srat/converter/dto_to_dbom_conv_gen.go:500.27,502.44 2 0
github.com/dianlight/srat/converter/dto_to_dbom_conv_gen.go:502.44,504.18 2 0
github.com/dianlight/srat/converter/dto_to_dbom_conv_gen.go:504.18,506.5 1 0
github.com/dianlight/srat/converter/dto_to_dbom_conv_gen.go:507.4,507.49 1 0
github.com/dianlight/srat/converter/dto_to_dbom_conv_gen.go:510.2,511.31 2 1
github.com/dianlight/srat/converter/dto_to_dbom_conv_gen.go:511.31,513.3 1 0
github.com/dianlight/srat/converter/dto_to_dbom_conv_gen.go:514.2,514.30 1 1
github.com/dianlight/srat/converter/dto_to_dbom_conv_gen.go:514.30,516.3 1 0
github.com/dianlight/srat/converter/dto_to_dbom_conv_gen.go:517.2,517.27 1 1
github.com/dianlight/srat/converter/dto_to_dbom_conv_gen.go:517.27,519.3 1 0
github.com/dianlight/srat/converter/dto_to_dbom_conv_gen.go:520.2,520.38 1 1
github.com/dianlight/srat/converter/dto_to_dbom_conv_gen.go:520.38,522.3 1 0
github.com/dianlight/srat/converter/dto_to_dbom_conv_gen.go:523.2,525.34 3 1
github.com/dianlight/srat/converter/dto_to_dbom_conv_gen.go:525.34,527.3 1 0
github.com/dianlight/srat/converter/dto_to_dbom_conv_gen.go:528.2,528.20 1 1
github.com/dianlight/srat/converter/dto_to_dbom_conv_gen.go:528.20,530.3 1 0
github.com/dianlight/srat/converter/dto_to_dbom_conv_gen.go:531.2,532.16 2 1
github.com/dianlight/srat/converter/dto_to_dbom_conv_gen.go:532.16,534.3 1 0
github.com/dianlight/srat/converter/dto_to_dbom_conv_gen.go:535.2,536.31 2 1
github.com/dianlight/srat/converter/dto_to_dbom_conv_gen.go:538.110,540.19 2 1
github.com/dianlight/srat/converter/dto_to_dbom_conv_gen.go:540.19,542.36 2 0
github.com/dianlight/srat/converter/dto_to_dbom_conv_gen.go:542.36,544.4 1 0
github.com/dianlight/srat/converter/dto_to_dbom_conv_gen.go:546.2,546.27 1 1
github.com/dianlight/srat/converter/dto_to_dbom_conv_gen.go:548.91,553.28 5 0
github.com/dianlight/srat/converter/dto_to_dbom_conv_gen.go:553.28,555.45 2 0
github.com/dianlight/srat/converter/dto_to_dbom_conv_gen.go:555.45,557.4 1 0
github.com/dianlight/srat/converter/dto_to_dbom_conv_gen.go:559.2,559.28 1 0
github.com/dianlight/srat/converter/dto_to_dbom_conv_gen.go:559.28,561.45 2 0
github.com/dianlight/srat/converter/dto_to_dbom_conv_gen.go:561.45,563.4 1 0
github.com/dianlight/srat/converter/dto_to_dbom_conv_gen.go:565.2,565.27 1 0
github.com/dianlight/srat/converter/github_to_dto_conv_gen.go:13.113,14.19 1 0
github.com/dianlight/srat/converter/github_to_dto_conv_gen.go:14.19,15.25 1 0
github.com/dianlight/srat/converter/github_to_dto_conv_gen.go:15.25,17.4 1 0
github.com/dianlight/srat/converter/github_to_dto_conv_gen.go:18.3,18.25 1 0
github.com/dianlight/srat/converter/github_to_dto_conv_gen.go:18.25,20.4 1 0
github.com/dianlight/srat/converter/github_to_dto_conv_gen.go:21.3,21.23 1 0
github.com/dianlight/srat/converter/github_to_dto_conv_gen.go:21.23,23.4 1 0
github.com/dianlight/srat/converter/github_to_dto_conv_gen.go:24.3,24.39 1 0
github.com/dianlight/srat/converter/github_to_dto_conv_gen.go:24.39,26.4 1 0
github.com/dianlight/srat/converter/github_to_dto_conv_gen.go:28.2,28.12 1 0
github.com/dianlight/srat/converter/github_to_dto_conv_gen.go:30.125,31.19 1 0
github.com/dianlight/srat/converter/github_to_dto_conv_gen.go:31.19,33.3 1 0
github.com/dianlight/srat/converter/github_to_dto_conv_gen.go:34.2,34.12 1 0
github.com/dianlight/srat/converter/goverter.go:12.64,14.2 1 1
github.com/dianlight/srat/converter/goverter.go:19.52,21.16 2 1
github.com/dianlight/srat/converter/goverter.go:21.16,22.25 1 1
github.com/dianlight/srat/converter/goverter.go:22.25,25.4 1 1
github.com/dianlight/srat/converter/goverter.go:27.3,27.66 1 1
github.com/dianlight/srat/converter/goverter.go:31.2,31.25 1 1
github.com/dianlight/srat/converter/ha_hardware_to_dto.go:46.85,49.64 2 0
github.com/dianlight/srat/converter/ha_hardware_to_dto.go:49.64,51.3 1 0
github.com/dianlight/srat/converter/ha_hardware_to_dto.go:53.2,55.40 2 0
github.com/dianlight/srat/converter/ha_hardware_to_dto.go:55.40,65.3 1 0
github.com/dianlight/srat/converter/ha_hardware_to_dto.go:67.2,67.25 1 0
github.com/dianlight/srat/converter/ha_hardware_to_dto.go:72.51,73.106 1 0
github.com/dianlight/srat/converter/ha_hardware_to_dto.go:73.106,75.3 1 0
github.com/dianlight/srat/converter/ha_hardware_to_dto.go:77.2,80.23 4 0
github.com/dianlight/srat/converter/ha_hardware_to_dto.go:83.44,84.19 1 0
github.com/dianlight/srat/converter/ha_hardware_to_dto.go:84.19,86.3 1 0
github.com/dianlight/srat/converter/ha_hardware_to_dto.go:87.2,88.23 2 0
github.com/dianlight/srat/converter/ha_hardware_to_dto_conv_gen.go:13.90,14.34 1 0
github.com/dianlight/srat/converter/ha_hardware_to_dto_conv_gen.go:14.34,16.3 1 0
github.com/dianlight/srat/converter/ha_hardware_to_dto_conv_gen.go:17.2,17.33 1 0
github.com/dianlight/srat/converter/ha_hardware_to_dto_conv_gen.go:17.33,19.3 1 0
github.com/dianlight/srat/converter/ha_hardware_to_dto_conv_gen.go:20.2,20.29 1 0
github.com/dianlight/srat/converter/ha_hardware_to_dto_conv_gen.go:20.29,22.3 1 0
github.com/dianlight/srat/converter/ha_hardware_to_dto_conv_gen.go:23.2,23.31 1 0
github.com/dianlight/srat/converter/ha_hardware_to_dto_conv_gen.go:23.31,25.35 2 0
github.com/dianlight/srat/converter/ha_hardware_to_dto_conv_gen.go:25.35,27.52 2 0
github.com/dianlight/srat/converter/ha_hardware_to_dto_conv_gen.go:27.52,29.5 1 0
github.com/dianlight/srat/converter/ha_hardware_to_dto_conv_gen.go:31.3,31.40 1 0
github.com/dianlight/srat/converter/ha_hardware_to_dto_conv_gen.go:33.2,33.22 1 0
github.com/dianlight/srat/converter/ha_hardware_to_dto_conv_gen.go:33.22,35.3 1 0
github.com/dianlight/srat/converter/ha_hardware_to_dto_conv_gen.go:36.2,36.25 1 0
github.com/dianlight/srat/converter/ha_hardware_to_dto_conv_gen.go:36.25,38.3 1 0
github.com/dianlight/srat/converter/ha_hardware_to_dto_conv_gen.go:39.2,39.29 1 0
github.com/dianlight/srat/converter/ha_hardware_to_dto_conv_gen.go:39.29,41.3 1 0
github.com/dianlight/srat/converter/ha_hardware_to_dto_conv_gen.go:42.2,42.28 1 0
github.com/dianlight/srat/converter/ha_hardware_to_dto_conv_gen.go:42.28,44.3 1 0
github.com/dianlight/srat/converter/ha_hardware_to_dto_conv_gen.go:45.2,45.24 1 0
github.com/dianlight/srat/converter/ha_hardware_to_dto_conv_gen.go:45.24,47.3 1 0
github.com/dianlight/srat/converter/ha_hardware_to_dto_conv_gen.go:48.2,48.26 1 0
github.com/dianlight/srat/converter/ha_hardware_to_dto_conv_gen.go:48.26,50.3 1 0
github.com/dianlight/srat/converter/ha_hardware_to_dto_conv_gen.go:51.2,51.24 1 0
github.com/dianlight/srat/converter/ha_hardware_to_dto_conv_gen.go:51.24,53.3 1 0
github.com/dianlight/srat/converter/ha_hardware_to_dto_conv_gen.go:54.2,54.26 1 0
github.com/dianlight/srat/converter/ha_hardware_to_dto_conv_gen.go:54.26,56.3 1 0
github.com/dianlight/srat/converter/ha_hardware_to_dto_conv_gen.go:57.2,57.12 1 0
github.com/dianlight/srat/converter/ha_hardware_to_dto_conv_gen.go:59.110,60.26 1 0
github.com/dianlight/srat/converter/ha_hardware_to_dto_conv_gen.go:60.26,63.3 2 0
github.com/dianlight/srat/converter/ha_hardware_to_dto_conv_gen.go:64.2,64.26 1 0
github.com/dianlight/srat/converter/ha_hardware_to_dto_conv_gen.go:64.26,66.3 1 0
github.com/dianlight/srat/converter/ha_hardware_to_dto_conv_gen.go:67.2,67.22 1 0
github.com/dianlight/srat/converter/ha_hardware_to_dto_conv_gen.go:67.22,70.3 2 0
github.com/dianlight/srat/converter/ha_hardware_to_dto_conv_gen.go:71.2,71.24 1 0
github.com/dianlight/srat/converter/ha_hardware_to_dto_conv_gen.go:71.24,74.3 2 0
github.com/dianlight/srat/converter/ha_hardware_to_dto_conv_gen.go:75.2,75.24 1 0
github.com/dianlight/srat/converter/ha_hardware_to_dto_conv_gen.go:75.24,78.3 2 0
github.com/dianlight/srat/converter/ha_hardware_to_dto_conv_gen.go:79.2,79.26 1 0
github.com/dianlight/srat/converter/ha_hardware_to_dto_conv_gen.go:79.26,82.3 2 0
github.com/dianlight/srat/converter/ha_hardware_to_dto_conv_gen.go:83.2,83.39 1 0
github.com/dianlight/srat/converter/ha_hardware_to_dto_conv_gen.go:83.39,85.3 1 0
github.com/dianlight/srat/converter/ha_hardware_to_dto_conv_gen.go:86.2,86.12 1 0
github.com/dianlight/srat/converter/ha_hardware_to_dto_conv_gen.go:88.95,90.26 2 0
github.com/dianlight/srat/converter/ha_hardware_to_dto_conv_gen.go:90.26,93.3 2 0
github.com/dianlight/srat/converter/ha_hardware_to_dto_conv_gen.go:94.2,95.22 2 0
github.com/dianlight/srat/converter/ha_hardware_to_dto_conv_gen.go:95.22,98.3 2 0
github.com/dianlight/srat/converter/ha_hardware_to_dto_conv_gen.go:99.2,99.24 1 0
github.com/dianlight/srat/converter/ha_hardware_to_dto_conv_gen.go:99.24,102.3 2 0
github.com/dianlight/srat/converter/ha_hardware_to_dto_conv_gen.go:103.2,103.24 1 0
github.com/dianlight/srat/converter/ha_hardware_to_dto_conv_gen.go:103.24,106.3 2 0
github.com/dianlight/srat/converter/ha_hardware_to_dto_conv_gen.go:107.2,107.26 1 0
github.com/dianlight/srat/converter/ha_hardware_to_dto_conv_gen.go:107.26,110.3 2 0
github.com/dianlight/srat/converter/ha_hardware_to_dto_conv_gen.go:111.2,112.21 2 0
github.com/dianlight/srat/converter/ha_supervisor_to_dbom.go:26.74,30.2 2 0
github.com/dianlight/srat/converter/ha_supervisor_to_dbom_conv_gen.go:13.109,14.23 1 0
github.com/dianlight/srat/converter/ha_supervisor_to_dbom_conv_gen.go:14.23,17.3 2 0
github.com/dianlight/srat/converter/ha_supervisor_to_dbom_conv_gen.go:18.2,18.23 1 0
github.com/dianlight/srat/converter/ha_supervisor_to_dbom_conv_gen.go:18.23,21.3 2 0
github.com/dianlight/srat/converter/ha_supervisor_to_dbom_conv_gen.go:22.2,22.24 1 0
github.com/dianlight/srat/converter/ha_supervisor_to_dbom_conv_gen.go:22.24,24.3 1 0
github.com/dianlight/srat/converter/ha_supervisor_to_dbom_conv_gen.go:25.2,25.12 1 0
github.com/dianlight/srat/converter/ha_supervisor_to_dto_conv_gen.go:13.109,14.23 1 0
github.com/dianlight/srat/converter/ha_supervisor_to_dto_conv_gen.go:14.23,17.3 2 0
github.com/dianlight/srat/converter/ha_supervisor_to_dto_conv_gen.go:18.2,18.23 1 0
github.com/dianlight/srat/converter/ha_supervisor_to_dto_conv_gen.go:18.23,21.3 2 0
github.com/dianlight/srat/converter/ha_supervisor_to_dto_conv_gen.go:22.2,22.24 1 0
github.com/dianlight/srat/converter/ha_supervisor_to_dto_conv_gen.go:22.24,24.3 1 0
github.com/dianlight/srat/converter/ha_supervisor_to_dto_conv_gen.go:25.2,25.12 1 0
github.com/dianlight/srat/converter/issue_converter.go:23.45,25.2 1 0
github.com/dianlight/srat/converter/issue_to_dto_conv_gen.go:13.73,15.19 2 0
github.com/dianlight/srat/converter/issue_to_dto_conv_gen.go:15.19,27.3 11 0
github.com/dianlight/srat/converter/issue_to_dto_conv_gen.go:28.2,28.19 1 0
github.com/dianlight/srat/converter/issue_to_dto_conv_gen.go:30.72,32.19 2 0
github.com/dianlight/srat/converter/issue_to_dto_conv_gen.go:32.19,44.3 11 0
github.com/dianlight/srat/converter/issue_to_dto_conv_gen.go:45.2,45.18 1 0
github.com/dianlight/srat/converter/issue_to_dto_conv_gen.go:47.80,49.19 2 0
github.com/dianlight/srat/converter/issue_to_dto_conv_gen.go:49.19,51.36 2 0
github.com/dianlight/srat/converter/issue_to_dto_conv_gen.go:51.36,53.4 1 0
github.com/dianlight/srat/converter/issue_to_dto_conv_gen.go:55.2,55.22 1 0
github.com/dianlight/srat/converter/mount_to_dbom.go:29.68,34.2 4 0
github.com/dianlight/srat/converter/mount_to_dbom.go:36.54,39.16 3 0
github.com/dianlight/srat/converter/mount_to_dbom.go:39.16,40.33 1 0
github.com/dianlight/srat/converter/mount_to_dbom.go:40.33,41.40 1 0
github.com/dianlight/srat/converter/mount_to_dbom.go:41.40,44.19 3 0
github.com/dianlight/srat/converter/mount_to_dbom.go:44.19,45.14 1 0
github.com/dianlight/srat/converter/mount_to_dbom.go:48.5,48.49 1 0
github.com/dianlight/srat/converter/mount_to_dbom.go:48.49,50.11 2 0
github.com/dianlight/srat/converter/mount_to_dbom.go:55.2,55.22 1 0
github.com/dianlight/srat/converter/mount_to_dbom_conv_gen.go:13.110,14.19 1 0
github.com/dianlight/srat/converter/mount_to_dbom_conv_gen.go:14.19,15.24 1 0
github.com/dianlight/srat/converter/mount_to_dbom_conv_gen.go:15.24,17.4 1 0
github.com/dianlight/srat/converter/mount_to_dbom_conv_gen.go:18.3,18.26 1 0
github.com/dianlight/srat/converter/mount_to_dbom_conv_gen.go:18.26,20.4 1 0
github.com/dianlight/srat/converter/mount_to_dbom_conv_gen.go:21.3,21.26 1 0
github.com/dianlight/srat/converter/mount_to_dbom_conv_gen.go:21.26,23.18 2 0
github.com/dianlight/srat/converter/mount_to_dbom_conv_gen.go:23.18,25.5 1 0
github.com/dianlight/srat/converter/mount_to_dbom_conv_gen.go:26.4,26.29 1 0
github.com/dianlight/srat/converter/mount_to_dbom_conv_gen.go:28.3,28.26 1 0
github.com/dianlight/srat/converter/mount_to_dbom_conv_gen.go:28.26,30.4 1 0
github.com/dianlight/srat/converter/mount_to_dbom_conv_gen.go:31.3,31.24 1 0
github.com/dianlight/srat/converter/mount_to_dbom_conv_gen.go:31.24,33.18 2 0
github.com/dianlight/srat/converter/mount_to_dbom_conv_gen.go:33.18,35.5 1 0
github.com/dianlight/srat/converter/mount_to_dbom_conv_gen.go:36.4,36.36 1 0
github.com/dianlight/srat/converter/mount_to_dbom_conv_gen.go:39.2,39.12 1 0
github.com/dianlight/srat/converter/process_to_dto.go:26.51,28.2 1 0
github.com/dianlight/srat/converter/process_to_dto.go:30.42,31.28 1 0
github.com/dianlight/srat/converter/process_to_dto.go:32.31,33.21 1 0
github.com/dianlight/srat/converter/process_to_dto.go:34.28,35.21 1 0
github.com/dianlight/srat/converter/process_to_dto.go:37.2,37.15 1 0
github.com/dianlight/srat/converter/process_to_dto_conv_gen.go:13.109,14.19 1 0
github.com/dianlight/srat/converter/process_to_dto_conv_gen.go:14.19,15.22 1 0
github.com/dianlight/srat/converter/process_to_dto_conv_gen.go:15.22,17.4 1 0
github.com/dianlight/srat/converter/process_to_dto_conv_gen.go:18.3,19.17 2 0
github.com/dianlight/srat/converter/process_to_dto_conv_gen.go:19.17,21.4 1 0
github.com/dianlight/srat/converter/process_to_dto_conv_gen.go:22.3,22.20 1 0
github.com/dianlight/srat/converter/process_to_dto_conv_gen.go:22.20,24.4 1 0
github.com/dianlight/srat/converter/process_to_dto_conv_gen.go:25.3,26.17 2 0
github.com/dianlight/srat/converter/process_to_dto_conv_gen.go:26.17,28.4 1 0
github.com/dianlight/srat/converter/process_to_dto_conv_gen.go:29.3,29.18 1 0
github.com/dianlight/srat/converter/process_to_dto_conv_gen.go:29.18,31.18 2 0
github.com/dianlight/srat/converter/process_to_dto_conv_gen.go:31.18,33.5 1 0
github.com/dianlight/srat/converter/process_to_dto_conv_gen.go:34.4,34.32 1 0
github.com/dianlight/srat/converter/process_to_dto_conv_gen.go:36.3,37.17 2 0
github.com/dianlight/srat/converter/process_to_dto_conv_gen.go:37.17,39.4 1 0
github.com/dianlight/srat/converter/process_to_dto_conv_gen.go:40.3,40.20 1 0
github.com/dianlight/srat/converter/process_to_dto_conv_gen.go:40.20,42.4 1 0
github.com/dianlight/srat/converter/process_to_dto_conv_gen.go:43.3,44.17 2 0
github.com/dianlight/srat/converter/process_to_dto_conv_gen.go:44.17,46.4 1 0
github.com/dianlight/srat/converter/process_to_dto_conv_gen.go:47.3,47.20 1 0
github.com/dianlight/srat/converter/process_to_dto_conv_gen.go:47.20,49.4 1 0
github.com/dianlight/srat/converter/process_to_dto_conv_gen.go:50.3,51.17 2 0
github.com/dianlight/srat/converter/process_to_dto_conv_gen.go:51.17,53.4 1 0
github.com/dianlight/srat/converter/process_to_dto_conv_gen.go:54.3,54.38 1 0
github.com/dianlight/srat/converter/process_to_dto_conv_gen.go:54.38,56.18 2 0
github.com/dianlight/srat/converter/process_to_dto_conv_gen.go:56.18,58.5 1 0
github.com/dianlight/srat/converter/process_to_dto_conv_gen.go:59.4,59.27 1 0
github.com/dianlight/srat/converter/process_to_dto_conv_gen.go:61.3,62.17 2 0
github.com/dianlight/srat/converter/process_to_dto_conv_gen.go:62.17,64.4 1 0
github.com/dianlight/srat/converter/process_to_dto_conv_gen.go:65.3,65.35 1 0
github.com/dianlight/srat/converter/process_to_dto_conv_gen.go:65.35,67.18 2 0
github.com/dianlight/srat/converter/process_to_dto_conv_gen.go:67.18,69.5 1 0
github.com/dianlight/srat/converter/process_to_dto_conv_gen.go:70.4,70.30 1 0
github.com/dianlight/srat/converter/process_to_dto_conv_gen.go:72.3,73.17 2 0
github.com/dianlight/srat/converter/process_to_dto_conv_gen.go:73.17,75.4 1 0
github.com/dianlight/srat/converter/process_to_dto_conv_gen.go:76.3,76.24 1 0
github.com/dianlight/srat/converter/process_to_dto_conv_gen.go:76.24,78.41 2 0
github.com/dianlight/srat/converter/process_to_dto_conv_gen.go:78.41,80.5 1 0
github.com/dianlight/srat/converter/process_to_dto_conv_gen.go:82.3,83.17 2 0
github.com/dianlight/srat/converter/process_to_dto_conv_gen.go:83.17,85.4 1 0
github.com/dianlight/srat/converter/process_to_dto_conv_gen.go:86.3,86.21 1 0
github.com/dianlight/srat/converter/process_to_dto_conv_gen.go:86.21,88.4 1 0
github.com/dianlight/srat/converter/process_to_dto_conv_gen.go:90.2,90.12 1 0
